<?xml version="1.0" encoding="UTF-8"?>
<!-- Generated by org.testng.reporters.JUnitReportReporter -->
<testsuite skipped="4" hostname="LAPTOP-JEI8AS0O" name="com.gridsel.SecondCase" tests="9" failures="0" timestamp="10 Jul 2018 23:10:16 GMT" time="45.632" errors="1">
  <testcase name="f1" time="0.005" classname="com.gridsel.SecondCase"/>
  <testcase name="f4" time="0.000" classname="com.gridsel.SecondCase"/>
  <testcase name="beforeClass" time="45.623" classname="com.gridsel.SecondCase">
    <error type="org.openqa.selenium.WebDriverException" message="Unable to connect to host 127.0.0.1 on port 7055 after 45000 ms. Firefox console output:
BUG	Calling bootstrap method startup on followonsearch@mozilla.com version 0.9.7
1531264171477	addons.xpi	DEBUG	Registering manifest for C:\Program Files\Mozilla Firefox\browser\features\formautofill@mozilla.org.xpi
1531264171477	addons.xpi	DEBUG	Calling bootstrap method startup on formautofill@mozilla.org version 1.0
1531264171477	addons.xpi	DEBUG	Registering manifest for C:\Program Files\Mozilla Firefox\browser\features\onboarding@mozilla.org.xpi
1531264171478	addons.xpi	DEBUG	Calling bootstrap method startup on onboarding@mozilla.org version 1.0
1531264171478	addons.xpi	DEBUG	Registering manifest for C:\Program Files\Mozilla Firefox\browser\features\screenshots@mozilla.org.xpi
1531264171479	addons.xpi	DEBUG	Calling bootstrap method startup on screenshots@mozilla.org version 32.1.0
1531264171479	addons.xpi	DEBUG	Registering manifest for C:\Program Files\Mozilla Firefox\browser\features\webcompat-reporter@mozilla.org.xpi
1531264171479	addons.xpi	DEBUG	Calling bootstrap method startup on webcompat-reporter@mozilla.org version 1.0.0
1531264171479	addons.xpi	DEBUG	Registering manifest for C:\Program Files\Mozilla Firefox\browser\features\webcompat@mozilla.org.xpi
1531264171480	addons.xpi	DEBUG	Calling bootstrap method startup on webcompat@mozilla.org version 2.0
1531264171482	addons.manager	DEBUG	Registering shutdown blocker for XPIProvider
1531264171482	addons.manager	DEBUG	Provider finished startup: XPIProvider
1531264171482	addons.manager	DEBUG	Starting provider: LightweightThemeManager
1531264171482	addons.manager	DEBUG	Registering shutdown blocker for LightweightThemeManager
1531264171482	addons.manager	DEBUG	Provider finished startup: LightweightThemeManager
1531264171482	addons.manager	DEBUG	Starting provider: GMPProvider
1531264171485	addons.manager	DEBUG	Registering shutdown blocker for GMPProvider
1531264171485	addons.manager	DEBUG	Provider finished startup: GMPProvider
1531264171485	addons.manager	DEBUG	Starting provider: PluginProvider
1531264171485	addons.manager	DEBUG	Registering shutdown blocker for PluginProvider
1531264171485	addons.manager	DEBUG	Provider finished startup: PluginProvider
1531264171486	addons.manager	DEBUG	Completed startup sequence
Unable to read VR Path Registry from C:\Users\fakhr\AppData\Local\openvr\openvrpaths.vrpath
Unable to read VR Path Registry from C:\Users\fakhr\AppData\Local\openvr\openvrpaths.vrpath
1531264171863	addons.repository	DEBUG	No addons.json found.
Unable to read VR Path Registry from C:\Users\fakhr\AppData\Local\openvr\openvrpaths.vrpath
Unable to read VR Path Registry from C:\Users\fakhr\AppData\Local\openvr\openvrpaths.vrpath
Unable to read VR Path Registry from C:\Users\fakhr\AppData\Local\openvr\openvrpaths.vrpath
1531264172442	addons.xpi	DEBUG	Ignoring file entry whose name is not a valid add-on ID: C:\Users\fakhr\AppData\Local\Temp\anonymous8070827577879533242webdriver-profile\extensions\webdriver-staging
1531264172443	addons.xpi	DEBUG	Existing add-on activity-stream@mozilla.org in app-system-defaults
1531264172444	addons.xpi	DEBUG	Existing add-on aushelper@mozilla.org in app-system-defaults
1531264172444	addons.xpi	DEBUG	Existing add-on firefox@getpocket.com in app-system-defaults
1531264172444	addons.xpi	DEBUG	Existing add-on followonsearch@mozilla.com in app-system-defaults
1531264172444	addons.xpi	DEBUG	Existing add-on formautofill@mozilla.org in app-system-defaults
1531264172444	addons.xpi	DEBUG	Existing add-on onboarding@mozilla.org in app-system-defaults
1531264172445	addons.xpi	DEBUG	Existing add-on screenshots@mozilla.org in app-system-defaults
1531264172445	addons.xpi	DEBUG	Existing add-on webcompat-reporter@mozilla.org in app-system-defaults
1531264172445	addons.xpi	DEBUG	Existing add-on webcompat@mozilla.org in app-system-defaults
1531264172446	addons.xpi	DEBUG	Existing add-on {4ED1F68A-5463-4931-9384-8FFF5ED91D92} in winreg-app-global
1531264172446	addons.xpi	DEBUG	getInstallState changed: false, state: {}
JavaScript error: resource://gre/modules/addons/XPIProvider.jsm, line 2189: TypeError: addon is null

Command duration or timeout: 45.58 seconds">
      <![CDATA[org.openqa.selenium.WebDriverException: Unable to connect to host 127.0.0.1 on port 7055 after 45000 ms. Firefox console output:
BUGCalling bootstrap method startup on followonsearch@mozilla.com version 0.9.7
1531264171477addons.xpiDEBUGRegistering manifest for C:\Program Files\Mozilla Firefox\browser\features\formautofill@mozilla.org.xpi
1531264171477addons.xpiDEBUGCalling bootstrap method startup on formautofill@mozilla.org version 1.0
1531264171477addons.xpiDEBUGRegistering manifest for C:\Program Files\Mozilla Firefox\browser\features\onboarding@mozilla.org.xpi
1531264171478addons.xpiDEBUGCalling bootstrap method startup on onboarding@mozilla.org version 1.0
1531264171478addons.xpiDEBUGRegistering manifest for C:\Program Files\Mozilla Firefox\browser\features\screenshots@mozilla.org.xpi
1531264171479addons.xpiDEBUGCalling bootstrap method startup on screenshots@mozilla.org version 32.1.0
1531264171479addons.xpiDEBUGRegistering manifest for C:\Program Files\Mozilla Firefox\browser\features\webcompat-reporter@mozilla.org.xpi
1531264171479addons.xpiDEBUGCalling bootstrap method startup on webcompat-reporter@mozilla.org version 1.0.0
1531264171479addons.xpiDEBUGRegistering manifest for C:\Program Files\Mozilla Firefox\browser\features\webcompat@mozilla.org.xpi
1531264171480addons.xpiDEBUGCalling bootstrap method startup on webcompat@mozilla.org version 2.0
1531264171482addons.managerDEBUGRegistering shutdown blocker for XPIProvider
1531264171482addons.managerDEBUGProvider finished startup: XPIProvider
1531264171482addons.managerDEBUGStarting provider: LightweightThemeManager
1531264171482addons.managerDEBUGRegistering shutdown blocker for LightweightThemeManager
1531264171482addons.managerDEBUGProvider finished startup: LightweightThemeManager
1531264171482addons.managerDEBUGStarting provider: GMPProvider
1531264171485addons.managerDEBUGRegistering shutdown blocker for GMPProvider
1531264171485addons.managerDEBUGProvider finished startup: GMPProvider
1531264171485addons.managerDEBUGStarting provider: PluginProvider
1531264171485addons.managerDEBUGRegistering shutdown blocker for PluginProvider
1531264171485addons.managerDEBUGProvider finished startup: PluginProvider
1531264171486addons.managerDEBUGCompleted startup sequence
Unable to read VR Path Registry from C:\Users\fakhr\AppData\Local\openvr\openvrpaths.vrpath
Unable to read VR Path Registry from C:\Users\fakhr\AppData\Local\openvr\openvrpaths.vrpath
1531264171863addons.repositoryDEBUGNo addons.json found.
Unable to read VR Path Registry from C:\Users\fakhr\AppData\Local\openvr\openvrpaths.vrpath
Unable to read VR Path Registry from C:\Users\fakhr\AppData\Local\openvr\openvrpaths.vrpath
Unable to read VR Path Registry from C:\Users\fakhr\AppData\Local\openvr\openvrpaths.vrpath
1531264172442addons.xpiDEBUGIgnoring file entry whose name is not a valid add-on ID: C:\Users\fakhr\AppData\Local\Temp\anonymous8070827577879533242webdriver-profile\extensions\webdriver-staging
1531264172443addons.xpiDEBUGExisting add-on activity-stream@mozilla.org in app-system-defaults
1531264172444addons.xpiDEBUGExisting add-on aushelper@mozilla.org in app-system-defaults
1531264172444addons.xpiDEBUGExisting add-on firefox@getpocket.com in app-system-defaults
1531264172444addons.xpiDEBUGExisting add-on followonsearch@mozilla.com in app-system-defaults
1531264172444addons.xpiDEBUGExisting add-on formautofill@mozilla.org in app-system-defaults
1531264172444addons.xpiDEBUGExisting add-on onboarding@mozilla.org in app-system-defaults
1531264172445addons.xpiDEBUGExisting add-on screenshots@mozilla.org in app-system-defaults
1531264172445addons.xpiDEBUGExisting add-on webcompat-reporter@mozilla.org in app-system-defaults
1531264172445addons.xpiDEBUGExisting add-on webcompat@mozilla.org in app-system-defaults
1531264172446addons.xpiDEBUGExisting add-on {4ED1F68A-5463-4931-9384-8FFF5ED91D92} in winreg-app-global
1531264172446addons.xpiDEBUGgetInstallState changed: false, state: {}
JavaScript error: resource://gre/modules/addons/XPIProvider.jsm, line 2189: TypeError: addon is null

Command duration or timeout: 45.58 seconds
at sun.reflect.NativeConstructorAccessorImpl.newInstance0(Native Method)
at sun.reflect.NativeConstructorAccessorImpl.newInstance(NativeConstructorAccessorImpl.java:62)
at sun.reflect.DelegatingConstructorAccessorImpl.newInstance(DelegatingConstructorAccessorImpl.java:45)
at java.lang.reflect.Constructor.newInstance(Constructor.java:423)
at org.openqa.selenium.remote.ErrorHandler.createThrowable(ErrorHandler.java:214)
at org.openqa.selenium.remote.ErrorHandler.throwIfResponseFailed(ErrorHandler.java:166)
at org.openqa.selenium.remote.JsonWireProtocolResponse.lambda$new$0(JsonWireProtocolResponse.java:53)
at org.openqa.selenium.remote.JsonWireProtocolResponse.lambda$getResponseFunction$2(JsonWireProtocolResponse.java:91)
at org.openqa.selenium.remote.ProtocolHandshake.lambda$createSession$0(ProtocolHandshake.java:123)
at java.util.stream.ReferencePipeline$3$1.accept(ReferencePipeline.java:193)
at java.util.Spliterators$ArraySpliterator.tryAdvance(Spliterators.java:958)
at java.util.stream.ReferencePipeline.forEachWithCancel(ReferencePipeline.java:126)
at java.util.stream.AbstractPipeline.copyIntoWithCancel(AbstractPipeline.java:498)
at java.util.stream.AbstractPipeline.copyInto(AbstractPipeline.java:485)
at java.util.stream.AbstractPipeline.wrapAndCopyInto(AbstractPipeline.java:471)
at java.util.stream.FindOps$FindOp.evaluateSequential(FindOps.java:152)
at java.util.stream.AbstractPipeline.evaluate(AbstractPipeline.java:234)
at java.util.stream.ReferencePipeline.findFirst(ReferencePipeline.java:464)
at org.openqa.selenium.remote.ProtocolHandshake.createSession(ProtocolHandshake.java:126)
at org.openqa.selenium.remote.ProtocolHandshake.createSession(ProtocolHandshake.java:73)
at org.openqa.selenium.remote.HttpCommandExecutor.execute(HttpCommandExecutor.java:138)
at org.openqa.selenium.remote.RemoteWebDriver.execute(RemoteWebDriver.java:601)
at org.openqa.selenium.remote.RemoteWebDriver.startSession(RemoteWebDriver.java:219)
at org.openqa.selenium.remote.RemoteWebDriver.<init>(RemoteWebDriver.java:142)
at org.openqa.selenium.remote.RemoteWebDriver.<init>(RemoteWebDriver.java:155)
at com.gridsel.SecondCase.beforeClass(SecondCase.java:50)
at sun.reflect.NativeMethodAccessorImpl.invoke0(Native Method)
at sun.reflect.NativeMethodAccessorImpl.invoke(NativeMethodAccessorImpl.java:62)
at sun.reflect.DelegatingMethodAccessorImpl.invoke(DelegatingMethodAccessorImpl.java:43)
at java.lang.reflect.Method.invoke(Method.java:498)
at org.testng.internal.MethodInvocationHelper.invokeMethod(MethodInvocationHelper.java:124)
at org.testng.internal.MethodInvocationHelper.invokeMethodConsideringTimeout(MethodInvocationHelper.java:59)
at org.testng.internal.Invoker.invokeConfigurationMethod(Invoker.java:458)
at org.testng.internal.Invoker.invokeConfigurations(Invoker.java:222)
at org.testng.internal.Invoker.invokeConfigurations(Invoker.java:142)
at org.testng.internal.TestMethodWorker.invokeBeforeClassMethods(TestMethodWorker.java:168)
at org.testng.internal.TestMethodWorker.run(TestMethodWorker.java:105)
at org.testng.TestRunner.privateRun(TestRunner.java:648)
at org.testng.TestRunner.run(TestRunner.java:505)
at org.testng.SuiteRunner.runTest(SuiteRunner.java:455)
at org.testng.SuiteRunner.runSequentially(SuiteRunner.java:450)
at org.testng.SuiteRunner.privateRun(SuiteRunner.java:415)
at org.testng.SuiteRunner.run(SuiteRunner.java:364)
at org.testng.SuiteRunnerWorker.runSuite(SuiteRunnerWorker.java:52)
at org.testng.SuiteRunnerWorker.run(SuiteRunnerWorker.java:84)
at org.testng.TestNG.runSuitesSequentially(TestNG.java:1208)
at org.testng.TestNG.runSuitesLocally(TestNG.java:1137)
at org.testng.TestNG.runSuites(TestNG.java:1049)
at org.testng.TestNG.run(TestNG.java:1017)
at org.testng.remote.AbstractRemoteTestNG.run(AbstractRemoteTestNG.java:114)
at org.testng.remote.RemoteTestNG.initAndRun(RemoteTestNG.java:251)
at org.testng.remote.RemoteTestNG.main(RemoteTestNG.java:77)
Caused by: org.openqa.selenium.remote.ErrorHandler$UnknownServerException: Unable to connect to host 127.0.0.1 on port 7055 after 45000 ms. Firefox console output:
BUGCalling bootstrap method startup on followonsearch@mozilla.com version 0.9.7
1531264171477addons.xpiDEBUGRegistering manifest for C:\Program Files\Mozilla Firefox\browser\features\formautofill@mozilla.org.xpi
1531264171477addons.xpiDEBUGCalling bootstrap method startup on formautofill@mozilla.org version 1.0
1531264171477addons.xpiDEBUGRegistering manifest for C:\Program Files\Mozilla Firefox\browser\features\onboarding@mozilla.org.xpi
1531264171478addons.xpiDEBUGCalling bootstrap method startup on onboarding@mozilla.org version 1.0
1531264171478addons.xpiDEBUGRegistering manifest for C:\Program Files\Mozilla Firefox\browser\features\screenshots@mozilla.org.xpi
1531264171479addons.xpiDEBUGCalling bootstrap method startup on screenshots@mozilla.org version 32.1.0
1531264171479addons.xpiDEBUGRegistering manifest for C:\Program Files\Mozilla Firefox\browser\features\webcompat-reporter@mozilla.org.xpi
1531264171479addons.xpiDEBUGCalling bootstrap method startup on webcompat-reporter@mozilla.org version 1.0.0
1531264171479addons.xpiDEBUGRegistering manifest for C:\Program Files\Mozilla Firefox\browser\features\webcompat@mozilla.org.xpi
1531264171480addons.xpiDEBUGCalling bootstrap method startup on webcompat@mozilla.org version 2.0
1531264171482addons.managerDEBUGRegistering shutdown blocker for XPIProvider
1531264171482addons.managerDEBUGProvider finished startup: XPIProvider
1531264171482addons.managerDEBUGStarting provider: LightweightThemeManager
1531264171482addons.managerDEBUGRegistering shutdown blocker for LightweightThemeManager
1531264171482addons.managerDEBUGProvider finished startup: LightweightThemeManager
1531264171482addons.managerDEBUGStarting provider: GMPProvider
1531264171485addons.managerDEBUGRegistering shutdown blocker for GMPProvider
1531264171485addons.managerDEBUGProvider finished startup: GMPProvider
1531264171485addons.managerDEBUGStarting provider: PluginProvider
1531264171485addons.managerDEBUGRegistering shutdown blocker for PluginProvider
1531264171485addons.managerDEBUGProvider finished startup: PluginProvider
1531264171486addons.managerDEBUGCompleted startup sequence
Unable to read VR Path Registry from C:\Users\fakhr\AppData\Local\openvr\openvrpaths.vrpath
Unable to read VR Path Registry from C:\Users\fakhr\AppData\Local\openvr\openvrpaths.vrpath
1531264171863addons.repositoryDEBUGNo addons.json found.
Unable to read VR Path Registry from C:\Users\fakhr\AppData\Local\openvr\openvrpaths.vrpath
Unable to read VR Path Registry from C:\Users\fakhr\AppData\Local\openvr\openvrpaths.vrpath
Unable to read VR Path Registry from C:\Users\fakhr\AppData\Local\openvr\openvrpaths.vrpath
1531264172442addons.xpiDEBUGIgnoring file entry whose name is not a valid add-on ID: C:\Users\fakhr\AppData\Local\Temp\anonymous8070827577879533242webdriver-profile\extensions\webdriver-staging
1531264172443addons.xpiDEBUGExisting add-on activity-stream@mozilla.org in app-system-defaults
1531264172444addons.xpiDEBUGExisting add-on aushelper@mozilla.org in app-system-defaults
1531264172444addons.xpiDEBUGExisting add-on firefox@getpocket.com in app-system-defaults
1531264172444addons.xpiDEBUGExisting add-on followonsearch@mozilla.com in app-system-defaults
1531264172444addons.xpiDEBUGExisting add-on formautofill@mozilla.org in app-system-defaults
1531264172444addons.xpiDEBUGExisting add-on onboarding@mozilla.org in app-system-defaults
1531264172445addons.xpiDEBUGExisting add-on screenshots@mozilla.org in app-system-defaults
1531264172445addons.xpiDEBUGExisting add-on webcompat-reporter@mozilla.org in app-system-defaults
1531264172445addons.xpiDEBUGExisting add-on webcompat@mozilla.org in app-system-defaults
1531264172446addons.xpiDEBUGExisting add-on {4ED1F68A-5463-4931-9384-8FFF5ED91D92} in winreg-app-global
1531264172446addons.xpiDEBUGgetInstallState changed: false, state: {}
JavaScript error: resource://gre/modules/addons/XPIProvider.jsm, line 2189: TypeError: addon is null

Build info: version: '3.10.0', revision: '176b4a9', time: '2018-03-02T19:03:16.397Z'
System info: host: 'LAPTOP-JEI8AS0O', ip: '192.168.56.1', os.name: 'Windows 10', os.arch: 'amd64', os.version: '10.0', java.version: '1.8.0_171'
Driver info: driver.version: FirefoxDriver
at org.openqa.selenium.firefox.internal.NewProfileExtensionConnection.start(NewProfileExtensionConnection.java:112)
at org.openqa.selenium.firefox.FirefoxDriver.startClient(FirefoxDriver.java:271)
at org.openqa.selenium.remote.RemoteWebDriver.<init>(RemoteWebDriver.java:119)
at org.openqa.selenium.firefox.FirefoxDriver.<init>(FirefoxDriver.java:218)
at org.openqa.selenium.firefox.FirefoxDriver.<init>(FirefoxDriver.java:211)
at org.openqa.selenium.firefox.FirefoxDriver.<init>(FirefoxDriver.java:129)
at sun.reflect.NativeConstructorAccessorImpl.newInstance0(Native Method)
at sun.reflect.NativeConstructorAccessorImpl.newInstance(Unknown Source)
at sun.reflect.DelegatingConstructorAccessorImpl.newInstance(Unknown Source)
at java.lang.reflect.Constructor.newInstance(Unknown Source)
at org.openqa.selenium.remote.server.FirefoxDriverProvider.callConstructor(FirefoxDriverProvider.java:91)
at org.openqa.selenium.remote.server.FirefoxDriverProvider.newInstance(FirefoxDriverProvider.java:68)
at org.openqa.selenium.remote.server.DefaultDriverFactory.newInstance(DefaultDriverFactory.java:60)
at org.openqa.selenium.remote.server.DefaultSession$BrowserCreator.call(DefaultSession.java:222)
at org.openqa.selenium.remote.server.DefaultSession$BrowserCreator.call(DefaultSession.java:1)
at java.util.concurrent.FutureTask.run(Unknown Source)
at org.openqa.selenium.remote.server.DefaultSession$1.run(DefaultSession.java:176)
at java.util.concurrent.ThreadPoolExecutor.runWorker(Unknown Source)
at java.util.concurrent.ThreadPoolExecutor$Worker.run(Unknown Source)
at java.lang.Thread.run(Unknown Source)
]]>
    </error>
  </testcase> <!-- beforeClass -->
  <testcase name="f3" time="0.001" classname="com.gridsel.SecondCase"/>
  <testcase name="f4" time="0.000" classname="com.gridsel.SecondCase">
    <skipped/>
  </testcase> <!-- f4 -->
  <testcase name="f3" time="0.000" classname="com.gridsel.SecondCase">
    <skipped/>
  </testcase> <!-- f3 -->
  <testcase name="f1" time="0.000" classname="com.gridsel.SecondCase">
    <skipped/>
  </testcase> <!-- f1 -->
  <testcase name="f2" time="0.003" classname="com.gridsel.SecondCase"/>
  <testcase name="f2" time="0.000" classname="com.gridsel.SecondCase">
    <skipped/>
  </testcase> <!-- f2 -->
</testsuite> <!-- com.gridsel.SecondCase -->
