<html>
<head>
<title>TestNG:  Test1</title>
<link href="../testng.css" rel="stylesheet" type="text/css" />
<link href="../my-testng.css" rel="stylesheet" type="text/css" />

<style type="text/css">
.log { display: none;} 
.stack-trace { display: none;} 
</style>
<script type="text/javascript">
<!--
function flip(e) {
  current = e.style.display;
  if (current == 'block') {
    e.style.display = 'none';
    return 0;
  }
  else {
    e.style.display = 'block';
    return 1;
  }
}

function toggleBox(szDivId, elem, msg1, msg2)
{
  var res = -1;  if (document.getElementById) {
    res = flip(document.getElementById(szDivId));
  }
  else if (document.all) {
    // this is the way old msie versions work
    res = flip(document.all[szDivId]);
  }
  if(elem) {
    if(res == 0) elem.innerHTML = msg1; else elem.innerHTML = msg2;
  }

}

function toggleAllBoxes() {
  if (document.getElementsByTagName) {
    d = document.getElementsByTagName('div');
    for (i = 0; i < d.length; i++) {
      if (d[i].className == 'log') {
        flip(d[i]);
      }
    }
  }
}

// -->
</script>

</head>
<body>
<h2 align='center'>Test1</h2><table border='1' align="center">
<tr>
<td>Tests passed/Failed/Skipped:</td><td>0/0/1</td>
</tr><tr>
<td>Started on:</td><td>Tue Jul 10 18:37:23 EDT 2018</td>
</tr>
<tr><td>Total time:</td><td>45 seconds (45603 ms)</td>
</tr><tr>
<td>Included groups:</td><td></td>
</tr><tr>
<td>Excluded groups:</td><td></td>
</tr>
</table><p/>
<small><i>(Hover the method name to see the test class name)</i></small><p/>
<table width='100%' border='1' class='invocation-failed'>
<tr><td colspan='4' align='center'><b>FAILED CONFIGURATIONS</b></td></tr>
<tr><td><b>Test method</b></td>
<td width="30%"><b>Exception</b></td>
<td width="10%"><b>Time (seconds)</b></td>
<td><b>Instance</b></td>
</tr>
<tr>
<td title='com.gridsel.SecondCase.beforeClass()'><b>beforeClass</b><br>Test class: com.gridsel.SecondCase<br>Parameters: Windows, firefox, http://www.google.com</td>
<td><div><pre>org.openqa.selenium.WebDriverException: Unable to connect to host 127.0.0.1 on port 7055 after 45000 ms. Firefox console output:
244438	addons.xpi	DEBUG	Calling bootstrap method startup on screenshots@mozilla.org version 32.1.0
1531262244438	addons.xpi	DEBUG	Registering manifest for C:\Program Files\Mozilla Firefox\browser\features\webcompat-reporter@mozilla.org.xpi
1531262244439	addons.xpi	DEBUG	Calling bootstrap method startup on webcompat-reporter@mozilla.org version 1.0.0
1531262244439	addons.xpi	DEBUG	Registering manifest for C:\Program Files\Mozilla Firefox\browser\features\webcompat@mozilla.org.xpi
1531262244441	addons.xpi	DEBUG	Calling bootstrap method startup on webcompat@mozilla.org version 2.0
1531262244442	addons.manager	DEBUG	Registering shutdown blocker for XPIProvider
1531262244443	addons.manager	DEBUG	Provider finished startup: XPIProvider
1531262244443	addons.manager	DEBUG	Starting provider: LightweightThemeManager
1531262244443	addons.manager	DEBUG	Registering shutdown blocker for LightweightThemeManager
1531262244443	addons.manager	DEBUG	Provider finished startup: LightweightThemeManager
1531262244443	addons.manager	DEBUG	Starting provider: GMPProvider
1531262244445	addons.manager	DEBUG	Registering shutdown blocker for GMPProvider
1531262244445	addons.manager	DEBUG	Provider finished startup: GMPProvider
1531262244445	addons.manager	DEBUG	Starting provider: PluginProvider
1531262244446	addons.manager	DEBUG	Registering shutdown blocker for PluginProvider
1531262244446	addons.manager	DEBUG	Provider finished startup: PluginProvider
1531262244447	addons.manager	DEBUG	Completed startup sequence
Unable to read VR Path Registry from C:\Users\fakhr\AppData\Local\openvr\openvrpaths.vrpath
Unable to read VR Path Registry from C:\Users\fakhr\AppData\Local\openvr\openvrpaths.vrpath
1531262244962	addons.repository	DEBUG	No addons.json found.
Unable to read VR Path Registry from C:\Users\fakhr\AppData\Local\openvr\openvrpaths.vrpath
Unable to read VR Path Registry from C:\Users\fakhr\AppData\Local\openvr\openvrpaths.vrpath
Unable to read VR Path Registry from C:\Users\fakhr\AppData\Local\openvr\openvrpaths.vrpath
1531262245517	addons.xpi	DEBUG	Ignoring file entry whose name is not a valid add-on ID: C:\Users\fakhr\AppData\Local\Temp\anonymous7059854874703317831webdriver-profile\extensions\webdriver-staging
1531262245517	addons.xpi	DEBUG	Existing add-on activity-stream@mozilla.org in app-system-defaults
1531262245518	addons.xpi	DEBUG	Existing add-on aushelper@mozilla.org in app-system-defaults
1531262245518	addons.xpi	DEBUG	Existing add-on firefox@getpocket.com in app-system-defaults
1531262245518	addons.xpi	DEBUG	Existing add-on followonsearch@mozilla.com in app-system-defaults
1531262245518	addons.xpi	DEBUG	Existing add-on formautofill@mozilla.org in app-system-defaults
1531262245519	addons.xpi	DEBUG	Existing add-on onboarding@mozilla.org in app-system-defaults
1531262245519	addons.xpi	DEBUG	Existing add-on screenshots@mozilla.org in app-system-defaults
1531262245519	addons.xpi	DEBUG	Existing add-on webcompat-reporter@mozilla.org in app-system-defaults
1531262245519	addons.xpi	DEBUG	Existing add-on webcompat@mozilla.org in app-system-defaults
1531262245520	addons.xpi	DEBUG	Existing add-on {4ED1F68A-5463-4931-9384-8FFF5ED91D92} in winreg-app-global
1531262245520	addons.xpi	DEBUG	getInstallState changed: false, state: {}
JavaScript error: resource://gre/modules/addons/XPIProvider.jsm, line 2189: TypeError: addon is null
1531262264490	addons.productaddons	INFO	sending request to: https://aus5.mozilla.org/update/3/GMP/61.0.1/20180704003137/WINNT_x86_64-msvc-x64/en-US/release/Windows_NT%2010.0.0.0.17134.137%20(x64)/default/default/update.xml
1531262265000	addons.productaddons	INFO	Completed downloading document
1531262265316	addons.productaddons	INFO	downloadXHR File download. status=200
1531262265321	addons.productaddons	INFO	Downloaded file will be saved to C:\Users\fakhr\AppData\Local\Temp\tmpaddon-bf23fa
1531262266769	addons.productaddons	INFO	downloadXHR File download. status=200
1531262266770	addons.productaddons	INFO	Downloaded file will be saved to C:\Users\fakhr\AppData\Local\Temp\tmpaddon-984ec4

Command duration or timeout: 45.57 seconds
Build info: version: &apos;2.53.0&apos;, revision: &apos;35ae25b1534ae328c771e0856c93e187490ca824&apos;, time: &apos;2016-03-15 10:43:46&apos;
System info: host: &apos;LAPTOP-JEI8AS0O&apos;, ip: &apos;192.168.56.1&apos;, os.name: &apos;Windows 10&apos;, os.arch: &apos;amd64&apos;, os.version: &apos;10.0&apos;, java.version: &apos;1.8.0_171&apos;
Driver info: org.openqa.selenium.remote.RemoteWebDriver
	at org.openqa.selenium.remote.ErrorHandler.createThrowable(ErrorHandler.java:206)
	at org.openqa.selenium.remote.ErrorHandler.throwIfResponseFailed(ErrorHandler.java:158)
	at org.openqa.selenium.remote.RemoteWebDriver.execute(RemoteWebDriver.java:678)
	at org.openqa.selenium.remote.RemoteWebDriver.startSession(RemoteWebDriver.java:249)
	at org.openqa.selenium.remote.RemoteWebDriver.&lt;init&gt;(RemoteWebDriver.java:131)
	at org.openqa.selenium.remote.RemoteWebDriver.&lt;init&gt;(RemoteWebDriver.java:158)
	at com.gridsel.SecondCase.beforeClass(SecondCase.java:50)
Caused by: org.openqa.selenium.remote.ErrorHandler$UnknownServerException: Unable to connect to host 127.0.0.1 on port 7055 after 45000 ms. Firefox console output:
244438	addons.xpi	DEBUG	Calling bootstrap method startup on screenshots@mozilla.org version 32.1.0
1531262244438	addons.xpi	DEBUG	Registering manifest for C:\Program Files\Mozilla Firefox\browser\features\webcompat-reporter@mozilla.org.xpi
1531262244439	addons.xpi	DEBUG	Calling bootstrap method startup on webcompat-reporter@mozilla.org version 1.0.0
1531262244439	addons.xpi	DEBUG	Registering manifest for C:\Program Files\Mozilla Firefox\browser\features\webcompat@mozilla.org.xpi
1531262244441	addons.xpi	DEBUG	Calling bootstrap method startup on webcompat@mozilla.org version 2.0
1531262244442	addons.manager	DEBUG	Registering shutdown blocker for XPIProvider
1531262244443	addons.manager	DEBUG	Provider finished startup: XPIProvider
1531262244443	addons.manager	DEBUG	Starting provider: LightweightThemeManager
1531262244443	addons.manager	DEBUG	Registering shutdown blocker for LightweightThemeManager
1531262244443	addons.manager	DEBUG	Provider finished startup: LightweightThemeManager
1531262244443	addons.manager	DEBUG	Starting provider: GMPProvider
1531262244445	addons.manager	DEBUG	Registering shutdown blocker for GMPProvider
1531262244445	addons.manager	DEBUG	Provider finished startup: GMPProvider
1531262244445	addons.manager	DEBUG	Starting provider: PluginProvider
1531262244446	addons.manager	DEBUG	Registering shutdown blocker for PluginProvider
1531262244446	addons.manager	DEBUG	Provider finished startup: PluginProvider
1531262244447	addons.manager	DEBUG	Completed startup sequence
Unable to read VR Path Registry from C:\Users\fakhr\AppData\Local\openvr\openvrpaths.vrpath
Unable to read VR Path Registry from C:\Users\fakhr\AppData\Local\openvr\openvrpaths.vrpath
1531262244962	addons.repository	DEBUG	No addons.json found.
Unable to read VR Path Registry from C:\Users\fakhr\AppData\Local\openvr\openvrpaths.vrpath
Unable to read VR Path Registry from C:\Users\fakhr\AppData\Local\openvr\openvrpaths.vrpath
Unable to read VR Path Registry from C:\Users\fakhr\AppData\Local\openvr\openvrpaths.vrpath
1531262245517	addons.xpi	DEBUG	Ignoring file entry whose name is not a valid add-on ID: C:\Users\fakhr\AppData\Local\Temp\anonymous7059854874703317831webdriver-profile\extensions\webdriver-staging
1531262245517	addons.xpi	DEBUG	Existing add-on activity-stream@mozilla.org in app-system-defaults
1531262245518	addons.xpi	DEBUG	Existing add-on aushelper@mozilla.org in app-system-defaults
1531262245518	addons.xpi	DEBUG	Existing add-on firefox@getpocket.com in app-system-defaults
1531262245518	addons.xpi	DEBUG	Existing add-on followonsearch@mozilla.com in app-system-defaults
1531262245518	addons.xpi	DEBUG	Existing add-on formautofill@mozilla.org in app-system-defaults
1531262245519	addons.xpi	DEBUG	Existing add-on onboarding@mozilla.org in app-system-defaults
1531262245519	addons.xpi	DEBUG	Existing add-on screenshots@mozilla.org in app-system-defaults
1531262245519	addons.xpi	DEBUG	Existing add-on webcompat-reporter@mozilla.org in app-system-defaults
1531262245519	addons.xpi	DEBUG	Existing add-on webcompat@mozilla.org in app-system-defaults
1531262245520	addons.xpi	DEBUG	Existing add-on {4ED1F68A-5463-4931-9384-8FFF5ED91D92} in winreg-app-global
1531262245520	addons.xpi	DEBUG	getInstallState changed: false, state: {}
JavaScript error: resource://gre/modules/addons/XPIProvider.jsm, line 2189: TypeError: addon is null
1531262264490	addons.productaddons	INFO	sending request to: https://aus5.mozilla.org/update/3/GMP/61.0.1/20180704003137/WINNT_x86_64-msvc-x64/en-US/release/Windows_NT%2010.0.0.0.17134.137%20(x64)/default/default/update.xml
1531262265000	addons.productaddons	INFO	Completed downloading document
1531262265316	addons.productaddons	INFO	downloadXHR File download. status=200
1531262265321	addons.productaddons	INFO	Downloaded file will be saved to C:\Users\fakhr\AppData\Local\Temp\tmpaddon-bf23fa
1531262266769	addons.productaddons	INFO	downloadXHR File download. status=200
1531262266770	addons.productaddons	INFO	Downloaded file will be saved to C:\Users\fakhr\AppData\Local\Temp\tmpaddon-984ec4

Build info: version: &apos;2.53.0&apos;, revision: &apos;35ae25b1534ae328c771e0856c93e187490ca824&apos;, time: &apos;2016-03-15 10:43:46&apos;
System info: host: &apos;LAPTOP-JEI8AS0O&apos;, ip: &apos;192.168.56.1&apos;, os.name: &apos;Windows 10&apos;, os.arch: &apos;amd64&apos;, os.version: &apos;10.0&apos;, java.version: &apos;1.8.0_171&apos;
Driver info: driver.version: FirefoxDriver
	at org.openqa.selenium.firefox.internal.NewProfileExtensionConnection.start(NewProfileExtensionConnection.java:112)
	at org.openqa.selenium.firefox.FirefoxDriver.startClient(FirefoxDriver.java:271)
	at org.openqa.selenium.remote.RemoteWebDriver.&lt;init&gt;(RemoteWebDriver.java:119)
	at org.openqa.selenium.firefox.FirefoxDriver.&lt;init&gt;(FirefoxDriver.java:218)
	at org.openqa.selenium.firefox.FirefoxDriver.&lt;init&gt;(FirefoxDriver.java:211)
	at org.openqa.selenium.firefox.FirefoxDriver.&lt;init&gt;(FirefoxDriver.java:129)
	at org.openqa.selenium.remote.server.FirefoxDriverProvider.callConstructor(FirefoxDriverProvider.java:91)
	at org.openqa.selenium.remote.server.FirefoxDriverProvider.newInstance(FirefoxDriverProvider.java:68)
	at org.openqa.selenium.remote.server.DefaultDriverFactory.newInstance(DefaultDriverFactory.java:60)
	at org.openqa.selenium.remote.server.DefaultSession$BrowserCreator.call(DefaultSession.java:222)
	at org.openqa.selenium.remote.server.DefaultSession$BrowserCreator.call(DefaultSession.java:1)
	at java.util.concurrent.FutureTask.run(Unknown Source)
	at org.openqa.selenium.remote.server.DefaultSession$1.run(DefaultSession.java:176)
	at java.util.concurrent.ThreadPoolExecutor.runWorker(Unknown Source)
	at java.util.concurrent.ThreadPoolExecutor$Worker.run(Unknown Source)
	at java.lang.Thread.run(Unknown Source)
... Removed 34 stack frames</pre></div><a href='#' onClick='toggleBox("stack-trace335359181", this, "Click to show all stack frames", "Click to hide stack frames")'>Click to show all stack frames</a>
<div class='stack-trace' id='stack-trace335359181'><pre>org.openqa.selenium.WebDriverException: Unable to connect to host 127.0.0.1 on port 7055 after 45000 ms. Firefox console output:
244438	addons.xpi	DEBUG	Calling bootstrap method startup on screenshots@mozilla.org version 32.1.0
1531262244438	addons.xpi	DEBUG	Registering manifest for C:\Program Files\Mozilla Firefox\browser\features\webcompat-reporter@mozilla.org.xpi
1531262244439	addons.xpi	DEBUG	Calling bootstrap method startup on webcompat-reporter@mozilla.org version 1.0.0
1531262244439	addons.xpi	DEBUG	Registering manifest for C:\Program Files\Mozilla Firefox\browser\features\webcompat@mozilla.org.xpi
1531262244441	addons.xpi	DEBUG	Calling bootstrap method startup on webcompat@mozilla.org version 2.0
1531262244442	addons.manager	DEBUG	Registering shutdown blocker for XPIProvider
1531262244443	addons.manager	DEBUG	Provider finished startup: XPIProvider
1531262244443	addons.manager	DEBUG	Starting provider: LightweightThemeManager
1531262244443	addons.manager	DEBUG	Registering shutdown blocker for LightweightThemeManager
1531262244443	addons.manager	DEBUG	Provider finished startup: LightweightThemeManager
1531262244443	addons.manager	DEBUG	Starting provider: GMPProvider
1531262244445	addons.manager	DEBUG	Registering shutdown blocker for GMPProvider
1531262244445	addons.manager	DEBUG	Provider finished startup: GMPProvider
1531262244445	addons.manager	DEBUG	Starting provider: PluginProvider
1531262244446	addons.manager	DEBUG	Registering shutdown blocker for PluginProvider
1531262244446	addons.manager	DEBUG	Provider finished startup: PluginProvider
1531262244447	addons.manager	DEBUG	Completed startup sequence
Unable to read VR Path Registry from C:\Users\fakhr\AppData\Local\openvr\openvrpaths.vrpath
Unable to read VR Path Registry from C:\Users\fakhr\AppData\Local\openvr\openvrpaths.vrpath
1531262244962	addons.repository	DEBUG	No addons.json found.
Unable to read VR Path Registry from C:\Users\fakhr\AppData\Local\openvr\openvrpaths.vrpath
Unable to read VR Path Registry from C:\Users\fakhr\AppData\Local\openvr\openvrpaths.vrpath
Unable to read VR Path Registry from C:\Users\fakhr\AppData\Local\openvr\openvrpaths.vrpath
1531262245517	addons.xpi	DEBUG	Ignoring file entry whose name is not a valid add-on ID: C:\Users\fakhr\AppData\Local\Temp\anonymous7059854874703317831webdriver-profile\extensions\webdriver-staging
1531262245517	addons.xpi	DEBUG	Existing add-on activity-stream@mozilla.org in app-system-defaults
1531262245518	addons.xpi	DEBUG	Existing add-on aushelper@mozilla.org in app-system-defaults
1531262245518	addons.xpi	DEBUG	Existing add-on firefox@getpocket.com in app-system-defaults
1531262245518	addons.xpi	DEBUG	Existing add-on followonsearch@mozilla.com in app-system-defaults
1531262245518	addons.xpi	DEBUG	Existing add-on formautofill@mozilla.org in app-system-defaults
1531262245519	addons.xpi	DEBUG	Existing add-on onboarding@mozilla.org in app-system-defaults
1531262245519	addons.xpi	DEBUG	Existing add-on screenshots@mozilla.org in app-system-defaults
1531262245519	addons.xpi	DEBUG	Existing add-on webcompat-reporter@mozilla.org in app-system-defaults
1531262245519	addons.xpi	DEBUG	Existing add-on webcompat@mozilla.org in app-system-defaults
1531262245520	addons.xpi	DEBUG	Existing add-on {4ED1F68A-5463-4931-9384-8FFF5ED91D92} in winreg-app-global
1531262245520	addons.xpi	DEBUG	getInstallState changed: false, state: {}
JavaScript error: resource://gre/modules/addons/XPIProvider.jsm, line 2189: TypeError: addon is null
1531262264490	addons.productaddons	INFO	sending request to: https://aus5.mozilla.org/update/3/GMP/61.0.1/20180704003137/WINNT_x86_64-msvc-x64/en-US/release/Windows_NT%2010.0.0.0.17134.137%20(x64)/default/default/update.xml
1531262265000	addons.productaddons	INFO	Completed downloading document
1531262265316	addons.productaddons	INFO	downloadXHR File download. status=200
1531262265321	addons.productaddons	INFO	Downloaded file will be saved to C:\Users\fakhr\AppData\Local\Temp\tmpaddon-bf23fa
1531262266769	addons.productaddons	INFO	downloadXHR File download. status=200
1531262266770	addons.productaddons	INFO	Downloaded file will be saved to C:\Users\fakhr\AppData\Local\Temp\tmpaddon-984ec4

Command duration or timeout: 45.57 seconds
Build info: version: &apos;2.53.0&apos;, revision: &apos;35ae25b1534ae328c771e0856c93e187490ca824&apos;, time: &apos;2016-03-15 10:43:46&apos;
System info: host: &apos;LAPTOP-JEI8AS0O&apos;, ip: &apos;192.168.56.1&apos;, os.name: &apos;Windows 10&apos;, os.arch: &apos;amd64&apos;, os.version: &apos;10.0&apos;, java.version: &apos;1.8.0_171&apos;
Driver info: org.openqa.selenium.remote.RemoteWebDriver
	at sun.reflect.NativeConstructorAccessorImpl.newInstance0(Native Method)
	at sun.reflect.NativeConstructorAccessorImpl.newInstance(NativeConstructorAccessorImpl.java:62)
	at sun.reflect.DelegatingConstructorAccessorImpl.newInstance(DelegatingConstructorAccessorImpl.java:45)
	at java.lang.reflect.Constructor.newInstance(Constructor.java:423)
	at org.openqa.selenium.remote.ErrorHandler.createThrowable(ErrorHandler.java:206)
	at org.openqa.selenium.remote.ErrorHandler.throwIfResponseFailed(ErrorHandler.java:158)
	at org.openqa.selenium.remote.RemoteWebDriver.execute(RemoteWebDriver.java:678)
	at org.openqa.selenium.remote.RemoteWebDriver.startSession(RemoteWebDriver.java:249)
	at org.openqa.selenium.remote.RemoteWebDriver.&lt;init&gt;(RemoteWebDriver.java:131)
	at org.openqa.selenium.remote.RemoteWebDriver.&lt;init&gt;(RemoteWebDriver.java:158)
	at com.gridsel.SecondCase.beforeClass(SecondCase.java:50)
	at sun.reflect.NativeMethodAccessorImpl.invoke0(Native Method)
	at sun.reflect.NativeMethodAccessorImpl.invoke(NativeMethodAccessorImpl.java:62)
	at sun.reflect.DelegatingMethodAccessorImpl.invoke(DelegatingMethodAccessorImpl.java:43)
	at java.lang.reflect.Method.invoke(Method.java:498)
	at org.testng.internal.MethodInvocationHelper.invokeMethod(MethodInvocationHelper.java:124)
	at org.testng.internal.MethodInvocationHelper.invokeMethodConsideringTimeout(MethodInvocationHelper.java:59)
	at org.testng.internal.Invoker.invokeConfigurationMethod(Invoker.java:458)
	at org.testng.internal.Invoker.invokeConfigurations(Invoker.java:222)
	at org.testng.internal.Invoker.invokeConfigurations(Invoker.java:142)
	at org.testng.internal.TestMethodWorker.invokeBeforeClassMethods(TestMethodWorker.java:168)
	at org.testng.internal.TestMethodWorker.run(TestMethodWorker.java:105)
	at org.testng.TestRunner.privateRun(TestRunner.java:648)
	at org.testng.TestRunner.run(TestRunner.java:505)
	at org.testng.SuiteRunner.runTest(SuiteRunner.java:455)
	at org.testng.SuiteRunner.runSequentially(SuiteRunner.java:450)
	at org.testng.SuiteRunner.privateRun(SuiteRunner.java:415)
	at org.testng.SuiteRunner.run(SuiteRunner.java:364)
	at org.testng.SuiteRunnerWorker.runSuite(SuiteRunnerWorker.java:52)
	at org.testng.SuiteRunnerWorker.run(SuiteRunnerWorker.java:84)
	at org.testng.TestNG.runSuitesSequentially(TestNG.java:1208)
	at org.testng.TestNG.runSuitesLocally(TestNG.java:1137)
	at org.testng.TestNG.runSuites(TestNG.java:1049)
	at org.testng.TestNG.run(TestNG.java:1017)
	at org.testng.remote.AbstractRemoteTestNG.run(AbstractRemoteTestNG.java:114)
	at org.testng.remote.RemoteTestNG.initAndRun(RemoteTestNG.java:251)
	at org.testng.remote.RemoteTestNG.main(RemoteTestNG.java:77)
Caused by: org.openqa.selenium.remote.ErrorHandler$UnknownServerException: Unable to connect to host 127.0.0.1 on port 7055 after 45000 ms. Firefox console output:
244438	addons.xpi	DEBUG	Calling bootstrap method startup on screenshots@mozilla.org version 32.1.0
1531262244438	addons.xpi	DEBUG	Registering manifest for C:\Program Files\Mozilla Firefox\browser\features\webcompat-reporter@mozilla.org.xpi
1531262244439	addons.xpi	DEBUG	Calling bootstrap method startup on webcompat-reporter@mozilla.org version 1.0.0
1531262244439	addons.xpi	DEBUG	Registering manifest for C:\Program Files\Mozilla Firefox\browser\features\webcompat@mozilla.org.xpi
1531262244441	addons.xpi	DEBUG	Calling bootstrap method startup on webcompat@mozilla.org version 2.0
1531262244442	addons.manager	DEBUG	Registering shutdown blocker for XPIProvider
1531262244443	addons.manager	DEBUG	Provider finished startup: XPIProvider
1531262244443	addons.manager	DEBUG	Starting provider: LightweightThemeManager
1531262244443	addons.manager	DEBUG	Registering shutdown blocker for LightweightThemeManager
1531262244443	addons.manager	DEBUG	Provider finished startup: LightweightThemeManager
1531262244443	addons.manager	DEBUG	Starting provider: GMPProvider
1531262244445	addons.manager	DEBUG	Registering shutdown blocker for GMPProvider
1531262244445	addons.manager	DEBUG	Provider finished startup: GMPProvider
1531262244445	addons.manager	DEBUG	Starting provider: PluginProvider
1531262244446	addons.manager	DEBUG	Registering shutdown blocker for PluginProvider
1531262244446	addons.manager	DEBUG	Provider finished startup: PluginProvider
1531262244447	addons.manager	DEBUG	Completed startup sequence
Unable to read VR Path Registry from C:\Users\fakhr\AppData\Local\openvr\openvrpaths.vrpath
Unable to read VR Path Registry from C:\Users\fakhr\AppData\Local\openvr\openvrpaths.vrpath
1531262244962	addons.repository	DEBUG	No addons.json found.
Unable to read VR Path Registry from C:\Users\fakhr\AppData\Local\openvr\openvrpaths.vrpath
Unable to read VR Path Registry from C:\Users\fakhr\AppData\Local\openvr\openvrpaths.vrpath
Unable to read VR Path Registry from C:\Users\fakhr\AppData\Local\openvr\openvrpaths.vrpath
1531262245517	addons.xpi	DEBUG	Ignoring file entry whose name is not a valid add-on ID: C:\Users\fakhr\AppData\Local\Temp\anonymous7059854874703317831webdriver-profile\extensions\webdriver-staging
1531262245517	addons.xpi	DEBUG	Existing add-on activity-stream@mozilla.org in app-system-defaults
1531262245518	addons.xpi	DEBUG	Existing add-on aushelper@mozilla.org in app-system-defaults
1531262245518	addons.xpi	DEBUG	Existing add-on firefox@getpocket.com in app-system-defaults
1531262245518	addons.xpi	DEBUG	Existing add-on followonsearch@mozilla.com in app-system-defaults
1531262245518	addons.xpi	DEBUG	Existing add-on formautofill@mozilla.org in app-system-defaults
1531262245519	addons.xpi	DEBUG	Existing add-on onboarding@mozilla.org in app-system-defaults
1531262245519	addons.xpi	DEBUG	Existing add-on screenshots@mozilla.org in app-system-defaults
1531262245519	addons.xpi	DEBUG	Existing add-on webcompat-reporter@mozilla.org in app-system-defaults
1531262245519	addons.xpi	DEBUG	Existing add-on webcompat@mozilla.org in app-system-defaults
1531262245520	addons.xpi	DEBUG	Existing add-on {4ED1F68A-5463-4931-9384-8FFF5ED91D92} in winreg-app-global
1531262245520	addons.xpi	DEBUG	getInstallState changed: false, state: {}
JavaScript error: resource://gre/modules/addons/XPIProvider.jsm, line 2189: TypeError: addon is null
1531262264490	addons.productaddons	INFO	sending request to: https://aus5.mozilla.org/update/3/GMP/61.0.1/20180704003137/WINNT_x86_64-msvc-x64/en-US/release/Windows_NT%2010.0.0.0.17134.137%20(x64)/default/default/update.xml
1531262265000	addons.productaddons	INFO	Completed downloading document
1531262265316	addons.productaddons	INFO	downloadXHR File download. status=200
1531262265321	addons.productaddons	INFO	Downloaded file will be saved to C:\Users\fakhr\AppData\Local\Temp\tmpaddon-bf23fa
1531262266769	addons.productaddons	INFO	downloadXHR File download. status=200
1531262266770	addons.productaddons	INFO	Downloaded file will be saved to C:\Users\fakhr\AppData\Local\Temp\tmpaddon-984ec4

Build info: version: &apos;2.53.0&apos;, revision: &apos;35ae25b1534ae328c771e0856c93e187490ca824&apos;, time: &apos;2016-03-15 10:43:46&apos;
System info: host: &apos;LAPTOP-JEI8AS0O&apos;, ip: &apos;192.168.56.1&apos;, os.name: &apos;Windows 10&apos;, os.arch: &apos;amd64&apos;, os.version: &apos;10.0&apos;, java.version: &apos;1.8.0_171&apos;
Driver info: driver.version: FirefoxDriver
	at org.openqa.selenium.firefox.internal.NewProfileExtensionConnection.start(NewProfileExtensionConnection.java:112)
	at org.openqa.selenium.firefox.FirefoxDriver.startClient(FirefoxDriver.java:271)
	at org.openqa.selenium.remote.RemoteWebDriver.&lt;init&gt;(RemoteWebDriver.java:119)
	at org.openqa.selenium.firefox.FirefoxDriver.&lt;init&gt;(FirefoxDriver.java:218)
	at org.openqa.selenium.firefox.FirefoxDriver.&lt;init&gt;(FirefoxDriver.java:211)
	at org.openqa.selenium.firefox.FirefoxDriver.&lt;init&gt;(FirefoxDriver.java:129)
	at sun.reflect.NativeConstructorAccessorImpl.newInstance0(Native Method)
	at sun.reflect.NativeConstructorAccessorImpl.newInstance(Unknown Source)
	at sun.reflect.DelegatingConstructorAccessorImpl.newInstance(Unknown Source)
	at java.lang.reflect.Constructor.newInstance(Unknown Source)
	at org.openqa.selenium.remote.server.FirefoxDriverProvider.callConstructor(FirefoxDriverProvider.java:91)
	at org.openqa.selenium.remote.server.FirefoxDriverProvider.newInstance(FirefoxDriverProvider.java:68)
	at org.openqa.selenium.remote.server.DefaultDriverFactory.newInstance(DefaultDriverFactory.java:60)
	at org.openqa.selenium.remote.server.DefaultSession$BrowserCreator.call(DefaultSession.java:222)
	at org.openqa.selenium.remote.server.DefaultSession$BrowserCreator.call(DefaultSession.java:1)
	at java.util.concurrent.FutureTask.run(Unknown Source)
	at org.openqa.selenium.remote.server.DefaultSession$1.run(DefaultSession.java:176)
	at java.util.concurrent.ThreadPoolExecutor.runWorker(Unknown Source)
	at java.util.concurrent.ThreadPoolExecutor$Worker.run(Unknown Source)
	at java.lang.Thread.run(Unknown Source)
</pre></div></td>
<td>45</td>
<td>com.gridsel.SecondCase@27c20538</td></tr>
</table><p>
<table width='100%' border='1' class='invocation-skipped'>
<tr><td colspan='4' align='center'><b>SKIPPED TESTS</b></td></tr>
<tr><td><b>Test method</b></td>
<td width="30%"><b>Exception</b></td>
<td width="10%"><b>Time (seconds)</b></td>
<td><b>Instance</b></td>
</tr>
<tr>
<td title='com.gridsel.SecondCase.f()'><b>f</b><br>Test class: com.gridsel.SecondCase</td>
<td><div><pre>org.openqa.selenium.WebDriverException: Unable to connect to host 127.0.0.1 on port 7055 after 45000 ms. Firefox console output:
244438	addons.xpi	DEBUG	Calling bootstrap method startup on screenshots@mozilla.org version 32.1.0
1531262244438	addons.xpi	DEBUG	Registering manifest for C:\Program Files\Mozilla Firefox\browser\features\webcompat-reporter@mozilla.org.xpi
1531262244439	addons.xpi	DEBUG	Calling bootstrap method startup on webcompat-reporter@mozilla.org version 1.0.0
1531262244439	addons.xpi	DEBUG	Registering manifest for C:\Program Files\Mozilla Firefox\browser\features\webcompat@mozilla.org.xpi
1531262244441	addons.xpi	DEBUG	Calling bootstrap method startup on webcompat@mozilla.org version 2.0
1531262244442	addons.manager	DEBUG	Registering shutdown blocker for XPIProvider
1531262244443	addons.manager	DEBUG	Provider finished startup: XPIProvider
1531262244443	addons.manager	DEBUG	Starting provider: LightweightThemeManager
1531262244443	addons.manager	DEBUG	Registering shutdown blocker for LightweightThemeManager
1531262244443	addons.manager	DEBUG	Provider finished startup: LightweightThemeManager
1531262244443	addons.manager	DEBUG	Starting provider: GMPProvider
1531262244445	addons.manager	DEBUG	Registering shutdown blocker for GMPProvider
1531262244445	addons.manager	DEBUG	Provider finished startup: GMPProvider
1531262244445	addons.manager	DEBUG	Starting provider: PluginProvider
1531262244446	addons.manager	DEBUG	Registering shutdown blocker for PluginProvider
1531262244446	addons.manager	DEBUG	Provider finished startup: PluginProvider
1531262244447	addons.manager	DEBUG	Completed startup sequence
Unable to read VR Path Registry from C:\Users\fakhr\AppData\Local\openvr\openvrpaths.vrpath
Unable to read VR Path Registry from C:\Users\fakhr\AppData\Local\openvr\openvrpaths.vrpath
1531262244962	addons.repository	DEBUG	No addons.json found.
Unable to read VR Path Registry from C:\Users\fakhr\AppData\Local\openvr\openvrpaths.vrpath
Unable to read VR Path Registry from C:\Users\fakhr\AppData\Local\openvr\openvrpaths.vrpath
Unable to read VR Path Registry from C:\Users\fakhr\AppData\Local\openvr\openvrpaths.vrpath
1531262245517	addons.xpi	DEBUG	Ignoring file entry whose name is not a valid add-on ID: C:\Users\fakhr\AppData\Local\Temp\anonymous7059854874703317831webdriver-profile\extensions\webdriver-staging
1531262245517	addons.xpi	DEBUG	Existing add-on activity-stream@mozilla.org in app-system-defaults
1531262245518	addons.xpi	DEBUG	Existing add-on aushelper@mozilla.org in app-system-defaults
1531262245518	addons.xpi	DEBUG	Existing add-on firefox@getpocket.com in app-system-defaults
1531262245518	addons.xpi	DEBUG	Existing add-on followonsearch@mozilla.com in app-system-defaults
1531262245518	addons.xpi	DEBUG	Existing add-on formautofill@mozilla.org in app-system-defaults
1531262245519	addons.xpi	DEBUG	Existing add-on onboarding@mozilla.org in app-system-defaults
1531262245519	addons.xpi	DEBUG	Existing add-on screenshots@mozilla.org in app-system-defaults
1531262245519	addons.xpi	DEBUG	Existing add-on webcompat-reporter@mozilla.org in app-system-defaults
1531262245519	addons.xpi	DEBUG	Existing add-on webcompat@mozilla.org in app-system-defaults
1531262245520	addons.xpi	DEBUG	Existing add-on {4ED1F68A-5463-4931-9384-8FFF5ED91D92} in winreg-app-global
1531262245520	addons.xpi	DEBUG	getInstallState changed: false, state: {}
JavaScript error: resource://gre/modules/addons/XPIProvider.jsm, line 2189: TypeError: addon is null
1531262264490	addons.productaddons	INFO	sending request to: https://aus5.mozilla.org/update/3/GMP/61.0.1/20180704003137/WINNT_x86_64-msvc-x64/en-US/release/Windows_NT%2010.0.0.0.17134.137%20(x64)/default/default/update.xml
1531262265000	addons.productaddons	INFO	Completed downloading document
1531262265316	addons.productaddons	INFO	downloadXHR File download. status=200
1531262265321	addons.productaddons	INFO	Downloaded file will be saved to C:\Users\fakhr\AppData\Local\Temp\tmpaddon-bf23fa
1531262266769	addons.productaddons	INFO	downloadXHR File download. status=200
1531262266770	addons.productaddons	INFO	Downloaded file will be saved to C:\Users\fakhr\AppData\Local\Temp\tmpaddon-984ec4

Command duration or timeout: 45.57 seconds
Build info: version: &apos;2.53.0&apos;, revision: &apos;35ae25b1534ae328c771e0856c93e187490ca824&apos;, time: &apos;2016-03-15 10:43:46&apos;
System info: host: &apos;LAPTOP-JEI8AS0O&apos;, ip: &apos;192.168.56.1&apos;, os.name: &apos;Windows 10&apos;, os.arch: &apos;amd64&apos;, os.version: &apos;10.0&apos;, java.version: &apos;1.8.0_171&apos;
Driver info: org.openqa.selenium.remote.RemoteWebDriver
	at org.openqa.selenium.remote.ErrorHandler.createThrowable(ErrorHandler.java:206)
	at org.openqa.selenium.remote.ErrorHandler.throwIfResponseFailed(ErrorHandler.java:158)
	at org.openqa.selenium.remote.RemoteWebDriver.execute(RemoteWebDriver.java:678)
	at org.openqa.selenium.remote.RemoteWebDriver.startSession(RemoteWebDriver.java:249)
	at org.openqa.selenium.remote.RemoteWebDriver.&lt;init&gt;(RemoteWebDriver.java:131)
	at org.openqa.selenium.remote.RemoteWebDriver.&lt;init&gt;(RemoteWebDriver.java:158)
	at com.gridsel.SecondCase.beforeClass(SecondCase.java:50)
Caused by: org.openqa.selenium.remote.ErrorHandler$UnknownServerException: Unable to connect to host 127.0.0.1 on port 7055 after 45000 ms. Firefox console output:
244438	addons.xpi	DEBUG	Calling bootstrap method startup on screenshots@mozilla.org version 32.1.0
1531262244438	addons.xpi	DEBUG	Registering manifest for C:\Program Files\Mozilla Firefox\browser\features\webcompat-reporter@mozilla.org.xpi
1531262244439	addons.xpi	DEBUG	Calling bootstrap method startup on webcompat-reporter@mozilla.org version 1.0.0
1531262244439	addons.xpi	DEBUG	Registering manifest for C:\Program Files\Mozilla Firefox\browser\features\webcompat@mozilla.org.xpi
1531262244441	addons.xpi	DEBUG	Calling bootstrap method startup on webcompat@mozilla.org version 2.0
1531262244442	addons.manager	DEBUG	Registering shutdown blocker for XPIProvider
1531262244443	addons.manager	DEBUG	Provider finished startup: XPIProvider
1531262244443	addons.manager	DEBUG	Starting provider: LightweightThemeManager
1531262244443	addons.manager	DEBUG	Registering shutdown blocker for LightweightThemeManager
1531262244443	addons.manager	DEBUG	Provider finished startup: LightweightThemeManager
1531262244443	addons.manager	DEBUG	Starting provider: GMPProvider
1531262244445	addons.manager	DEBUG	Registering shutdown blocker for GMPProvider
1531262244445	addons.manager	DEBUG	Provider finished startup: GMPProvider
1531262244445	addons.manager	DEBUG	Starting provider: PluginProvider
1531262244446	addons.manager	DEBUG	Registering shutdown blocker for PluginProvider
1531262244446	addons.manager	DEBUG	Provider finished startup: PluginProvider
1531262244447	addons.manager	DEBUG	Completed startup sequence
Unable to read VR Path Registry from C:\Users\fakhr\AppData\Local\openvr\openvrpaths.vrpath
Unable to read VR Path Registry from C:\Users\fakhr\AppData\Local\openvr\openvrpaths.vrpath
1531262244962	addons.repository	DEBUG	No addons.json found.
Unable to read VR Path Registry from C:\Users\fakhr\AppData\Local\openvr\openvrpaths.vrpath
Unable to read VR Path Registry from C:\Users\fakhr\AppData\Local\openvr\openvrpaths.vrpath
Unable to read VR Path Registry from C:\Users\fakhr\AppData\Local\openvr\openvrpaths.vrpath
1531262245517	addons.xpi	DEBUG	Ignoring file entry whose name is not a valid add-on ID: C:\Users\fakhr\AppData\Local\Temp\anonymous7059854874703317831webdriver-profile\extensions\webdriver-staging
1531262245517	addons.xpi	DEBUG	Existing add-on activity-stream@mozilla.org in app-system-defaults
1531262245518	addons.xpi	DEBUG	Existing add-on aushelper@mozilla.org in app-system-defaults
1531262245518	addons.xpi	DEBUG	Existing add-on firefox@getpocket.com in app-system-defaults
1531262245518	addons.xpi	DEBUG	Existing add-on followonsearch@mozilla.com in app-system-defaults
1531262245518	addons.xpi	DEBUG	Existing add-on formautofill@mozilla.org in app-system-defaults
1531262245519	addons.xpi	DEBUG	Existing add-on onboarding@mozilla.org in app-system-defaults
1531262245519	addons.xpi	DEBUG	Existing add-on screenshots@mozilla.org in app-system-defaults
1531262245519	addons.xpi	DEBUG	Existing add-on webcompat-reporter@mozilla.org in app-system-defaults
1531262245519	addons.xpi	DEBUG	Existing add-on webcompat@mozilla.org in app-system-defaults
1531262245520	addons.xpi	DEBUG	Existing add-on {4ED1F68A-5463-4931-9384-8FFF5ED91D92} in winreg-app-global
1531262245520	addons.xpi	DEBUG	getInstallState changed: false, state: {}
JavaScript error: resource://gre/modules/addons/XPIProvider.jsm, line 2189: TypeError: addon is null
1531262264490	addons.productaddons	INFO	sending request to: https://aus5.mozilla.org/update/3/GMP/61.0.1/20180704003137/WINNT_x86_64-msvc-x64/en-US/release/Windows_NT%2010.0.0.0.17134.137%20(x64)/default/default/update.xml
1531262265000	addons.productaddons	INFO	Completed downloading document
1531262265316	addons.productaddons	INFO	downloadXHR File download. status=200
1531262265321	addons.productaddons	INFO	Downloaded file will be saved to C:\Users\fakhr\AppData\Local\Temp\tmpaddon-bf23fa
1531262266769	addons.productaddons	INFO	downloadXHR File download. status=200
1531262266770	addons.productaddons	INFO	Downloaded file will be saved to C:\Users\fakhr\AppData\Local\Temp\tmpaddon-984ec4

Build info: version: &apos;2.53.0&apos;, revision: &apos;35ae25b1534ae328c771e0856c93e187490ca824&apos;, time: &apos;2016-03-15 10:43:46&apos;
System info: host: &apos;LAPTOP-JEI8AS0O&apos;, ip: &apos;192.168.56.1&apos;, os.name: &apos;Windows 10&apos;, os.arch: &apos;amd64&apos;, os.version: &apos;10.0&apos;, java.version: &apos;1.8.0_171&apos;
Driver info: driver.version: FirefoxDriver
	at org.openqa.selenium.firefox.internal.NewProfileExtensionConnection.start(NewProfileExtensionConnection.java:112)
	at org.openqa.selenium.firefox.FirefoxDriver.startClient(FirefoxDriver.java:271)
	at org.openqa.selenium.remote.RemoteWebDriver.&lt;init&gt;(RemoteWebDriver.java:119)
	at org.openqa.selenium.firefox.FirefoxDriver.&lt;init&gt;(FirefoxDriver.java:218)
	at org.openqa.selenium.firefox.FirefoxDriver.&lt;init&gt;(FirefoxDriver.java:211)
	at org.openqa.selenium.firefox.FirefoxDriver.&lt;init&gt;(FirefoxDriver.java:129)
	at org.openqa.selenium.remote.server.FirefoxDriverProvider.callConstructor(FirefoxDriverProvider.java:91)
	at org.openqa.selenium.remote.server.FirefoxDriverProvider.newInstance(FirefoxDriverProvider.java:68)
	at org.openqa.selenium.remote.server.DefaultDriverFactory.newInstance(DefaultDriverFactory.java:60)
	at org.openqa.selenium.remote.server.DefaultSession$BrowserCreator.call(DefaultSession.java:222)
	at org.openqa.selenium.remote.server.DefaultSession$BrowserCreator.call(DefaultSession.java:1)
	at java.util.concurrent.FutureTask.run(Unknown Source)
	at org.openqa.selenium.remote.server.DefaultSession$1.run(DefaultSession.java:176)
	at java.util.concurrent.ThreadPoolExecutor.runWorker(Unknown Source)
	at java.util.concurrent.ThreadPoolExecutor$Worker.run(Unknown Source)
	at java.lang.Thread.run(Unknown Source)
... Removed 34 stack frames</pre></div><a href='#' onClick='toggleBox("stack-trace2102368942", this, "Click to show all stack frames", "Click to hide stack frames")'>Click to show all stack frames</a>
<div class='stack-trace' id='stack-trace2102368942'><pre>org.openqa.selenium.WebDriverException: Unable to connect to host 127.0.0.1 on port 7055 after 45000 ms. Firefox console output:
244438	addons.xpi	DEBUG	Calling bootstrap method startup on screenshots@mozilla.org version 32.1.0
1531262244438	addons.xpi	DEBUG	Registering manifest for C:\Program Files\Mozilla Firefox\browser\features\webcompat-reporter@mozilla.org.xpi
1531262244439	addons.xpi	DEBUG	Calling bootstrap method startup on webcompat-reporter@mozilla.org version 1.0.0
1531262244439	addons.xpi	DEBUG	Registering manifest for C:\Program Files\Mozilla Firefox\browser\features\webcompat@mozilla.org.xpi
1531262244441	addons.xpi	DEBUG	Calling bootstrap method startup on webcompat@mozilla.org version 2.0
1531262244442	addons.manager	DEBUG	Registering shutdown blocker for XPIProvider
1531262244443	addons.manager	DEBUG	Provider finished startup: XPIProvider
1531262244443	addons.manager	DEBUG	Starting provider: LightweightThemeManager
1531262244443	addons.manager	DEBUG	Registering shutdown blocker for LightweightThemeManager
1531262244443	addons.manager	DEBUG	Provider finished startup: LightweightThemeManager
1531262244443	addons.manager	DEBUG	Starting provider: GMPProvider
1531262244445	addons.manager	DEBUG	Registering shutdown blocker for GMPProvider
1531262244445	addons.manager	DEBUG	Provider finished startup: GMPProvider
1531262244445	addons.manager	DEBUG	Starting provider: PluginProvider
1531262244446	addons.manager	DEBUG	Registering shutdown blocker for PluginProvider
1531262244446	addons.manager	DEBUG	Provider finished startup: PluginProvider
1531262244447	addons.manager	DEBUG	Completed startup sequence
Unable to read VR Path Registry from C:\Users\fakhr\AppData\Local\openvr\openvrpaths.vrpath
Unable to read VR Path Registry from C:\Users\fakhr\AppData\Local\openvr\openvrpaths.vrpath
1531262244962	addons.repository	DEBUG	No addons.json found.
Unable to read VR Path Registry from C:\Users\fakhr\AppData\Local\openvr\openvrpaths.vrpath
Unable to read VR Path Registry from C:\Users\fakhr\AppData\Local\openvr\openvrpaths.vrpath
Unable to read VR Path Registry from C:\Users\fakhr\AppData\Local\openvr\openvrpaths.vrpath
1531262245517	addons.xpi	DEBUG	Ignoring file entry whose name is not a valid add-on ID: C:\Users\fakhr\AppData\Local\Temp\anonymous7059854874703317831webdriver-profile\extensions\webdriver-staging
1531262245517	addons.xpi	DEBUG	Existing add-on activity-stream@mozilla.org in app-system-defaults
1531262245518	addons.xpi	DEBUG	Existing add-on aushelper@mozilla.org in app-system-defaults
1531262245518	addons.xpi	DEBUG	Existing add-on firefox@getpocket.com in app-system-defaults
1531262245518	addons.xpi	DEBUG	Existing add-on followonsearch@mozilla.com in app-system-defaults
1531262245518	addons.xpi	DEBUG	Existing add-on formautofill@mozilla.org in app-system-defaults
1531262245519	addons.xpi	DEBUG	Existing add-on onboarding@mozilla.org in app-system-defaults
1531262245519	addons.xpi	DEBUG	Existing add-on screenshots@mozilla.org in app-system-defaults
1531262245519	addons.xpi	DEBUG	Existing add-on webcompat-reporter@mozilla.org in app-system-defaults
1531262245519	addons.xpi	DEBUG	Existing add-on webcompat@mozilla.org in app-system-defaults
1531262245520	addons.xpi	DEBUG	Existing add-on {4ED1F68A-5463-4931-9384-8FFF5ED91D92} in winreg-app-global
1531262245520	addons.xpi	DEBUG	getInstallState changed: false, state: {}
JavaScript error: resource://gre/modules/addons/XPIProvider.jsm, line 2189: TypeError: addon is null
1531262264490	addons.productaddons	INFO	sending request to: https://aus5.mozilla.org/update/3/GMP/61.0.1/20180704003137/WINNT_x86_64-msvc-x64/en-US/release/Windows_NT%2010.0.0.0.17134.137%20(x64)/default/default/update.xml
1531262265000	addons.productaddons	INFO	Completed downloading document
1531262265316	addons.productaddons	INFO	downloadXHR File download. status=200
1531262265321	addons.productaddons	INFO	Downloaded file will be saved to C:\Users\fakhr\AppData\Local\Temp\tmpaddon-bf23fa
1531262266769	addons.productaddons	INFO	downloadXHR File download. status=200
1531262266770	addons.productaddons	INFO	Downloaded file will be saved to C:\Users\fakhr\AppData\Local\Temp\tmpaddon-984ec4

Command duration or timeout: 45.57 seconds
Build info: version: &apos;2.53.0&apos;, revision: &apos;35ae25b1534ae328c771e0856c93e187490ca824&apos;, time: &apos;2016-03-15 10:43:46&apos;
System info: host: &apos;LAPTOP-JEI8AS0O&apos;, ip: &apos;192.168.56.1&apos;, os.name: &apos;Windows 10&apos;, os.arch: &apos;amd64&apos;, os.version: &apos;10.0&apos;, java.version: &apos;1.8.0_171&apos;
Driver info: org.openqa.selenium.remote.RemoteWebDriver
	at sun.reflect.NativeConstructorAccessorImpl.newInstance0(Native Method)
	at sun.reflect.NativeConstructorAccessorImpl.newInstance(NativeConstructorAccessorImpl.java:62)
	at sun.reflect.DelegatingConstructorAccessorImpl.newInstance(DelegatingConstructorAccessorImpl.java:45)
	at java.lang.reflect.Constructor.newInstance(Constructor.java:423)
	at org.openqa.selenium.remote.ErrorHandler.createThrowable(ErrorHandler.java:206)
	at org.openqa.selenium.remote.ErrorHandler.throwIfResponseFailed(ErrorHandler.java:158)
	at org.openqa.selenium.remote.RemoteWebDriver.execute(RemoteWebDriver.java:678)
	at org.openqa.selenium.remote.RemoteWebDriver.startSession(RemoteWebDriver.java:249)
	at org.openqa.selenium.remote.RemoteWebDriver.&lt;init&gt;(RemoteWebDriver.java:131)
	at org.openqa.selenium.remote.RemoteWebDriver.&lt;init&gt;(RemoteWebDriver.java:158)
	at com.gridsel.SecondCase.beforeClass(SecondCase.java:50)
	at sun.reflect.NativeMethodAccessorImpl.invoke0(Native Method)
	at sun.reflect.NativeMethodAccessorImpl.invoke(NativeMethodAccessorImpl.java:62)
	at sun.reflect.DelegatingMethodAccessorImpl.invoke(DelegatingMethodAccessorImpl.java:43)
	at java.lang.reflect.Method.invoke(Method.java:498)
	at org.testng.internal.MethodInvocationHelper.invokeMethod(MethodInvocationHelper.java:124)
	at org.testng.internal.MethodInvocationHelper.invokeMethodConsideringTimeout(MethodInvocationHelper.java:59)
	at org.testng.internal.Invoker.invokeConfigurationMethod(Invoker.java:458)
	at org.testng.internal.Invoker.invokeConfigurations(Invoker.java:222)
	at org.testng.internal.Invoker.invokeConfigurations(Invoker.java:142)
	at org.testng.internal.TestMethodWorker.invokeBeforeClassMethods(TestMethodWorker.java:168)
	at org.testng.internal.TestMethodWorker.run(TestMethodWorker.java:105)
	at org.testng.TestRunner.privateRun(TestRunner.java:648)
	at org.testng.TestRunner.run(TestRunner.java:505)
	at org.testng.SuiteRunner.runTest(SuiteRunner.java:455)
	at org.testng.SuiteRunner.runSequentially(SuiteRunner.java:450)
	at org.testng.SuiteRunner.privateRun(SuiteRunner.java:415)
	at org.testng.SuiteRunner.run(SuiteRunner.java:364)
	at org.testng.SuiteRunnerWorker.runSuite(SuiteRunnerWorker.java:52)
	at org.testng.SuiteRunnerWorker.run(SuiteRunnerWorker.java:84)
	at org.testng.TestNG.runSuitesSequentially(TestNG.java:1208)
	at org.testng.TestNG.runSuitesLocally(TestNG.java:1137)
	at org.testng.TestNG.runSuites(TestNG.java:1049)
	at org.testng.TestNG.run(TestNG.java:1017)
	at org.testng.remote.AbstractRemoteTestNG.run(AbstractRemoteTestNG.java:114)
	at org.testng.remote.RemoteTestNG.initAndRun(RemoteTestNG.java:251)
	at org.testng.remote.RemoteTestNG.main(RemoteTestNG.java:77)
Caused by: org.openqa.selenium.remote.ErrorHandler$UnknownServerException: Unable to connect to host 127.0.0.1 on port 7055 after 45000 ms. Firefox console output:
244438	addons.xpi	DEBUG	Calling bootstrap method startup on screenshots@mozilla.org version 32.1.0
1531262244438	addons.xpi	DEBUG	Registering manifest for C:\Program Files\Mozilla Firefox\browser\features\webcompat-reporter@mozilla.org.xpi
1531262244439	addons.xpi	DEBUG	Calling bootstrap method startup on webcompat-reporter@mozilla.org version 1.0.0
1531262244439	addons.xpi	DEBUG	Registering manifest for C:\Program Files\Mozilla Firefox\browser\features\webcompat@mozilla.org.xpi
1531262244441	addons.xpi	DEBUG	Calling bootstrap method startup on webcompat@mozilla.org version 2.0
1531262244442	addons.manager	DEBUG	Registering shutdown blocker for XPIProvider
1531262244443	addons.manager	DEBUG	Provider finished startup: XPIProvider
1531262244443	addons.manager	DEBUG	Starting provider: LightweightThemeManager
1531262244443	addons.manager	DEBUG	Registering shutdown blocker for LightweightThemeManager
1531262244443	addons.manager	DEBUG	Provider finished startup: LightweightThemeManager
1531262244443	addons.manager	DEBUG	Starting provider: GMPProvider
1531262244445	addons.manager	DEBUG	Registering shutdown blocker for GMPProvider
1531262244445	addons.manager	DEBUG	Provider finished startup: GMPProvider
1531262244445	addons.manager	DEBUG	Starting provider: PluginProvider
1531262244446	addons.manager	DEBUG	Registering shutdown blocker for PluginProvider
1531262244446	addons.manager	DEBUG	Provider finished startup: PluginProvider
1531262244447	addons.manager	DEBUG	Completed startup sequence
Unable to read VR Path Registry from C:\Users\fakhr\AppData\Local\openvr\openvrpaths.vrpath
Unable to read VR Path Registry from C:\Users\fakhr\AppData\Local\openvr\openvrpaths.vrpath
1531262244962	addons.repository	DEBUG	No addons.json found.
Unable to read VR Path Registry from C:\Users\fakhr\AppData\Local\openvr\openvrpaths.vrpath
Unable to read VR Path Registry from C:\Users\fakhr\AppData\Local\openvr\openvrpaths.vrpath
Unable to read VR Path Registry from C:\Users\fakhr\AppData\Local\openvr\openvrpaths.vrpath
1531262245517	addons.xpi	DEBUG	Ignoring file entry whose name is not a valid add-on ID: C:\Users\fakhr\AppData\Local\Temp\anonymous7059854874703317831webdriver-profile\extensions\webdriver-staging
1531262245517	addons.xpi	DEBUG	Existing add-on activity-stream@mozilla.org in app-system-defaults
1531262245518	addons.xpi	DEBUG	Existing add-on aushelper@mozilla.org in app-system-defaults
1531262245518	addons.xpi	DEBUG	Existing add-on firefox@getpocket.com in app-system-defaults
1531262245518	addons.xpi	DEBUG	Existing add-on followonsearch@mozilla.com in app-system-defaults
1531262245518	addons.xpi	DEBUG	Existing add-on formautofill@mozilla.org in app-system-defaults
1531262245519	addons.xpi	DEBUG	Existing add-on onboarding@mozilla.org in app-system-defaults
1531262245519	addons.xpi	DEBUG	Existing add-on screenshots@mozilla.org in app-system-defaults
1531262245519	addons.xpi	DEBUG	Existing add-on webcompat-reporter@mozilla.org in app-system-defaults
1531262245519	addons.xpi	DEBUG	Existing add-on webcompat@mozilla.org in app-system-defaults
1531262245520	addons.xpi	DEBUG	Existing add-on {4ED1F68A-5463-4931-9384-8FFF5ED91D92} in winreg-app-global
1531262245520	addons.xpi	DEBUG	getInstallState changed: false, state: {}
JavaScript error: resource://gre/modules/addons/XPIProvider.jsm, line 2189: TypeError: addon is null
1531262264490	addons.productaddons	INFO	sending request to: https://aus5.mozilla.org/update/3/GMP/61.0.1/20180704003137/WINNT_x86_64-msvc-x64/en-US/release/Windows_NT%2010.0.0.0.17134.137%20(x64)/default/default/update.xml
1531262265000	addons.productaddons	INFO	Completed downloading document
1531262265316	addons.productaddons	INFO	downloadXHR File download. status=200
1531262265321	addons.productaddons	INFO	Downloaded file will be saved to C:\Users\fakhr\AppData\Local\Temp\tmpaddon-bf23fa
1531262266769	addons.productaddons	INFO	downloadXHR File download. status=200
1531262266770	addons.productaddons	INFO	Downloaded file will be saved to C:\Users\fakhr\AppData\Local\Temp\tmpaddon-984ec4

Build info: version: &apos;2.53.0&apos;, revision: &apos;35ae25b1534ae328c771e0856c93e187490ca824&apos;, time: &apos;2016-03-15 10:43:46&apos;
System info: host: &apos;LAPTOP-JEI8AS0O&apos;, ip: &apos;192.168.56.1&apos;, os.name: &apos;Windows 10&apos;, os.arch: &apos;amd64&apos;, os.version: &apos;10.0&apos;, java.version: &apos;1.8.0_171&apos;
Driver info: driver.version: FirefoxDriver
	at org.openqa.selenium.firefox.internal.NewProfileExtensionConnection.start(NewProfileExtensionConnection.java:112)
	at org.openqa.selenium.firefox.FirefoxDriver.startClient(FirefoxDriver.java:271)
	at org.openqa.selenium.remote.RemoteWebDriver.&lt;init&gt;(RemoteWebDriver.java:119)
	at org.openqa.selenium.firefox.FirefoxDriver.&lt;init&gt;(FirefoxDriver.java:218)
	at org.openqa.selenium.firefox.FirefoxDriver.&lt;init&gt;(FirefoxDriver.java:211)
	at org.openqa.selenium.firefox.FirefoxDriver.&lt;init&gt;(FirefoxDriver.java:129)
	at sun.reflect.NativeConstructorAccessorImpl.newInstance0(Native Method)
	at sun.reflect.NativeConstructorAccessorImpl.newInstance(Unknown Source)
	at sun.reflect.DelegatingConstructorAccessorImpl.newInstance(Unknown Source)
	at java.lang.reflect.Constructor.newInstance(Unknown Source)
	at org.openqa.selenium.remote.server.FirefoxDriverProvider.callConstructor(FirefoxDriverProvider.java:91)
	at org.openqa.selenium.remote.server.FirefoxDriverProvider.newInstance(FirefoxDriverProvider.java:68)
	at org.openqa.selenium.remote.server.DefaultDriverFactory.newInstance(DefaultDriverFactory.java:60)
	at org.openqa.selenium.remote.server.DefaultSession$BrowserCreator.call(DefaultSession.java:222)
	at org.openqa.selenium.remote.server.DefaultSession$BrowserCreator.call(DefaultSession.java:1)
	at java.util.concurrent.FutureTask.run(Unknown Source)
	at org.openqa.selenium.remote.server.DefaultSession$1.run(DefaultSession.java:176)
	at java.util.concurrent.ThreadPoolExecutor.runWorker(Unknown Source)
	at java.util.concurrent.ThreadPoolExecutor$Worker.run(Unknown Source)
	at java.lang.Thread.run(Unknown Source)
</pre></div></td>
<td>0</td>
<td>com.gridsel.SecondCase@27c20538</td></tr>
</table><p>
</body>
</html>