<?xml version="1.0" encoding="UTF-8"?>
<!-- Generated by org.testng.reporters.JUnitReportReporter -->
<testsuite hostname="Hasan" name="Session2" tests="1" failures="0" timestamp="18 Nov 2017 20:11:03 GMT" time="7.221" errors="1">
  <testcase name="Setting" time="7.221" classname="Session2">
    <error type="org.openqa.selenium.NoSuchElementException" message="no such element (An element could not be located on the page using the given search parameters (XPATH=&#039;//*[@text=&#039;Sign Up&#039;]&#039;))  (WARNING: The server did not provide any stacktrace information)
Command duration or timeout: 1.91 seconds
For documentation on this error, please visit: http://seleniumhq.org/exceptions/no_such_element.html
Build info: version: &#039;2.53.0&#039;, revision: &#039;35ae25b&#039;, time: &#039;2016-03-15 16:57:40&#039;
System info: host: &#039;Hasan&#039;, ip: &#039;10.155.31.136&#039;, os.name: &#039;Windows 8.1&#039;, os.arch: &#039;amd64&#039;, os.version: &#039;6.3&#039;, java.version: &#039;1.8.0_131&#039;
Driver info: io.appium.java_client.android.AndroidDriver
Capabilities [{appPackage=com.one97.hero, device.majorVersion=5.x, dontGoHomeOnQuit=false, device.os=Android, noReset=true, dontStopAppOnReset=false, reservationDuration=240, reportFormat=xml, deviceName=TA9330BPD6, fullReset=false, platform=ANY, desired={app=C:\Users\Fakhrul\workspace\AppiumNov\src\paytm.apk, noReset=true, newCommandTimeout=10, platformName=Android, deviceName=TA9330BPD6}, device.serialNumber=TA9330BPD6, device.version=5.1, newCommandTimeout=10, reportDirectory=reports, autoWebview=false, platformName=Android, testName=Untitled, device.screenSize=720x1280, useKeystore=false, app=C:\Users\Fakhrul\workspace\AppiumNov\src\paytm.apk, device.manufacture=motorola, instrumentApp=false, device.category=PHONE, autoDismissAlerts=false, reportUrl=C:\Users\Fakhrul\appiumstudio-reports\reports\test18, app.package=com.one97.hero, keystorePath=~/.android/debug.keystore, appActivity=.scoop.ScoopRootActivity, waitForDeviceTimeout=120000, device.model=XT1033, device.name=XT1033, projectName=, autoAcceptAlerts=false}]
Session ID: b2830ea7-d9ca-4302-800e-ff9932487c3c
*** Element info: {Using=xpath, value=//*[@text=&#039;Sign Up&#039;]}">
      <![CDATA[org.openqa.selenium.NoSuchElementException: no such element (An element could not be located on the page using the given search parameters (XPATH='//*[@text='Sign Up']'))  (WARNING: The server did not provide any stacktrace information)
Command duration or timeout: 1.91 seconds
For documentation on this error, please visit: http://seleniumhq.org/exceptions/no_such_element.html
Build info: version: '2.53.0', revision: '35ae25b', time: '2016-03-15 16:57:40'
System info: host: 'Hasan', ip: '10.155.31.136', os.name: 'Windows 8.1', os.arch: 'amd64', os.version: '6.3', java.version: '1.8.0_131'
Driver info: io.appium.java_client.android.AndroidDriver
Capabilities [{appPackage=com.one97.hero, device.majorVersion=5.x, dontGoHomeOnQuit=false, device.os=Android, noReset=true, dontStopAppOnReset=false, reservationDuration=240, reportFormat=xml, deviceName=TA9330BPD6, fullReset=false, platform=ANY, desired={app=C:\Users\Fakhrul\workspace\AppiumNov\src\paytm.apk, noReset=true, newCommandTimeout=10, platformName=Android, deviceName=TA9330BPD6}, device.serialNumber=TA9330BPD6, device.version=5.1, newCommandTimeout=10, reportDirectory=reports, autoWebview=false, platformName=Android, testName=Untitled, device.screenSize=720x1280, useKeystore=false, app=C:\Users\Fakhrul\workspace\AppiumNov\src\paytm.apk, device.manufacture=motorola, instrumentApp=false, device.category=PHONE, autoDismissAlerts=false, reportUrl=C:\Users\Fakhrul\appiumstudio-reports\reports\test18, app.package=com.one97.hero, keystorePath=~/.android/debug.keystore, appActivity=.scoop.ScoopRootActivity, waitForDeviceTimeout=120000, device.model=XT1033, device.name=XT1033, projectName=, autoAcceptAlerts=false}]
Session ID: b2830ea7-d9ca-4302-800e-ff9932487c3c
*** Element info: {Using=xpath, value=//*[@text='Sign Up']}
	at sun.reflect.NativeConstructorAccessorImpl.newInstance0(Native Method)
	at sun.reflect.NativeConstructorAccessorImpl.newInstance(Unknown Source)
	at sun.reflect.DelegatingConstructorAccessorImpl.newInstance(Unknown Source)
	at java.lang.reflect.Constructor.newInstance(Unknown Source)
	at org.openqa.selenium.remote.ErrorHandler.createThrowable(ErrorHandler.java:206)
	at org.openqa.selenium.remote.ErrorHandler.throwIfResponseFailed(ErrorHandler.java:158)
	at org.openqa.selenium.remote.RemoteWebDriver.execute(RemoteWebDriver.java:678)
	at io.appium.java_client.DefaultGenericMobileDriver.execute(DefaultGenericMobileDriver.java:40)
	at io.appium.java_client.AppiumDriver.execute(AppiumDriver.java:1)
	at io.appium.java_client.android.AndroidDriver.execute(AndroidDriver.java:1)
	at org.openqa.selenium.remote.RemoteWebDriver.findElement(RemoteWebDriver.java:363)
	at io.appium.java_client.DefaultGenericMobileDriver.findElement(DefaultGenericMobileDriver.java:56)
	at io.appium.java_client.AppiumDriver.findElement(AppiumDriver.java:1)
	at io.appium.java_client.android.AndroidDriver.findElement(AndroidDriver.java:1)
	at org.openqa.selenium.remote.RemoteWebDriver.findElementByXPath(RemoteWebDriver.java:500)
	at io.appium.java_client.DefaultGenericMobileDriver.findElementByXPath(DefaultGenericMobileDriver.java:134)
	at io.appium.java_client.AppiumDriver.findElementByXPath(AppiumDriver.java:1)
	at io.appium.java_client.android.AndroidDriver.findElementByXPath(AndroidDriver.java:1)
	at Session2.Setting(Session2.java:75)
	at sun.reflect.NativeMethodAccessorImpl.invoke0(Native Method)
	at sun.reflect.NativeMethodAccessorImpl.invoke(Unknown Source)
	at sun.reflect.DelegatingMethodAccessorImpl.invoke(Unknown Source)
	at java.lang.reflect.Method.invoke(Unknown Source)
	at org.testng.internal.MethodInvocationHelper.invokeMethod(MethodInvocationHelper.java:85)
	at org.testng.internal.Invoker.invokeMethod(Invoker.java:639)
	at org.testng.internal.Invoker.invokeTestMethod(Invoker.java:816)
	at org.testng.internal.Invoker.invokeTestMethods(Invoker.java:1124)
	at org.testng.internal.TestMethodWorker.invokeTestMethods(TestMethodWorker.java:125)
	at org.testng.internal.TestMethodWorker.run(TestMethodWorker.java:108)
	at org.testng.TestRunner.privateRun(TestRunner.java:774)
	at org.testng.TestRunner.run(TestRunner.java:624)
	at org.testng.SuiteRunner.runTest(SuiteRunner.java:359)
	at org.testng.SuiteRunner.runSequentially(SuiteRunner.java:354)
	at org.testng.SuiteRunner.privateRun(SuiteRunner.java:312)
	at org.testng.SuiteRunner.run(SuiteRunner.java:261)
	at org.testng.SuiteRunnerWorker.runSuite(SuiteRunnerWorker.java:52)
	at org.testng.SuiteRunnerWorker.run(SuiteRunnerWorker.java:86)
	at org.testng.TestNG.runSuitesSequentially(TestNG.java:1215)
	at org.testng.TestNG.runSuitesLocally(TestNG.java:1140)
	at org.testng.TestNG.run(TestNG.java:1048)
	at org.testng.remote.AbstractRemoteTestNG.run(AbstractRemoteTestNG.java:114)
	at org.testng.remote.RemoteTestNG.initAndRun(RemoteTestNG.java:251)
	at org.testng.remote.RemoteTestNG.main(RemoteTestNG.java:77)
]]>
    </error>
  </testcase> <!-- Setting -->
</testsuite> <!-- Session2 -->
