<!DOCTYPE html>

<html>
  <head>
  <meta charset='utf-8'>
  <title>TestNG reports</title>

    <link type="text/css" href="testng-reports.css" rel="stylesheet" />
    <script type="text/javascript" src="jquery-1.7.1.min.js"></script>
    <script type="text/javascript" src="testng-reports.js"></script>
    <script type="text/javascript" src="https://www.google.com/jsapi"></script>
    <script type='text/javascript'>
      google.load('visualization', '1', {packages:['table']});
      google.setOnLoadCallback(drawTable);
      var suiteTableInitFunctions = new Array();
      var suiteTableData = new Array();
    </script>
    <!--
      <script type="text/javascript" src="jquery-ui/js/jquery-ui-1.8.16.custom.min.js"></script>
     -->
  </head>

  <body>
    <div class="top-banner-root">
      <span class="top-banner-title-font">Test results</span>
      <br/>
      <span class="top-banner-font-1">1 suite</span>
    </div> <!-- top-banner-root -->
    <div class="navigator-root">
      <div class="navigator-suite-header">
        <span>All suites</span>
        <a href="#" class="collapse-all-link" title="Collapse/expand all the suites">
          <img class="collapse-all-icon" src="collapseall.gif">
          </img> <!-- collapse-all-icon -->
        </a> <!-- collapse-all-link -->
      </div> <!-- navigator-suite-header -->
      <div class="suite">
        <div class="rounded-window">
          <div class="suite-header light-rounded-window-top">
            <a href="#" class="navigator-link" panel-name="suite-Suite">
              <span class="suite-name border-skipped">Suite</span>
            </a> <!-- navigator-link -->
          </div> <!-- suite-header light-rounded-window-top -->
          <div class="navigator-suite-content">
            <div class="suite-section-title">
              <span>Info</span>
            </div> <!-- suite-section-title -->
            <div class="suite-section-content">
              <ul>
                <li>
                  <a href="#" class="navigator-link " panel-name="test-xml-Suite">
                    <span>C:\Users\fakhr\eclipse-workspace\SeleniumGrid\src\test\java\testngNew.xml</span>
                  </a> <!-- navigator-link  -->
                </li>
                <li>
                  <a href="#" class="navigator-link " panel-name="testlist-Suite">
                    <span class="test-stats">2 tests</span>
                  </a> <!-- navigator-link  -->
                </li>
                <li>
                  <a href="#" class="navigator-link " panel-name="group-Suite">
                    <span>0 groups</span>
                  </a> <!-- navigator-link  -->
                </li>
                <li>
                  <a href="#" class="navigator-link " panel-name="times-Suite">
                    <span>Times</span>
                  </a> <!-- navigator-link  -->
                </li>
                <li>
                  <a href="#" class="navigator-link " panel-name="reporter-Suite">
                    <span>Reporter output</span>
                  </a> <!-- navigator-link  -->
                </li>
                <li>
                  <a href="#" class="navigator-link " panel-name="ignored-methods-Suite">
                    <span>Ignored methods</span>
                  </a> <!-- navigator-link  -->
                </li>
                <li>
                  <a href="#" class="navigator-link " panel-name="chronological-Suite">
                    <span>Chronological view</span>
                  </a> <!-- navigator-link  -->
                </li>
              </ul>
            </div> <!-- suite-section-content -->
            <div class="result-section">
              <div class="suite-section-title">
                <span>Results</span>
              </div> <!-- suite-section-title -->
              <div class="suite-section-content">
                <ul>
                  <li>
                    <span class="method-stats">8 methods,  4 skipped,  4 passed</span>
                  </li>
                  <li>
                    <span class="method-list-title skipped">Skipped methods</span>
                    <span class="show-or-hide-methods skipped">
                      <a href="#" panel-name="suite-Suite" class="hide-methods skipped suite-Suite"> (hide)</a> <!-- hide-methods skipped suite-Suite -->
                      <a href="#" panel-name="suite-Suite" class="show-methods skipped suite-Suite"> (show)</a> <!-- show-methods skipped suite-Suite -->
                    </span>
                    <div class="method-list-content skipped suite-Suite">
                      <span>
                        <img width="3%" src="skipped.png"/>
                        <a href="#" class="method navigator-link" panel-name="suite-Suite" title="com.gridsel.SecondCase" hash-for-method="f1">f1</a> <!-- method navigator-link -->
                      </span>
                      <br/>
                      <span>
                        <img width="3%" src="skipped.png"/>
                        <a href="#" class="method navigator-link" panel-name="suite-Suite" title="com.gridsel.SecondCase" hash-for-method="f2">f2</a> <!-- method navigator-link -->
                      </span>
                      <br/>
                      <span>
                        <img width="3%" src="skipped.png"/>
                        <a href="#" class="method navigator-link" panel-name="suite-Suite" title="com.gridsel.SecondCase" hash-for-method="f3">f3</a> <!-- method navigator-link -->
                      </span>
                      <br/>
                      <span>
                        <img width="3%" src="skipped.png"/>
                        <a href="#" class="method navigator-link" panel-name="suite-Suite" title="com.gridsel.SecondCase" hash-for-method="f4">f4</a> <!-- method navigator-link -->
                      </span>
                      <br/>
                    </div> <!-- method-list-content skipped suite-Suite -->
                  </li>
                  <li>
                    <span class="method-list-title passed">Passed methods</span>
                    <span class="show-or-hide-methods passed">
                      <a href="#" panel-name="suite-Suite" class="hide-methods passed suite-Suite"> (hide)</a> <!-- hide-methods passed suite-Suite -->
                      <a href="#" panel-name="suite-Suite" class="show-methods passed suite-Suite"> (show)</a> <!-- show-methods passed suite-Suite -->
                    </span>
                    <div class="method-list-content passed suite-Suite">
                      <span>
                        <img width="3%" src="passed.png"/>
                        <a href="#" class="method navigator-link" panel-name="suite-Suite" title="com.gridsel.SecondCase" hash-for-method="f1">f1</a> <!-- method navigator-link -->
                      </span>
                      <br/>
                      <span>
                        <img width="3%" src="passed.png"/>
                        <a href="#" class="method navigator-link" panel-name="suite-Suite" title="com.gridsel.SecondCase" hash-for-method="f2">f2</a> <!-- method navigator-link -->
                      </span>
                      <br/>
                      <span>
                        <img width="3%" src="passed.png"/>
                        <a href="#" class="method navigator-link" panel-name="suite-Suite" title="com.gridsel.SecondCase" hash-for-method="f3">f3</a> <!-- method navigator-link -->
                      </span>
                      <br/>
                      <span>
                        <img width="3%" src="passed.png"/>
                        <a href="#" class="method navigator-link" panel-name="suite-Suite" title="com.gridsel.SecondCase" hash-for-method="f4">f4</a> <!-- method navigator-link -->
                      </span>
                      <br/>
                    </div> <!-- method-list-content passed suite-Suite -->
                  </li>
                </ul>
              </div> <!-- suite-section-content -->
            </div> <!-- result-section -->
          </div> <!-- navigator-suite-content -->
        </div> <!-- rounded-window -->
      </div> <!-- suite -->
    </div> <!-- navigator-root -->
    <div class="wrapper">
      <div class="main-panel-root">
        <div panel-name="suite-Suite" class="panel Suite">
          <div class="suite-Suite-class-skipped">
            <div class="main-panel-header rounded-window-top">
              <img src="skipped.png"/>
              <span class="class-name">com.gridsel.SecondCase</span>
            </div> <!-- main-panel-header rounded-window-top -->
            <div class="main-panel-content rounded-window-bottom">
              <div class="method">
                <div class="method-content">
                  <a name="f1">
                  </a> <!-- f1 -->
                  <span class="method-name">f1</span>
                  <div class="stack-trace">org.openqa.selenium.WebDriverException: Unable to connect to host 127.0.0.1 on port 7055 after 45000 ms. Firefox console output:
BUG	Calling bootstrap method startup on followonsearch@mozilla.com version 0.9.7
1531264171477	addons.xpi	DEBUG	Registering manifest for C:\Program Files\Mozilla Firefox\browser\features\formautofill@mozilla.org.xpi
1531264171477	addons.xpi	DEBUG	Calling bootstrap method startup on formautofill@mozilla.org version 1.0
1531264171477	addons.xpi	DEBUG	Registering manifest for C:\Program Files\Mozilla Firefox\browser\features\onboarding@mozilla.org.xpi
1531264171478	addons.xpi	DEBUG	Calling bootstrap method startup on onboarding@mozilla.org version 1.0
1531264171478	addons.xpi	DEBUG	Registering manifest for C:\Program Files\Mozilla Firefox\browser\features\screenshots@mozilla.org.xpi
1531264171479	addons.xpi	DEBUG	Calling bootstrap method startup on screenshots@mozilla.org version 32.1.0
1531264171479	addons.xpi	DEBUG	Registering manifest for C:\Program Files\Mozilla Firefox\browser\features\webcompat-reporter@mozilla.org.xpi
1531264171479	addons.xpi	DEBUG	Calling bootstrap method startup on webcompat-reporter@mozilla.org version 1.0.0
1531264171479	addons.xpi	DEBUG	Registering manifest for C:\Program Files\Mozilla Firefox\browser\features\webcompat@mozilla.org.xpi
1531264171480	addons.xpi	DEBUG	Calling bootstrap method startup on webcompat@mozilla.org version 2.0
1531264171482	addons.manager	DEBUG	Registering shutdown blocker for XPIProvider
1531264171482	addons.manager	DEBUG	Provider finished startup: XPIProvider
1531264171482	addons.manager	DEBUG	Starting provider: LightweightThemeManager
1531264171482	addons.manager	DEBUG	Registering shutdown blocker for LightweightThemeManager
1531264171482	addons.manager	DEBUG	Provider finished startup: LightweightThemeManager
1531264171482	addons.manager	DEBUG	Starting provider: GMPProvider
1531264171485	addons.manager	DEBUG	Registering shutdown blocker for GMPProvider
1531264171485	addons.manager	DEBUG	Provider finished startup: GMPProvider
1531264171485	addons.manager	DEBUG	Starting provider: PluginProvider
1531264171485	addons.manager	DEBUG	Registering shutdown blocker for PluginProvider
1531264171485	addons.manager	DEBUG	Provider finished startup: PluginProvider
1531264171486	addons.manager	DEBUG	Completed startup sequence
Unable to read VR Path Registry from C:\Users\fakhr\AppData\Local\openvr\openvrpaths.vrpath
Unable to read VR Path Registry from C:\Users\fakhr\AppData\Local\openvr\openvrpaths.vrpath
1531264171863	addons.repository	DEBUG	No addons.json found.
Unable to read VR Path Registry from C:\Users\fakhr\AppData\Local\openvr\openvrpaths.vrpath
Unable to read VR Path Registry from C:\Users\fakhr\AppData\Local\openvr\openvrpaths.vrpath
Unable to read VR Path Registry from C:\Users\fakhr\AppData\Local\openvr\openvrpaths.vrpath
1531264172442	addons.xpi	DEBUG	Ignoring file entry whose name is not a valid add-on ID: C:\Users\fakhr\AppData\Local\Temp\anonymous8070827577879533242webdriver-profile\extensions\webdriver-staging
1531264172443	addons.xpi	DEBUG	Existing add-on activity-stream@mozilla.org in app-system-defaults
1531264172444	addons.xpi	DEBUG	Existing add-on aushelper@mozilla.org in app-system-defaults
1531264172444	addons.xpi	DEBUG	Existing add-on firefox@getpocket.com in app-system-defaults
1531264172444	addons.xpi	DEBUG	Existing add-on followonsearch@mozilla.com in app-system-defaults
1531264172444	addons.xpi	DEBUG	Existing add-on formautofill@mozilla.org in app-system-defaults
1531264172444	addons.xpi	DEBUG	Existing add-on onboarding@mozilla.org in app-system-defaults
1531264172445	addons.xpi	DEBUG	Existing add-on screenshots@mozilla.org in app-system-defaults
1531264172445	addons.xpi	DEBUG	Existing add-on webcompat-reporter@mozilla.org in app-system-defaults
1531264172445	addons.xpi	DEBUG	Existing add-on webcompat@mozilla.org in app-system-defaults
1531264172446	addons.xpi	DEBUG	Existing add-on {4ED1F68A-5463-4931-9384-8FFF5ED91D92} in winreg-app-global
1531264172446	addons.xpi	DEBUG	getInstallState changed: false, state: {}
JavaScript error: resource://gre/modules/addons/XPIProvider.jsm, line 2189: TypeError: addon is null

Command duration or timeout: 45.58 seconds
	at org.openqa.selenium.remote.ErrorHandler.createThrowable(ErrorHandler.java:214)
	at org.openqa.selenium.remote.ErrorHandler.throwIfResponseFailed(ErrorHandler.java:166)
	at org.openqa.selenium.remote.JsonWireProtocolResponse.lambda$new$0(JsonWireProtocolResponse.java:53)
	at org.openqa.selenium.remote.JsonWireProtocolResponse.lambda$getResponseFunction$2(JsonWireProtocolResponse.java:91)
	at org.openqa.selenium.remote.ProtocolHandshake.lambda$createSession$0(ProtocolHandshake.java:123)
	at java.util.stream.ReferencePipeline$3$1.accept(ReferencePipeline.java:193)
	at java.util.Spliterators$ArraySpliterator.tryAdvance(Spliterators.java:958)
	at java.util.stream.ReferencePipeline.forEachWithCancel(ReferencePipeline.java:126)
	at java.util.stream.AbstractPipeline.copyIntoWithCancel(AbstractPipeline.java:498)
	at java.util.stream.AbstractPipeline.copyInto(AbstractPipeline.java:485)
	at java.util.stream.AbstractPipeline.wrapAndCopyInto(AbstractPipeline.java:471)
	at java.util.stream.FindOps$FindOp.evaluateSequential(FindOps.java:152)
	at java.util.stream.AbstractPipeline.evaluate(AbstractPipeline.java:234)
	at java.util.stream.ReferencePipeline.findFirst(ReferencePipeline.java:464)
	at org.openqa.selenium.remote.ProtocolHandshake.createSession(ProtocolHandshake.java:126)
	at org.openqa.selenium.remote.ProtocolHandshake.createSession(ProtocolHandshake.java:73)
	at org.openqa.selenium.remote.HttpCommandExecutor.execute(HttpCommandExecutor.java:138)
	at org.openqa.selenium.remote.RemoteWebDriver.execute(RemoteWebDriver.java:601)
	at org.openqa.selenium.remote.RemoteWebDriver.startSession(RemoteWebDriver.java:219)
	at org.openqa.selenium.remote.RemoteWebDriver.&lt;init&gt;(RemoteWebDriver.java:142)
	at org.openqa.selenium.remote.RemoteWebDriver.&lt;init&gt;(RemoteWebDriver.java:155)
	at com.gridsel.SecondCase.beforeClass(SecondCase.java:50)
Caused by: org.openqa.selenium.remote.ErrorHandler$UnknownServerException: Unable to connect to host 127.0.0.1 on port 7055 after 45000 ms. Firefox console output:
BUG	Calling bootstrap method startup on followonsearch@mozilla.com version 0.9.7
1531264171477	addons.xpi	DEBUG	Registering manifest for C:\Program Files\Mozilla Firefox\browser\features\formautofill@mozilla.org.xpi
1531264171477	addons.xpi	DEBUG	Calling bootstrap method startup on formautofill@mozilla.org version 1.0
1531264171477	addons.xpi	DEBUG	Registering manifest for C:\Program Files\Mozilla Firefox\browser\features\onboarding@mozilla.org.xpi
1531264171478	addons.xpi	DEBUG	Calling bootstrap method startup on onboarding@mozilla.org version 1.0
1531264171478	addons.xpi	DEBUG	Registering manifest for C:\Program Files\Mozilla Firefox\browser\features\screenshots@mozilla.org.xpi
1531264171479	addons.xpi	DEBUG	Calling bootstrap method startup on screenshots@mozilla.org version 32.1.0
1531264171479	addons.xpi	DEBUG	Registering manifest for C:\Program Files\Mozilla Firefox\browser\features\webcompat-reporter@mozilla.org.xpi
1531264171479	addons.xpi	DEBUG	Calling bootstrap method startup on webcompat-reporter@mozilla.org version 1.0.0
1531264171479	addons.xpi	DEBUG	Registering manifest for C:\Program Files\Mozilla Firefox\browser\features\webcompat@mozilla.org.xpi
1531264171480	addons.xpi	DEBUG	Calling bootstrap method startup on webcompat@mozilla.org version 2.0
1531264171482	addons.manager	DEBUG	Registering shutdown blocker for XPIProvider
1531264171482	addons.manager	DEBUG	Provider finished startup: XPIProvider
1531264171482	addons.manager	DEBUG	Starting provider: LightweightThemeManager
1531264171482	addons.manager	DEBUG	Registering shutdown blocker for LightweightThemeManager
1531264171482	addons.manager	DEBUG	Provider finished startup: LightweightThemeManager
1531264171482	addons.manager	DEBUG	Starting provider: GMPProvider
1531264171485	addons.manager	DEBUG	Registering shutdown blocker for GMPProvider
1531264171485	addons.manager	DEBUG	Provider finished startup: GMPProvider
1531264171485	addons.manager	DEBUG	Starting provider: PluginProvider
1531264171485	addons.manager	DEBUG	Registering shutdown blocker for PluginProvider
1531264171485	addons.manager	DEBUG	Provider finished startup: PluginProvider
1531264171486	addons.manager	DEBUG	Completed startup sequence
Unable to read VR Path Registry from C:\Users\fakhr\AppData\Local\openvr\openvrpaths.vrpath
Unable to read VR Path Registry from C:\Users\fakhr\AppData\Local\openvr\openvrpaths.vrpath
1531264171863	addons.repository	DEBUG	No addons.json found.
Unable to read VR Path Registry from C:\Users\fakhr\AppData\Local\openvr\openvrpaths.vrpath
Unable to read VR Path Registry from C:\Users\fakhr\AppData\Local\openvr\openvrpaths.vrpath
Unable to read VR Path Registry from C:\Users\fakhr\AppData\Local\openvr\openvrpaths.vrpath
1531264172442	addons.xpi	DEBUG	Ignoring file entry whose name is not a valid add-on ID: C:\Users\fakhr\AppData\Local\Temp\anonymous8070827577879533242webdriver-profile\extensions\webdriver-staging
1531264172443	addons.xpi	DEBUG	Existing add-on activity-stream@mozilla.org in app-system-defaults
1531264172444	addons.xpi	DEBUG	Existing add-on aushelper@mozilla.org in app-system-defaults
1531264172444	addons.xpi	DEBUG	Existing add-on firefox@getpocket.com in app-system-defaults
1531264172444	addons.xpi	DEBUG	Existing add-on followonsearch@mozilla.com in app-system-defaults
1531264172444	addons.xpi	DEBUG	Existing add-on formautofill@mozilla.org in app-system-defaults
1531264172444	addons.xpi	DEBUG	Existing add-on onboarding@mozilla.org in app-system-defaults
1531264172445	addons.xpi	DEBUG	Existing add-on screenshots@mozilla.org in app-system-defaults
1531264172445	addons.xpi	DEBUG	Existing add-on webcompat-reporter@mozilla.org in app-system-defaults
1531264172445	addons.xpi	DEBUG	Existing add-on webcompat@mozilla.org in app-system-defaults
1531264172446	addons.xpi	DEBUG	Existing add-on {4ED1F68A-5463-4931-9384-8FFF5ED91D92} in winreg-app-global
1531264172446	addons.xpi	DEBUG	getInstallState changed: false, state: {}
JavaScript error: resource://gre/modules/addons/XPIProvider.jsm, line 2189: TypeError: addon is null

Build info: version: &apos;3.10.0&apos;, revision: &apos;176b4a9&apos;, time: &apos;2018-03-02T19:03:16.397Z&apos;
System info: host: &apos;LAPTOP-JEI8AS0O&apos;, ip: &apos;192.168.56.1&apos;, os.name: &apos;Windows 10&apos;, os.arch: &apos;amd64&apos;, os.version: &apos;10.0&apos;, java.version: &apos;1.8.0_171&apos;
Driver info: driver.version: FirefoxDriver
	at org.openqa.selenium.firefox.internal.NewProfileExtensionConnection.start(NewProfileExtensionConnection.java:112)
	at org.openqa.selenium.firefox.FirefoxDriver.startClient(FirefoxDriver.java:271)
	at org.openqa.selenium.remote.RemoteWebDriver.&lt;init&gt;(RemoteWebDriver.java:119)
	at org.openqa.selenium.firefox.FirefoxDriver.&lt;init&gt;(FirefoxDriver.java:218)
	at org.openqa.selenium.firefox.FirefoxDriver.&lt;init&gt;(FirefoxDriver.java:211)
	at org.openqa.selenium.firefox.FirefoxDriver.&lt;init&gt;(FirefoxDriver.java:129)
	at org.openqa.selenium.remote.server.FirefoxDriverProvider.callConstructor(FirefoxDriverProvider.java:91)
	at org.openqa.selenium.remote.server.FirefoxDriverProvider.newInstance(FirefoxDriverProvider.java:68)
	at org.openqa.selenium.remote.server.DefaultDriverFactory.newInstance(DefaultDriverFactory.java:60)
	at org.openqa.selenium.remote.server.DefaultSession$BrowserCreator.call(DefaultSession.java:222)
	at org.openqa.selenium.remote.server.DefaultSession$BrowserCreator.call(DefaultSession.java:1)
	at java.util.concurrent.FutureTask.run(Unknown Source)
	at org.openqa.selenium.remote.server.DefaultSession$1.run(DefaultSession.java:176)
	at java.util.concurrent.ThreadPoolExecutor.runWorker(Unknown Source)
	at java.util.concurrent.ThreadPoolExecutor$Worker.run(Unknown Source)
	at java.lang.Thread.run(Unknown Source)
... Removed 34 stack frames
</div> <!-- stack-trace -->
                </div> <!-- method-content -->
              </div> <!-- method -->
              <div class="method">
                <div class="method-content">
                  <a name="f2">
                  </a> <!-- f2 -->
                  <span class="method-name">f2</span>
                  <div class="stack-trace">org.openqa.selenium.WebDriverException: Unable to connect to host 127.0.0.1 on port 7055 after 45000 ms. Firefox console output:
BUG	Calling bootstrap method startup on followonsearch@mozilla.com version 0.9.7
1531264171477	addons.xpi	DEBUG	Registering manifest for C:\Program Files\Mozilla Firefox\browser\features\formautofill@mozilla.org.xpi
1531264171477	addons.xpi	DEBUG	Calling bootstrap method startup on formautofill@mozilla.org version 1.0
1531264171477	addons.xpi	DEBUG	Registering manifest for C:\Program Files\Mozilla Firefox\browser\features\onboarding@mozilla.org.xpi
1531264171478	addons.xpi	DEBUG	Calling bootstrap method startup on onboarding@mozilla.org version 1.0
1531264171478	addons.xpi	DEBUG	Registering manifest for C:\Program Files\Mozilla Firefox\browser\features\screenshots@mozilla.org.xpi
1531264171479	addons.xpi	DEBUG	Calling bootstrap method startup on screenshots@mozilla.org version 32.1.0
1531264171479	addons.xpi	DEBUG	Registering manifest for C:\Program Files\Mozilla Firefox\browser\features\webcompat-reporter@mozilla.org.xpi
1531264171479	addons.xpi	DEBUG	Calling bootstrap method startup on webcompat-reporter@mozilla.org version 1.0.0
1531264171479	addons.xpi	DEBUG	Registering manifest for C:\Program Files\Mozilla Firefox\browser\features\webcompat@mozilla.org.xpi
1531264171480	addons.xpi	DEBUG	Calling bootstrap method startup on webcompat@mozilla.org version 2.0
1531264171482	addons.manager	DEBUG	Registering shutdown blocker for XPIProvider
1531264171482	addons.manager	DEBUG	Provider finished startup: XPIProvider
1531264171482	addons.manager	DEBUG	Starting provider: LightweightThemeManager
1531264171482	addons.manager	DEBUG	Registering shutdown blocker for LightweightThemeManager
1531264171482	addons.manager	DEBUG	Provider finished startup: LightweightThemeManager
1531264171482	addons.manager	DEBUG	Starting provider: GMPProvider
1531264171485	addons.manager	DEBUG	Registering shutdown blocker for GMPProvider
1531264171485	addons.manager	DEBUG	Provider finished startup: GMPProvider
1531264171485	addons.manager	DEBUG	Starting provider: PluginProvider
1531264171485	addons.manager	DEBUG	Registering shutdown blocker for PluginProvider
1531264171485	addons.manager	DEBUG	Provider finished startup: PluginProvider
1531264171486	addons.manager	DEBUG	Completed startup sequence
Unable to read VR Path Registry from C:\Users\fakhr\AppData\Local\openvr\openvrpaths.vrpath
Unable to read VR Path Registry from C:\Users\fakhr\AppData\Local\openvr\openvrpaths.vrpath
1531264171863	addons.repository	DEBUG	No addons.json found.
Unable to read VR Path Registry from C:\Users\fakhr\AppData\Local\openvr\openvrpaths.vrpath
Unable to read VR Path Registry from C:\Users\fakhr\AppData\Local\openvr\openvrpaths.vrpath
Unable to read VR Path Registry from C:\Users\fakhr\AppData\Local\openvr\openvrpaths.vrpath
1531264172442	addons.xpi	DEBUG	Ignoring file entry whose name is not a valid add-on ID: C:\Users\fakhr\AppData\Local\Temp\anonymous8070827577879533242webdriver-profile\extensions\webdriver-staging
1531264172443	addons.xpi	DEBUG	Existing add-on activity-stream@mozilla.org in app-system-defaults
1531264172444	addons.xpi	DEBUG	Existing add-on aushelper@mozilla.org in app-system-defaults
1531264172444	addons.xpi	DEBUG	Existing add-on firefox@getpocket.com in app-system-defaults
1531264172444	addons.xpi	DEBUG	Existing add-on followonsearch@mozilla.com in app-system-defaults
1531264172444	addons.xpi	DEBUG	Existing add-on formautofill@mozilla.org in app-system-defaults
1531264172444	addons.xpi	DEBUG	Existing add-on onboarding@mozilla.org in app-system-defaults
1531264172445	addons.xpi	DEBUG	Existing add-on screenshots@mozilla.org in app-system-defaults
1531264172445	addons.xpi	DEBUG	Existing add-on webcompat-reporter@mozilla.org in app-system-defaults
1531264172445	addons.xpi	DEBUG	Existing add-on webcompat@mozilla.org in app-system-defaults
1531264172446	addons.xpi	DEBUG	Existing add-on {4ED1F68A-5463-4931-9384-8FFF5ED91D92} in winreg-app-global
1531264172446	addons.xpi	DEBUG	getInstallState changed: false, state: {}
JavaScript error: resource://gre/modules/addons/XPIProvider.jsm, line 2189: TypeError: addon is null

Command duration or timeout: 45.58 seconds
	at org.openqa.selenium.remote.ErrorHandler.createThrowable(ErrorHandler.java:214)
	at org.openqa.selenium.remote.ErrorHandler.throwIfResponseFailed(ErrorHandler.java:166)
	at org.openqa.selenium.remote.JsonWireProtocolResponse.lambda$new$0(JsonWireProtocolResponse.java:53)
	at org.openqa.selenium.remote.JsonWireProtocolResponse.lambda$getResponseFunction$2(JsonWireProtocolResponse.java:91)
	at org.openqa.selenium.remote.ProtocolHandshake.lambda$createSession$0(ProtocolHandshake.java:123)
	at java.util.stream.ReferencePipeline$3$1.accept(ReferencePipeline.java:193)
	at java.util.Spliterators$ArraySpliterator.tryAdvance(Spliterators.java:958)
	at java.util.stream.ReferencePipeline.forEachWithCancel(ReferencePipeline.java:126)
	at java.util.stream.AbstractPipeline.copyIntoWithCancel(AbstractPipeline.java:498)
	at java.util.stream.AbstractPipeline.copyInto(AbstractPipeline.java:485)
	at java.util.stream.AbstractPipeline.wrapAndCopyInto(AbstractPipeline.java:471)
	at java.util.stream.FindOps$FindOp.evaluateSequential(FindOps.java:152)
	at java.util.stream.AbstractPipeline.evaluate(AbstractPipeline.java:234)
	at java.util.stream.ReferencePipeline.findFirst(ReferencePipeline.java:464)
	at org.openqa.selenium.remote.ProtocolHandshake.createSession(ProtocolHandshake.java:126)
	at org.openqa.selenium.remote.ProtocolHandshake.createSession(ProtocolHandshake.java:73)
	at org.openqa.selenium.remote.HttpCommandExecutor.execute(HttpCommandExecutor.java:138)
	at org.openqa.selenium.remote.RemoteWebDriver.execute(RemoteWebDriver.java:601)
	at org.openqa.selenium.remote.RemoteWebDriver.startSession(RemoteWebDriver.java:219)
	at org.openqa.selenium.remote.RemoteWebDriver.&lt;init&gt;(RemoteWebDriver.java:142)
	at org.openqa.selenium.remote.RemoteWebDriver.&lt;init&gt;(RemoteWebDriver.java:155)
	at com.gridsel.SecondCase.beforeClass(SecondCase.java:50)
Caused by: org.openqa.selenium.remote.ErrorHandler$UnknownServerException: Unable to connect to host 127.0.0.1 on port 7055 after 45000 ms. Firefox console output:
BUG	Calling bootstrap method startup on followonsearch@mozilla.com version 0.9.7
1531264171477	addons.xpi	DEBUG	Registering manifest for C:\Program Files\Mozilla Firefox\browser\features\formautofill@mozilla.org.xpi
1531264171477	addons.xpi	DEBUG	Calling bootstrap method startup on formautofill@mozilla.org version 1.0
1531264171477	addons.xpi	DEBUG	Registering manifest for C:\Program Files\Mozilla Firefox\browser\features\onboarding@mozilla.org.xpi
1531264171478	addons.xpi	DEBUG	Calling bootstrap method startup on onboarding@mozilla.org version 1.0
1531264171478	addons.xpi	DEBUG	Registering manifest for C:\Program Files\Mozilla Firefox\browser\features\screenshots@mozilla.org.xpi
1531264171479	addons.xpi	DEBUG	Calling bootstrap method startup on screenshots@mozilla.org version 32.1.0
1531264171479	addons.xpi	DEBUG	Registering manifest for C:\Program Files\Mozilla Firefox\browser\features\webcompat-reporter@mozilla.org.xpi
1531264171479	addons.xpi	DEBUG	Calling bootstrap method startup on webcompat-reporter@mozilla.org version 1.0.0
1531264171479	addons.xpi	DEBUG	Registering manifest for C:\Program Files\Mozilla Firefox\browser\features\webcompat@mozilla.org.xpi
1531264171480	addons.xpi	DEBUG	Calling bootstrap method startup on webcompat@mozilla.org version 2.0
1531264171482	addons.manager	DEBUG	Registering shutdown blocker for XPIProvider
1531264171482	addons.manager	DEBUG	Provider finished startup: XPIProvider
1531264171482	addons.manager	DEBUG	Starting provider: LightweightThemeManager
1531264171482	addons.manager	DEBUG	Registering shutdown blocker for LightweightThemeManager
1531264171482	addons.manager	DEBUG	Provider finished startup: LightweightThemeManager
1531264171482	addons.manager	DEBUG	Starting provider: GMPProvider
1531264171485	addons.manager	DEBUG	Registering shutdown blocker for GMPProvider
1531264171485	addons.manager	DEBUG	Provider finished startup: GMPProvider
1531264171485	addons.manager	DEBUG	Starting provider: PluginProvider
1531264171485	addons.manager	DEBUG	Registering shutdown blocker for PluginProvider
1531264171485	addons.manager	DEBUG	Provider finished startup: PluginProvider
1531264171486	addons.manager	DEBUG	Completed startup sequence
Unable to read VR Path Registry from C:\Users\fakhr\AppData\Local\openvr\openvrpaths.vrpath
Unable to read VR Path Registry from C:\Users\fakhr\AppData\Local\openvr\openvrpaths.vrpath
1531264171863	addons.repository	DEBUG	No addons.json found.
Unable to read VR Path Registry from C:\Users\fakhr\AppData\Local\openvr\openvrpaths.vrpath
Unable to read VR Path Registry from C:\Users\fakhr\AppData\Local\openvr\openvrpaths.vrpath
Unable to read VR Path Registry from C:\Users\fakhr\AppData\Local\openvr\openvrpaths.vrpath
1531264172442	addons.xpi	DEBUG	Ignoring file entry whose name is not a valid add-on ID: C:\Users\fakhr\AppData\Local\Temp\anonymous8070827577879533242webdriver-profile\extensions\webdriver-staging
1531264172443	addons.xpi	DEBUG	Existing add-on activity-stream@mozilla.org in app-system-defaults
1531264172444	addons.xpi	DEBUG	Existing add-on aushelper@mozilla.org in app-system-defaults
1531264172444	addons.xpi	DEBUG	Existing add-on firefox@getpocket.com in app-system-defaults
1531264172444	addons.xpi	DEBUG	Existing add-on followonsearch@mozilla.com in app-system-defaults
1531264172444	addons.xpi	DEBUG	Existing add-on formautofill@mozilla.org in app-system-defaults
1531264172444	addons.xpi	DEBUG	Existing add-on onboarding@mozilla.org in app-system-defaults
1531264172445	addons.xpi	DEBUG	Existing add-on screenshots@mozilla.org in app-system-defaults
1531264172445	addons.xpi	DEBUG	Existing add-on webcompat-reporter@mozilla.org in app-system-defaults
1531264172445	addons.xpi	DEBUG	Existing add-on webcompat@mozilla.org in app-system-defaults
1531264172446	addons.xpi	DEBUG	Existing add-on {4ED1F68A-5463-4931-9384-8FFF5ED91D92} in winreg-app-global
1531264172446	addons.xpi	DEBUG	getInstallState changed: false, state: {}
JavaScript error: resource://gre/modules/addons/XPIProvider.jsm, line 2189: TypeError: addon is null

Build info: version: &apos;3.10.0&apos;, revision: &apos;176b4a9&apos;, time: &apos;2018-03-02T19:03:16.397Z&apos;
System info: host: &apos;LAPTOP-JEI8AS0O&apos;, ip: &apos;192.168.56.1&apos;, os.name: &apos;Windows 10&apos;, os.arch: &apos;amd64&apos;, os.version: &apos;10.0&apos;, java.version: &apos;1.8.0_171&apos;
Driver info: driver.version: FirefoxDriver
	at org.openqa.selenium.firefox.internal.NewProfileExtensionConnection.start(NewProfileExtensionConnection.java:112)
	at org.openqa.selenium.firefox.FirefoxDriver.startClient(FirefoxDriver.java:271)
	at org.openqa.selenium.remote.RemoteWebDriver.&lt;init&gt;(RemoteWebDriver.java:119)
	at org.openqa.selenium.firefox.FirefoxDriver.&lt;init&gt;(FirefoxDriver.java:218)
	at org.openqa.selenium.firefox.FirefoxDriver.&lt;init&gt;(FirefoxDriver.java:211)
	at org.openqa.selenium.firefox.FirefoxDriver.&lt;init&gt;(FirefoxDriver.java:129)
	at org.openqa.selenium.remote.server.FirefoxDriverProvider.callConstructor(FirefoxDriverProvider.java:91)
	at org.openqa.selenium.remote.server.FirefoxDriverProvider.newInstance(FirefoxDriverProvider.java:68)
	at org.openqa.selenium.remote.server.DefaultDriverFactory.newInstance(DefaultDriverFactory.java:60)
	at org.openqa.selenium.remote.server.DefaultSession$BrowserCreator.call(DefaultSession.java:222)
	at org.openqa.selenium.remote.server.DefaultSession$BrowserCreator.call(DefaultSession.java:1)
	at java.util.concurrent.FutureTask.run(Unknown Source)
	at org.openqa.selenium.remote.server.DefaultSession$1.run(DefaultSession.java:176)
	at java.util.concurrent.ThreadPoolExecutor.runWorker(Unknown Source)
	at java.util.concurrent.ThreadPoolExecutor$Worker.run(Unknown Source)
	at java.lang.Thread.run(Unknown Source)
... Removed 34 stack frames
</div> <!-- stack-trace -->
                </div> <!-- method-content -->
              </div> <!-- method -->
              <div class="method">
                <div class="method-content">
                  <a name="f3">
                  </a> <!-- f3 -->
                  <span class="method-name">f3</span>
                  <div class="stack-trace">org.openqa.selenium.WebDriverException: Unable to connect to host 127.0.0.1 on port 7055 after 45000 ms. Firefox console output:
BUG	Calling bootstrap method startup on followonsearch@mozilla.com version 0.9.7
1531264171477	addons.xpi	DEBUG	Registering manifest for C:\Program Files\Mozilla Firefox\browser\features\formautofill@mozilla.org.xpi
1531264171477	addons.xpi	DEBUG	Calling bootstrap method startup on formautofill@mozilla.org version 1.0
1531264171477	addons.xpi	DEBUG	Registering manifest for C:\Program Files\Mozilla Firefox\browser\features\onboarding@mozilla.org.xpi
1531264171478	addons.xpi	DEBUG	Calling bootstrap method startup on onboarding@mozilla.org version 1.0
1531264171478	addons.xpi	DEBUG	Registering manifest for C:\Program Files\Mozilla Firefox\browser\features\screenshots@mozilla.org.xpi
1531264171479	addons.xpi	DEBUG	Calling bootstrap method startup on screenshots@mozilla.org version 32.1.0
1531264171479	addons.xpi	DEBUG	Registering manifest for C:\Program Files\Mozilla Firefox\browser\features\webcompat-reporter@mozilla.org.xpi
1531264171479	addons.xpi	DEBUG	Calling bootstrap method startup on webcompat-reporter@mozilla.org version 1.0.0
1531264171479	addons.xpi	DEBUG	Registering manifest for C:\Program Files\Mozilla Firefox\browser\features\webcompat@mozilla.org.xpi
1531264171480	addons.xpi	DEBUG	Calling bootstrap method startup on webcompat@mozilla.org version 2.0
1531264171482	addons.manager	DEBUG	Registering shutdown blocker for XPIProvider
1531264171482	addons.manager	DEBUG	Provider finished startup: XPIProvider
1531264171482	addons.manager	DEBUG	Starting provider: LightweightThemeManager
1531264171482	addons.manager	DEBUG	Registering shutdown blocker for LightweightThemeManager
1531264171482	addons.manager	DEBUG	Provider finished startup: LightweightThemeManager
1531264171482	addons.manager	DEBUG	Starting provider: GMPProvider
1531264171485	addons.manager	DEBUG	Registering shutdown blocker for GMPProvider
1531264171485	addons.manager	DEBUG	Provider finished startup: GMPProvider
1531264171485	addons.manager	DEBUG	Starting provider: PluginProvider
1531264171485	addons.manager	DEBUG	Registering shutdown blocker for PluginProvider
1531264171485	addons.manager	DEBUG	Provider finished startup: PluginProvider
1531264171486	addons.manager	DEBUG	Completed startup sequence
Unable to read VR Path Registry from C:\Users\fakhr\AppData\Local\openvr\openvrpaths.vrpath
Unable to read VR Path Registry from C:\Users\fakhr\AppData\Local\openvr\openvrpaths.vrpath
1531264171863	addons.repository	DEBUG	No addons.json found.
Unable to read VR Path Registry from C:\Users\fakhr\AppData\Local\openvr\openvrpaths.vrpath
Unable to read VR Path Registry from C:\Users\fakhr\AppData\Local\openvr\openvrpaths.vrpath
Unable to read VR Path Registry from C:\Users\fakhr\AppData\Local\openvr\openvrpaths.vrpath
1531264172442	addons.xpi	DEBUG	Ignoring file entry whose name is not a valid add-on ID: C:\Users\fakhr\AppData\Local\Temp\anonymous8070827577879533242webdriver-profile\extensions\webdriver-staging
1531264172443	addons.xpi	DEBUG	Existing add-on activity-stream@mozilla.org in app-system-defaults
1531264172444	addons.xpi	DEBUG	Existing add-on aushelper@mozilla.org in app-system-defaults
1531264172444	addons.xpi	DEBUG	Existing add-on firefox@getpocket.com in app-system-defaults
1531264172444	addons.xpi	DEBUG	Existing add-on followonsearch@mozilla.com in app-system-defaults
1531264172444	addons.xpi	DEBUG	Existing add-on formautofill@mozilla.org in app-system-defaults
1531264172444	addons.xpi	DEBUG	Existing add-on onboarding@mozilla.org in app-system-defaults
1531264172445	addons.xpi	DEBUG	Existing add-on screenshots@mozilla.org in app-system-defaults
1531264172445	addons.xpi	DEBUG	Existing add-on webcompat-reporter@mozilla.org in app-system-defaults
1531264172445	addons.xpi	DEBUG	Existing add-on webcompat@mozilla.org in app-system-defaults
1531264172446	addons.xpi	DEBUG	Existing add-on {4ED1F68A-5463-4931-9384-8FFF5ED91D92} in winreg-app-global
1531264172446	addons.xpi	DEBUG	getInstallState changed: false, state: {}
JavaScript error: resource://gre/modules/addons/XPIProvider.jsm, line 2189: TypeError: addon is null

Command duration or timeout: 45.58 seconds
	at org.openqa.selenium.remote.ErrorHandler.createThrowable(ErrorHandler.java:214)
	at org.openqa.selenium.remote.ErrorHandler.throwIfResponseFailed(ErrorHandler.java:166)
	at org.openqa.selenium.remote.JsonWireProtocolResponse.lambda$new$0(JsonWireProtocolResponse.java:53)
	at org.openqa.selenium.remote.JsonWireProtocolResponse.lambda$getResponseFunction$2(JsonWireProtocolResponse.java:91)
	at org.openqa.selenium.remote.ProtocolHandshake.lambda$createSession$0(ProtocolHandshake.java:123)
	at java.util.stream.ReferencePipeline$3$1.accept(ReferencePipeline.java:193)
	at java.util.Spliterators$ArraySpliterator.tryAdvance(Spliterators.java:958)
	at java.util.stream.ReferencePipeline.forEachWithCancel(ReferencePipeline.java:126)
	at java.util.stream.AbstractPipeline.copyIntoWithCancel(AbstractPipeline.java:498)
	at java.util.stream.AbstractPipeline.copyInto(AbstractPipeline.java:485)
	at java.util.stream.AbstractPipeline.wrapAndCopyInto(AbstractPipeline.java:471)
	at java.util.stream.FindOps$FindOp.evaluateSequential(FindOps.java:152)
	at java.util.stream.AbstractPipeline.evaluate(AbstractPipeline.java:234)
	at java.util.stream.ReferencePipeline.findFirst(ReferencePipeline.java:464)
	at org.openqa.selenium.remote.ProtocolHandshake.createSession(ProtocolHandshake.java:126)
	at org.openqa.selenium.remote.ProtocolHandshake.createSession(ProtocolHandshake.java:73)
	at org.openqa.selenium.remote.HttpCommandExecutor.execute(HttpCommandExecutor.java:138)
	at org.openqa.selenium.remote.RemoteWebDriver.execute(RemoteWebDriver.java:601)
	at org.openqa.selenium.remote.RemoteWebDriver.startSession(RemoteWebDriver.java:219)
	at org.openqa.selenium.remote.RemoteWebDriver.&lt;init&gt;(RemoteWebDriver.java:142)
	at org.openqa.selenium.remote.RemoteWebDriver.&lt;init&gt;(RemoteWebDriver.java:155)
	at com.gridsel.SecondCase.beforeClass(SecondCase.java:50)
Caused by: org.openqa.selenium.remote.ErrorHandler$UnknownServerException: Unable to connect to host 127.0.0.1 on port 7055 after 45000 ms. Firefox console output:
BUG	Calling bootstrap method startup on followonsearch@mozilla.com version 0.9.7
1531264171477	addons.xpi	DEBUG	Registering manifest for C:\Program Files\Mozilla Firefox\browser\features\formautofill@mozilla.org.xpi
1531264171477	addons.xpi	DEBUG	Calling bootstrap method startup on formautofill@mozilla.org version 1.0
1531264171477	addons.xpi	DEBUG	Registering manifest for C:\Program Files\Mozilla Firefox\browser\features\onboarding@mozilla.org.xpi
1531264171478	addons.xpi	DEBUG	Calling bootstrap method startup on onboarding@mozilla.org version 1.0
1531264171478	addons.xpi	DEBUG	Registering manifest for C:\Program Files\Mozilla Firefox\browser\features\screenshots@mozilla.org.xpi
1531264171479	addons.xpi	DEBUG	Calling bootstrap method startup on screenshots@mozilla.org version 32.1.0
1531264171479	addons.xpi	DEBUG	Registering manifest for C:\Program Files\Mozilla Firefox\browser\features\webcompat-reporter@mozilla.org.xpi
1531264171479	addons.xpi	DEBUG	Calling bootstrap method startup on webcompat-reporter@mozilla.org version 1.0.0
1531264171479	addons.xpi	DEBUG	Registering manifest for C:\Program Files\Mozilla Firefox\browser\features\webcompat@mozilla.org.xpi
1531264171480	addons.xpi	DEBUG	Calling bootstrap method startup on webcompat@mozilla.org version 2.0
1531264171482	addons.manager	DEBUG	Registering shutdown blocker for XPIProvider
1531264171482	addons.manager	DEBUG	Provider finished startup: XPIProvider
1531264171482	addons.manager	DEBUG	Starting provider: LightweightThemeManager
1531264171482	addons.manager	DEBUG	Registering shutdown blocker for LightweightThemeManager
1531264171482	addons.manager	DEBUG	Provider finished startup: LightweightThemeManager
1531264171482	addons.manager	DEBUG	Starting provider: GMPProvider
1531264171485	addons.manager	DEBUG	Registering shutdown blocker for GMPProvider
1531264171485	addons.manager	DEBUG	Provider finished startup: GMPProvider
1531264171485	addons.manager	DEBUG	Starting provider: PluginProvider
1531264171485	addons.manager	DEBUG	Registering shutdown blocker for PluginProvider
1531264171485	addons.manager	DEBUG	Provider finished startup: PluginProvider
1531264171486	addons.manager	DEBUG	Completed startup sequence
Unable to read VR Path Registry from C:\Users\fakhr\AppData\Local\openvr\openvrpaths.vrpath
Unable to read VR Path Registry from C:\Users\fakhr\AppData\Local\openvr\openvrpaths.vrpath
1531264171863	addons.repository	DEBUG	No addons.json found.
Unable to read VR Path Registry from C:\Users\fakhr\AppData\Local\openvr\openvrpaths.vrpath
Unable to read VR Path Registry from C:\Users\fakhr\AppData\Local\openvr\openvrpaths.vrpath
Unable to read VR Path Registry from C:\Users\fakhr\AppData\Local\openvr\openvrpaths.vrpath
1531264172442	addons.xpi	DEBUG	Ignoring file entry whose name is not a valid add-on ID: C:\Users\fakhr\AppData\Local\Temp\anonymous8070827577879533242webdriver-profile\extensions\webdriver-staging
1531264172443	addons.xpi	DEBUG	Existing add-on activity-stream@mozilla.org in app-system-defaults
1531264172444	addons.xpi	DEBUG	Existing add-on aushelper@mozilla.org in app-system-defaults
1531264172444	addons.xpi	DEBUG	Existing add-on firefox@getpocket.com in app-system-defaults
1531264172444	addons.xpi	DEBUG	Existing add-on followonsearch@mozilla.com in app-system-defaults
1531264172444	addons.xpi	DEBUG	Existing add-on formautofill@mozilla.org in app-system-defaults
1531264172444	addons.xpi	DEBUG	Existing add-on onboarding@mozilla.org in app-system-defaults
1531264172445	addons.xpi	DEBUG	Existing add-on screenshots@mozilla.org in app-system-defaults
1531264172445	addons.xpi	DEBUG	Existing add-on webcompat-reporter@mozilla.org in app-system-defaults
1531264172445	addons.xpi	DEBUG	Existing add-on webcompat@mozilla.org in app-system-defaults
1531264172446	addons.xpi	DEBUG	Existing add-on {4ED1F68A-5463-4931-9384-8FFF5ED91D92} in winreg-app-global
1531264172446	addons.xpi	DEBUG	getInstallState changed: false, state: {}
JavaScript error: resource://gre/modules/addons/XPIProvider.jsm, line 2189: TypeError: addon is null

Build info: version: &apos;3.10.0&apos;, revision: &apos;176b4a9&apos;, time: &apos;2018-03-02T19:03:16.397Z&apos;
System info: host: &apos;LAPTOP-JEI8AS0O&apos;, ip: &apos;192.168.56.1&apos;, os.name: &apos;Windows 10&apos;, os.arch: &apos;amd64&apos;, os.version: &apos;10.0&apos;, java.version: &apos;1.8.0_171&apos;
Driver info: driver.version: FirefoxDriver
	at org.openqa.selenium.firefox.internal.NewProfileExtensionConnection.start(NewProfileExtensionConnection.java:112)
	at org.openqa.selenium.firefox.FirefoxDriver.startClient(FirefoxDriver.java:271)
	at org.openqa.selenium.remote.RemoteWebDriver.&lt;init&gt;(RemoteWebDriver.java:119)
	at org.openqa.selenium.firefox.FirefoxDriver.&lt;init&gt;(FirefoxDriver.java:218)
	at org.openqa.selenium.firefox.FirefoxDriver.&lt;init&gt;(FirefoxDriver.java:211)
	at org.openqa.selenium.firefox.FirefoxDriver.&lt;init&gt;(FirefoxDriver.java:129)
	at org.openqa.selenium.remote.server.FirefoxDriverProvider.callConstructor(FirefoxDriverProvider.java:91)
	at org.openqa.selenium.remote.server.FirefoxDriverProvider.newInstance(FirefoxDriverProvider.java:68)
	at org.openqa.selenium.remote.server.DefaultDriverFactory.newInstance(DefaultDriverFactory.java:60)
	at org.openqa.selenium.remote.server.DefaultSession$BrowserCreator.call(DefaultSession.java:222)
	at org.openqa.selenium.remote.server.DefaultSession$BrowserCreator.call(DefaultSession.java:1)
	at java.util.concurrent.FutureTask.run(Unknown Source)
	at org.openqa.selenium.remote.server.DefaultSession$1.run(DefaultSession.java:176)
	at java.util.concurrent.ThreadPoolExecutor.runWorker(Unknown Source)
	at java.util.concurrent.ThreadPoolExecutor$Worker.run(Unknown Source)
	at java.lang.Thread.run(Unknown Source)
... Removed 34 stack frames
</div> <!-- stack-trace -->
                </div> <!-- method-content -->
              </div> <!-- method -->
              <div class="method">
                <div class="method-content">
                  <a name="f4">
                  </a> <!-- f4 -->
                  <span class="method-name">f4</span>
                  <div class="stack-trace">org.openqa.selenium.WebDriverException: Unable to connect to host 127.0.0.1 on port 7055 after 45000 ms. Firefox console output:
BUG	Calling bootstrap method startup on followonsearch@mozilla.com version 0.9.7
1531264171477	addons.xpi	DEBUG	Registering manifest for C:\Program Files\Mozilla Firefox\browser\features\formautofill@mozilla.org.xpi
1531264171477	addons.xpi	DEBUG	Calling bootstrap method startup on formautofill@mozilla.org version 1.0
1531264171477	addons.xpi	DEBUG	Registering manifest for C:\Program Files\Mozilla Firefox\browser\features\onboarding@mozilla.org.xpi
1531264171478	addons.xpi	DEBUG	Calling bootstrap method startup on onboarding@mozilla.org version 1.0
1531264171478	addons.xpi	DEBUG	Registering manifest for C:\Program Files\Mozilla Firefox\browser\features\screenshots@mozilla.org.xpi
1531264171479	addons.xpi	DEBUG	Calling bootstrap method startup on screenshots@mozilla.org version 32.1.0
1531264171479	addons.xpi	DEBUG	Registering manifest for C:\Program Files\Mozilla Firefox\browser\features\webcompat-reporter@mozilla.org.xpi
1531264171479	addons.xpi	DEBUG	Calling bootstrap method startup on webcompat-reporter@mozilla.org version 1.0.0
1531264171479	addons.xpi	DEBUG	Registering manifest for C:\Program Files\Mozilla Firefox\browser\features\webcompat@mozilla.org.xpi
1531264171480	addons.xpi	DEBUG	Calling bootstrap method startup on webcompat@mozilla.org version 2.0
1531264171482	addons.manager	DEBUG	Registering shutdown blocker for XPIProvider
1531264171482	addons.manager	DEBUG	Provider finished startup: XPIProvider
1531264171482	addons.manager	DEBUG	Starting provider: LightweightThemeManager
1531264171482	addons.manager	DEBUG	Registering shutdown blocker for LightweightThemeManager
1531264171482	addons.manager	DEBUG	Provider finished startup: LightweightThemeManager
1531264171482	addons.manager	DEBUG	Starting provider: GMPProvider
1531264171485	addons.manager	DEBUG	Registering shutdown blocker for GMPProvider
1531264171485	addons.manager	DEBUG	Provider finished startup: GMPProvider
1531264171485	addons.manager	DEBUG	Starting provider: PluginProvider
1531264171485	addons.manager	DEBUG	Registering shutdown blocker for PluginProvider
1531264171485	addons.manager	DEBUG	Provider finished startup: PluginProvider
1531264171486	addons.manager	DEBUG	Completed startup sequence
Unable to read VR Path Registry from C:\Users\fakhr\AppData\Local\openvr\openvrpaths.vrpath
Unable to read VR Path Registry from C:\Users\fakhr\AppData\Local\openvr\openvrpaths.vrpath
1531264171863	addons.repository	DEBUG	No addons.json found.
Unable to read VR Path Registry from C:\Users\fakhr\AppData\Local\openvr\openvrpaths.vrpath
Unable to read VR Path Registry from C:\Users\fakhr\AppData\Local\openvr\openvrpaths.vrpath
Unable to read VR Path Registry from C:\Users\fakhr\AppData\Local\openvr\openvrpaths.vrpath
1531264172442	addons.xpi	DEBUG	Ignoring file entry whose name is not a valid add-on ID: C:\Users\fakhr\AppData\Local\Temp\anonymous8070827577879533242webdriver-profile\extensions\webdriver-staging
1531264172443	addons.xpi	DEBUG	Existing add-on activity-stream@mozilla.org in app-system-defaults
1531264172444	addons.xpi	DEBUG	Existing add-on aushelper@mozilla.org in app-system-defaults
1531264172444	addons.xpi	DEBUG	Existing add-on firefox@getpocket.com in app-system-defaults
1531264172444	addons.xpi	DEBUG	Existing add-on followonsearch@mozilla.com in app-system-defaults
1531264172444	addons.xpi	DEBUG	Existing add-on formautofill@mozilla.org in app-system-defaults
1531264172444	addons.xpi	DEBUG	Existing add-on onboarding@mozilla.org in app-system-defaults
1531264172445	addons.xpi	DEBUG	Existing add-on screenshots@mozilla.org in app-system-defaults
1531264172445	addons.xpi	DEBUG	Existing add-on webcompat-reporter@mozilla.org in app-system-defaults
1531264172445	addons.xpi	DEBUG	Existing add-on webcompat@mozilla.org in app-system-defaults
1531264172446	addons.xpi	DEBUG	Existing add-on {4ED1F68A-5463-4931-9384-8FFF5ED91D92} in winreg-app-global
1531264172446	addons.xpi	DEBUG	getInstallState changed: false, state: {}
JavaScript error: resource://gre/modules/addons/XPIProvider.jsm, line 2189: TypeError: addon is null

Command duration or timeout: 45.58 seconds
	at org.openqa.selenium.remote.ErrorHandler.createThrowable(ErrorHandler.java:214)
	at org.openqa.selenium.remote.ErrorHandler.throwIfResponseFailed(ErrorHandler.java:166)
	at org.openqa.selenium.remote.JsonWireProtocolResponse.lambda$new$0(JsonWireProtocolResponse.java:53)
	at org.openqa.selenium.remote.JsonWireProtocolResponse.lambda$getResponseFunction$2(JsonWireProtocolResponse.java:91)
	at org.openqa.selenium.remote.ProtocolHandshake.lambda$createSession$0(ProtocolHandshake.java:123)
	at java.util.stream.ReferencePipeline$3$1.accept(ReferencePipeline.java:193)
	at java.util.Spliterators$ArraySpliterator.tryAdvance(Spliterators.java:958)
	at java.util.stream.ReferencePipeline.forEachWithCancel(ReferencePipeline.java:126)
	at java.util.stream.AbstractPipeline.copyIntoWithCancel(AbstractPipeline.java:498)
	at java.util.stream.AbstractPipeline.copyInto(AbstractPipeline.java:485)
	at java.util.stream.AbstractPipeline.wrapAndCopyInto(AbstractPipeline.java:471)
	at java.util.stream.FindOps$FindOp.evaluateSequential(FindOps.java:152)
	at java.util.stream.AbstractPipeline.evaluate(AbstractPipeline.java:234)
	at java.util.stream.ReferencePipeline.findFirst(ReferencePipeline.java:464)
	at org.openqa.selenium.remote.ProtocolHandshake.createSession(ProtocolHandshake.java:126)
	at org.openqa.selenium.remote.ProtocolHandshake.createSession(ProtocolHandshake.java:73)
	at org.openqa.selenium.remote.HttpCommandExecutor.execute(HttpCommandExecutor.java:138)
	at org.openqa.selenium.remote.RemoteWebDriver.execute(RemoteWebDriver.java:601)
	at org.openqa.selenium.remote.RemoteWebDriver.startSession(RemoteWebDriver.java:219)
	at org.openqa.selenium.remote.RemoteWebDriver.&lt;init&gt;(RemoteWebDriver.java:142)
	at org.openqa.selenium.remote.RemoteWebDriver.&lt;init&gt;(RemoteWebDriver.java:155)
	at com.gridsel.SecondCase.beforeClass(SecondCase.java:50)
Caused by: org.openqa.selenium.remote.ErrorHandler$UnknownServerException: Unable to connect to host 127.0.0.1 on port 7055 after 45000 ms. Firefox console output:
BUG	Calling bootstrap method startup on followonsearch@mozilla.com version 0.9.7
1531264171477	addons.xpi	DEBUG	Registering manifest for C:\Program Files\Mozilla Firefox\browser\features\formautofill@mozilla.org.xpi
1531264171477	addons.xpi	DEBUG	Calling bootstrap method startup on formautofill@mozilla.org version 1.0
1531264171477	addons.xpi	DEBUG	Registering manifest for C:\Program Files\Mozilla Firefox\browser\features\onboarding@mozilla.org.xpi
1531264171478	addons.xpi	DEBUG	Calling bootstrap method startup on onboarding@mozilla.org version 1.0
1531264171478	addons.xpi	DEBUG	Registering manifest for C:\Program Files\Mozilla Firefox\browser\features\screenshots@mozilla.org.xpi
1531264171479	addons.xpi	DEBUG	Calling bootstrap method startup on screenshots@mozilla.org version 32.1.0
1531264171479	addons.xpi	DEBUG	Registering manifest for C:\Program Files\Mozilla Firefox\browser\features\webcompat-reporter@mozilla.org.xpi
1531264171479	addons.xpi	DEBUG	Calling bootstrap method startup on webcompat-reporter@mozilla.org version 1.0.0
1531264171479	addons.xpi	DEBUG	Registering manifest for C:\Program Files\Mozilla Firefox\browser\features\webcompat@mozilla.org.xpi
1531264171480	addons.xpi	DEBUG	Calling bootstrap method startup on webcompat@mozilla.org version 2.0
1531264171482	addons.manager	DEBUG	Registering shutdown blocker for XPIProvider
1531264171482	addons.manager	DEBUG	Provider finished startup: XPIProvider
1531264171482	addons.manager	DEBUG	Starting provider: LightweightThemeManager
1531264171482	addons.manager	DEBUG	Registering shutdown blocker for LightweightThemeManager
1531264171482	addons.manager	DEBUG	Provider finished startup: LightweightThemeManager
1531264171482	addons.manager	DEBUG	Starting provider: GMPProvider
1531264171485	addons.manager	DEBUG	Registering shutdown blocker for GMPProvider
1531264171485	addons.manager	DEBUG	Provider finished startup: GMPProvider
1531264171485	addons.manager	DEBUG	Starting provider: PluginProvider
1531264171485	addons.manager	DEBUG	Registering shutdown blocker for PluginProvider
1531264171485	addons.manager	DEBUG	Provider finished startup: PluginProvider
1531264171486	addons.manager	DEBUG	Completed startup sequence
Unable to read VR Path Registry from C:\Users\fakhr\AppData\Local\openvr\openvrpaths.vrpath
Unable to read VR Path Registry from C:\Users\fakhr\AppData\Local\openvr\openvrpaths.vrpath
1531264171863	addons.repository	DEBUG	No addons.json found.
Unable to read VR Path Registry from C:\Users\fakhr\AppData\Local\openvr\openvrpaths.vrpath
Unable to read VR Path Registry from C:\Users\fakhr\AppData\Local\openvr\openvrpaths.vrpath
Unable to read VR Path Registry from C:\Users\fakhr\AppData\Local\openvr\openvrpaths.vrpath
1531264172442	addons.xpi	DEBUG	Ignoring file entry whose name is not a valid add-on ID: C:\Users\fakhr\AppData\Local\Temp\anonymous8070827577879533242webdriver-profile\extensions\webdriver-staging
1531264172443	addons.xpi	DEBUG	Existing add-on activity-stream@mozilla.org in app-system-defaults
1531264172444	addons.xpi	DEBUG	Existing add-on aushelper@mozilla.org in app-system-defaults
1531264172444	addons.xpi	DEBUG	Existing add-on firefox@getpocket.com in app-system-defaults
1531264172444	addons.xpi	DEBUG	Existing add-on followonsearch@mozilla.com in app-system-defaults
1531264172444	addons.xpi	DEBUG	Existing add-on formautofill@mozilla.org in app-system-defaults
1531264172444	addons.xpi	DEBUG	Existing add-on onboarding@mozilla.org in app-system-defaults
1531264172445	addons.xpi	DEBUG	Existing add-on screenshots@mozilla.org in app-system-defaults
1531264172445	addons.xpi	DEBUG	Existing add-on webcompat-reporter@mozilla.org in app-system-defaults
1531264172445	addons.xpi	DEBUG	Existing add-on webcompat@mozilla.org in app-system-defaults
1531264172446	addons.xpi	DEBUG	Existing add-on {4ED1F68A-5463-4931-9384-8FFF5ED91D92} in winreg-app-global
1531264172446	addons.xpi	DEBUG	getInstallState changed: false, state: {}
JavaScript error: resource://gre/modules/addons/XPIProvider.jsm, line 2189: TypeError: addon is null

Build info: version: &apos;3.10.0&apos;, revision: &apos;176b4a9&apos;, time: &apos;2018-03-02T19:03:16.397Z&apos;
System info: host: &apos;LAPTOP-JEI8AS0O&apos;, ip: &apos;192.168.56.1&apos;, os.name: &apos;Windows 10&apos;, os.arch: &apos;amd64&apos;, os.version: &apos;10.0&apos;, java.version: &apos;1.8.0_171&apos;
Driver info: driver.version: FirefoxDriver
	at org.openqa.selenium.firefox.internal.NewProfileExtensionConnection.start(NewProfileExtensionConnection.java:112)
	at org.openqa.selenium.firefox.FirefoxDriver.startClient(FirefoxDriver.java:271)
	at org.openqa.selenium.remote.RemoteWebDriver.&lt;init&gt;(RemoteWebDriver.java:119)
	at org.openqa.selenium.firefox.FirefoxDriver.&lt;init&gt;(FirefoxDriver.java:218)
	at org.openqa.selenium.firefox.FirefoxDriver.&lt;init&gt;(FirefoxDriver.java:211)
	at org.openqa.selenium.firefox.FirefoxDriver.&lt;init&gt;(FirefoxDriver.java:129)
	at org.openqa.selenium.remote.server.FirefoxDriverProvider.callConstructor(FirefoxDriverProvider.java:91)
	at org.openqa.selenium.remote.server.FirefoxDriverProvider.newInstance(FirefoxDriverProvider.java:68)
	at org.openqa.selenium.remote.server.DefaultDriverFactory.newInstance(DefaultDriverFactory.java:60)
	at org.openqa.selenium.remote.server.DefaultSession$BrowserCreator.call(DefaultSession.java:222)
	at org.openqa.selenium.remote.server.DefaultSession$BrowserCreator.call(DefaultSession.java:1)
	at java.util.concurrent.FutureTask.run(Unknown Source)
	at org.openqa.selenium.remote.server.DefaultSession$1.run(DefaultSession.java:176)
	at java.util.concurrent.ThreadPoolExecutor.runWorker(Unknown Source)
	at java.util.concurrent.ThreadPoolExecutor$Worker.run(Unknown Source)
	at java.lang.Thread.run(Unknown Source)
... Removed 34 stack frames
</div> <!-- stack-trace -->
                </div> <!-- method-content -->
              </div> <!-- method -->
            </div> <!-- main-panel-content rounded-window-bottom -->
          </div> <!-- suite-Suite-class-skipped -->
          <div class="suite-Suite-class-passed">
            <div class="main-panel-header rounded-window-top">
              <img src="passed.png"/>
              <span class="class-name">com.gridsel.SecondCase</span>
            </div> <!-- main-panel-header rounded-window-top -->
            <div class="main-panel-content rounded-window-bottom">
              <div class="method">
                <div class="method-content">
                  <a name="f1">
                  </a> <!-- f1 -->
                  <span class="method-name">f1</span>
                </div> <!-- method-content -->
              </div> <!-- method -->
              <div class="method">
                <div class="method-content">
                  <a name="f2">
                  </a> <!-- f2 -->
                  <span class="method-name">f2</span>
                </div> <!-- method-content -->
              </div> <!-- method -->
              <div class="method">
                <div class="method-content">
                  <a name="f3">
                  </a> <!-- f3 -->
                  <span class="method-name">f3</span>
                </div> <!-- method-content -->
              </div> <!-- method -->
              <div class="method">
                <div class="method-content">
                  <a name="f4">
                  </a> <!-- f4 -->
                  <span class="method-name">f4</span>
                </div> <!-- method-content -->
              </div> <!-- method -->
            </div> <!-- main-panel-content rounded-window-bottom -->
          </div> <!-- suite-Suite-class-passed -->
        </div> <!-- panel Suite -->
        <div panel-name="test-xml-Suite" class="panel">
          <div class="main-panel-header rounded-window-top">
            <span class="header-content">C:\Users\fakhr\eclipse-workspace\SeleniumGrid\src\test\java\testngNew.xml</span>
          </div> <!-- main-panel-header rounded-window-top -->
          <div class="main-panel-content rounded-window-bottom">
            <pre>
&lt;?xml version=&quot;1.0&quot; encoding=&quot;UTF-8&quot;?&gt;
&lt;!DOCTYPE suite SYSTEM &quot;http://testng.org/testng-1.0.dtd&quot;&gt;
&lt;suite name=&quot;Suite&quot;&gt;
  &lt;test thread-count=&quot;5&quot; name=&quot;Test&quot;&gt;
    &lt;parameter name=&quot;browserName&quot; value=&quot;chrome&quot;/&gt;
    &lt;parameter name=&quot;platform&quot; value=&quot;Windows&quot;/&gt;
    &lt;parameter name=&quot;url&quot; value=&quot;http://www.google.com&quot;/&gt;
    &lt;classes&gt;
      &lt;class name=&quot;com.gridsel.SecondCase&quot;/&gt;
    &lt;/classes&gt;
  &lt;/test&gt; &lt;!-- Test --&gt;
  &lt;test thread-count=&quot;5&quot; name=&quot;TestOne&quot;&gt;
    &lt;parameter name=&quot;browserName&quot; value=&quot;firefox&quot;/&gt;
    &lt;parameter name=&quot;platform&quot; value=&quot;Windows&quot;/&gt;
    &lt;parameter name=&quot;url&quot; value=&quot;http://www.google.com&quot;/&gt;
    &lt;classes&gt;
      &lt;class name=&quot;com.gridsel.SecondCase&quot;/&gt;
    &lt;/classes&gt;
  &lt;/test&gt; &lt;!-- TestOne --&gt;
&lt;/suite&gt; &lt;!-- Suite --&gt;
            </pre>
          </div> <!-- main-panel-content rounded-window-bottom -->
        </div> <!-- panel -->
        <div panel-name="testlist-Suite" class="panel">
          <div class="main-panel-header rounded-window-top">
            <span class="header-content">Tests for Suite</span>
          </div> <!-- main-panel-header rounded-window-top -->
          <div class="main-panel-content rounded-window-bottom">
            <ul>
              <li>
                <span class="test-name">Test (1 class)</span>
              </li>
              <li>
                <span class="test-name">TestOne (1 class)</span>
              </li>
            </ul>
          </div> <!-- main-panel-content rounded-window-bottom -->
        </div> <!-- panel -->
        <div panel-name="group-Suite" class="panel">
          <div class="main-panel-header rounded-window-top">
            <span class="header-content">Groups for Suite</span>
          </div> <!-- main-panel-header rounded-window-top -->
          <div class="main-panel-content rounded-window-bottom">
          </div> <!-- main-panel-content rounded-window-bottom -->
        </div> <!-- panel -->
        <div panel-name="times-Suite" class="panel">
          <div class="main-panel-header rounded-window-top">
            <span class="header-content">Times for Suite</span>
          </div> <!-- main-panel-header rounded-window-top -->
          <div class="main-panel-content rounded-window-bottom">
            <div class="times-div">
              <script type="text/javascript">
suiteTableInitFunctions.push('tableData_Suite');
function tableData_Suite() {
var data = new google.visualization.DataTable();
data.addColumn('number', 'Number');
data.addColumn('string', 'Method');
data.addColumn('string', 'Class');
data.addColumn('number', 'Time (ms)');
data.addRows(8);
data.setCell(0, 0, 0)
data.setCell(0, 1, 'f1')
data.setCell(0, 2, 'com.gridsel.SecondCase')
data.setCell(0, 3, 5);
data.setCell(1, 0, 1)
data.setCell(1, 1, 'f2')
data.setCell(1, 2, 'com.gridsel.SecondCase')
data.setCell(1, 3, 3);
data.setCell(2, 0, 2)
data.setCell(2, 1, 'f3')
data.setCell(2, 2, 'com.gridsel.SecondCase')
data.setCell(2, 3, 1);
data.setCell(3, 0, 3)
data.setCell(3, 1, 'f4')
data.setCell(3, 2, 'com.gridsel.SecondCase')
data.setCell(3, 3, 0);
data.setCell(4, 0, 4)
data.setCell(4, 1, 'f4')
data.setCell(4, 2, 'com.gridsel.SecondCase')
data.setCell(4, 3, 0);
data.setCell(5, 0, 5)
data.setCell(5, 1, 'f3')
data.setCell(5, 2, 'com.gridsel.SecondCase')
data.setCell(5, 3, 0);
data.setCell(6, 0, 6)
data.setCell(6, 1, 'f1')
data.setCell(6, 2, 'com.gridsel.SecondCase')
data.setCell(6, 3, 0);
data.setCell(7, 0, 7)
data.setCell(7, 1, 'f2')
data.setCell(7, 2, 'com.gridsel.SecondCase')
data.setCell(7, 3, 0);
window.suiteTableData['Suite']= { tableData: data, tableDiv: 'times-div-Suite'}
return data;
}
              </script>
              <span class="suite-total-time">Total running time: 9 ms</span>
              <div id="times-div-Suite">
              </div> <!-- times-div-Suite -->
            </div> <!-- times-div -->
          </div> <!-- main-panel-content rounded-window-bottom -->
        </div> <!-- panel -->
        <div panel-name="reporter-Suite" class="panel">
          <div class="main-panel-header rounded-window-top">
            <span class="header-content">Reporter output for Suite</span>
          </div> <!-- main-panel-header rounded-window-top -->
          <div class="main-panel-content rounded-window-bottom">
          </div> <!-- main-panel-content rounded-window-bottom -->
        </div> <!-- panel -->
        <div panel-name="ignored-methods-Suite" class="panel">
          <div class="main-panel-header rounded-window-top">
            <span class="header-content">0 ignored methods</span>
          </div> <!-- main-panel-header rounded-window-top -->
          <div class="main-panel-content rounded-window-bottom">
          </div> <!-- main-panel-content rounded-window-bottom -->
        </div> <!-- panel -->
        <div panel-name="chronological-Suite" class="panel">
          <div class="main-panel-header rounded-window-top">
            <span class="header-content">Methods in chronological order</span>
          </div> <!-- main-panel-header rounded-window-top -->
          <div class="main-panel-content rounded-window-bottom">
            <div class="chronological-class">
              <div class="chronological-class-name">com.gridsel.SecondCase</div> <!-- chronological-class-name -->
              <div class="configuration-class before">
                <span class="method-name">beforeClass(Windows, chrome, http://www.google.com)</span>
                <span class="method-start">0 ms</span>
              </div> <!-- configuration-class before -->
              <div class="test-method">
                <span class="method-name">f1</span>
                <span class="method-start">6906 ms</span>
              </div> <!-- test-method -->
              <div class="test-method">
                <span class="method-name">f2</span>
                <span class="method-start">6914 ms</span>
              </div> <!-- test-method -->
              <div class="test-method">
                <span class="method-name">f3</span>
                <span class="method-start">6919 ms</span>
              </div> <!-- test-method -->
              <div class="test-method">
                <span class="method-name">f4</span>
                <span class="method-start">6921 ms</span>
              </div> <!-- test-method -->
              <div class="configuration-class before">
                <img src="failed.png">
                </img>
                <span class="method-name">beforeClass(Windows, firefox, http://www.google.com)</span>
                <span class="method-start">6955 ms</span>
              </div> <!-- configuration-class before -->
              <div class="test-method">
                <span class="method-name">f1</span>
                <span class="method-start">-1531264163628 ms</span>
              </div> <!-- test-method -->
              <div class="test-method">
                <span class="method-name">f2</span>
                <span class="method-start">-1531264163628 ms</span>
              </div> <!-- test-method -->
              <div class="test-method">
                <span class="method-name">f3</span>
                <span class="method-start">-1531264163628 ms</span>
              </div> <!-- test-method -->
              <div class="test-method">
                <span class="method-name">f4</span>
                <span class="method-start">-1531264163628 ms</span>
              </div> <!-- test-method -->
          </div> <!-- main-panel-content rounded-window-bottom -->
        </div> <!-- panel -->
      </div> <!-- main-panel-root -->
    </div> <!-- wrapper -->
  </body>
</html>
