<?xml version="1.0" encoding="UTF-8"?>
<testng-results skipped="3" failed="0" total="3" passed="0">
  <reporter-output>
  </reporter-output>
  <suite name="Suite" duration-ms="141530" started-at="2018-07-01T18:58:10Z" finished-at="2018-07-01T19:00:31Z">
    <groups>
      <group name="sanity">
        <method signature="TestCaseOne.div()[pri:1, instance:testNGSession.TestCaseOne@cc285f4]" name="div" class="testNGSession.TestCaseOne"/>
        <method signature="TestCaseOne.getpasswordreset()[pri:2, instance:testNGSession.TestCaseOne@cc285f4]" name="getpasswordreset" class="testNGSession.TestCaseOne"/>
        <method signature="TestCaseTwo.getpasswordreset_2()[pri:3, instance:testNGSession.TestCaseTwo@55f3ddb1]" name="getpasswordreset_2" class="testNGSession.TestCaseTwo"/>
      </group> <!-- sanity -->
    </groups>
    <test name="Test" duration-ms="141530" started-at="2018-07-01T18:58:10Z" finished-at="2018-07-01T19:00:31Z">
      <class name="testNGSession.TestCaseTwo">
        <test-method status="FAIL" signature="beforeClass()[pri:0, instance:testNGSession.TestCaseTwo@55f3ddb1]" name="beforeClass" is-config="true" duration-ms="0" started-at="2018-07-01T14:59:45Z" finished-at="2018-07-01T14:59:45Z">
          <exception class="org.openqa.selenium.WebDriverException">
            <message>
              <![CDATA[Failed to connect to binary FirefoxBinary(C:\Program Files\Mozilla Firefox\firefox.exe) on port 7055; process output follows: 
71586629	addons.xpi	DEBUG	Calling bootstrap method startup on screenshots@mozilla.org version 32.1.0
1530471586629	addons.xpi	DEBUG	Registering manifest for C:\Program Files\Mozilla Firefox\browser\features\webcompat-reporter@mozilla.org.xpi
1530471586630	addons.xpi	DEBUG	Calling bootstrap method startup on webcompat-reporter@mozilla.org version 1.0.0
1530471586630	addons.xpi	DEBUG	Registering manifest for C:\Program Files\Mozilla Firefox\browser\features\webcompat@mozilla.org.xpi
1530471586631	addons.xpi	DEBUG	Calling bootstrap method startup on webcompat@mozilla.org version 2.0
1530471586632	addons.manager	DEBUG	Registering shutdown blocker for XPIProvider
1530471586633	addons.manager	DEBUG	Provider finished startup: XPIProvider
1530471586633	addons.manager	DEBUG	Starting provider: LightweightThemeManager
1530471586633	addons.manager	DEBUG	Registering shutdown blocker for LightweightThemeManager
1530471586633	addons.manager	DEBUG	Provider finished startup: LightweightThemeManager
1530471586633	addons.manager	DEBUG	Starting provider: GMPProvider
1530471586635	addons.manager	DEBUG	Registering shutdown blocker for GMPProvider
1530471586635	addons.manager	DEBUG	Provider finished startup: GMPProvider
1530471586635	addons.manager	DEBUG	Starting provider: PluginProvider
1530471586635	addons.manager	DEBUG	Registering shutdown blocker for PluginProvider
1530471586636	addons.manager	DEBUG	Provider finished startup: PluginProvider
1530471586637	addons.manager	DEBUG	Completed startup sequence
Unable to read VR Path Registry from C:\Users\fakhr\AppData\Local\openvr\openvrpaths.vrpath
Unable to read VR Path Registry from C:\Users\fakhr\AppData\Local\openvr\openvrpaths.vrpath
1530471587058	addons.repository	DEBUG	No addons.json found.
Unable to read VR Path Registry from C:\Users\fakhr\AppData\Local\openvr\openvrpaths.vrpath
Unable to read VR Path Registry from C:\Users\fakhr\AppData\Local\openvr\openvrpaths.vrpath
Unable to read VR Path Registry from C:\Users\fakhr\AppData\Local\openvr\openvrpaths.vrpath
1530471587600	addons.xpi	DEBUG	Ignoring file entry whose name is not a valid add-on ID: C:\Users\fakhr\AppData\Local\Temp\anonymous2877683724009976402webdriver-profile\extensions\webdriver-staging
1530471587601	addons.xpi	DEBUG	Existing add-on activity-stream@mozilla.org in app-system-defaults
1530471587602	addons.xpi	DEBUG	Existing add-on aushelper@mozilla.org in app-system-defaults
1530471587602	addons.xpi	DEBUG	Existing add-on firefox@getpocket.com in app-system-defaults
1530471587602	addons.xpi	DEBUG	Existing add-on followonsearch@mozilla.com in app-system-defaults
1530471587603	addons.xpi	DEBUG	Existing add-on formautofill@mozilla.org in app-system-defaults
1530471587603	addons.xpi	DEBUG	Existing add-on onboarding@mozilla.org in app-system-defaults
1530471587603	addons.xpi	DEBUG	Existing add-on screenshots@mozilla.org in app-system-defaults
1530471587603	addons.xpi	DEBUG	Existing add-on webcompat-reporter@mozilla.org in app-system-defaults
1530471587604	addons.xpi	DEBUG	Existing add-on webcompat@mozilla.org in app-system-defaults
1530471587604	addons.xpi	DEBUG	Existing add-on {4ED1F68A-5463-4931-9384-8FFF5ED91D92} in winreg-app-global
1530471587604	addons.xpi	DEBUG	getInstallState changed: false, state: {}
JavaScript error: resource://gre/modules/addons/XPIProvider.jsm, line 2189: TypeError: addon is null
1530471608436	addons.productaddons	INFO	sending request to: https://aus5.mozilla.org/update/3/GMP/61.0/20180621125625/WINNT_x86_64-msvc-x64/en-US/release/Windows_NT%2010.0.0.0.17134.137%20(x64)/default/default/update.xml
1530471609317	addons.productaddons	INFO	Completed downloading document
1530471612403	addons.productaddons	INFO	downloadXHR File download. status=200
1530471612411	addons.productaddons	INFO	Downloaded file will be saved to C:\Users\fakhr\AppData\Local\Temp\tmpaddon-beb203
1530471616678	addons.productaddons	INFO	downloadXHR File download. status=200
1530471616683	addons.productaddons	INFO	Downloaded file will be saved to C:\Users\fakhr\AppData\Local\Temp\tmpaddon-4f57e1

Build info: version: '2.53.0', revision: '35ae25b', time: '2016-03-15 16:57:40'
System info: host: 'LAPTOP-JEI8AS0O', ip: '10.155.31.138', os.name: 'Windows 10', os.arch: 'amd64', os.version: '10.0', java.version: '1.8.0_171'
Driver info: driver.version: FirefoxDriver]]>
            </message>
            <full-stacktrace>
              <![CDATA[org.openqa.selenium.WebDriverException: Failed to connect to binary FirefoxBinary(C:\Program Files\Mozilla Firefox\firefox.exe) on port 7055; process output follows: 
71586629	addons.xpi	DEBUG	Calling bootstrap method startup on screenshots@mozilla.org version 32.1.0
1530471586629	addons.xpi	DEBUG	Registering manifest for C:\Program Files\Mozilla Firefox\browser\features\webcompat-reporter@mozilla.org.xpi
1530471586630	addons.xpi	DEBUG	Calling bootstrap method startup on webcompat-reporter@mozilla.org version 1.0.0
1530471586630	addons.xpi	DEBUG	Registering manifest for C:\Program Files\Mozilla Firefox\browser\features\webcompat@mozilla.org.xpi
1530471586631	addons.xpi	DEBUG	Calling bootstrap method startup on webcompat@mozilla.org version 2.0
1530471586632	addons.manager	DEBUG	Registering shutdown blocker for XPIProvider
1530471586633	addons.manager	DEBUG	Provider finished startup: XPIProvider
1530471586633	addons.manager	DEBUG	Starting provider: LightweightThemeManager
1530471586633	addons.manager	DEBUG	Registering shutdown blocker for LightweightThemeManager
1530471586633	addons.manager	DEBUG	Provider finished startup: LightweightThemeManager
1530471586633	addons.manager	DEBUG	Starting provider: GMPProvider
1530471586635	addons.manager	DEBUG	Registering shutdown blocker for GMPProvider
1530471586635	addons.manager	DEBUG	Provider finished startup: GMPProvider
1530471586635	addons.manager	DEBUG	Starting provider: PluginProvider
1530471586635	addons.manager	DEBUG	Registering shutdown blocker for PluginProvider
1530471586636	addons.manager	DEBUG	Provider finished startup: PluginProvider
1530471586637	addons.manager	DEBUG	Completed startup sequence
Unable to read VR Path Registry from C:\Users\fakhr\AppData\Local\openvr\openvrpaths.vrpath
Unable to read VR Path Registry from C:\Users\fakhr\AppData\Local\openvr\openvrpaths.vrpath
1530471587058	addons.repository	DEBUG	No addons.json found.
Unable to read VR Path Registry from C:\Users\fakhr\AppData\Local\openvr\openvrpaths.vrpath
Unable to read VR Path Registry from C:\Users\fakhr\AppData\Local\openvr\openvrpaths.vrpath
Unable to read VR Path Registry from C:\Users\fakhr\AppData\Local\openvr\openvrpaths.vrpath
1530471587600	addons.xpi	DEBUG	Ignoring file entry whose name is not a valid add-on ID: C:\Users\fakhr\AppData\Local\Temp\anonymous2877683724009976402webdriver-profile\extensions\webdriver-staging
1530471587601	addons.xpi	DEBUG	Existing add-on activity-stream@mozilla.org in app-system-defaults
1530471587602	addons.xpi	DEBUG	Existing add-on aushelper@mozilla.org in app-system-defaults
1530471587602	addons.xpi	DEBUG	Existing add-on firefox@getpocket.com in app-system-defaults
1530471587602	addons.xpi	DEBUG	Existing add-on followonsearch@mozilla.com in app-system-defaults
1530471587603	addons.xpi	DEBUG	Existing add-on formautofill@mozilla.org in app-system-defaults
1530471587603	addons.xpi	DEBUG	Existing add-on onboarding@mozilla.org in app-system-defaults
1530471587603	addons.xpi	DEBUG	Existing add-on screenshots@mozilla.org in app-system-defaults
1530471587603	addons.xpi	DEBUG	Existing add-on webcompat-reporter@mozilla.org in app-system-defaults
1530471587604	addons.xpi	DEBUG	Existing add-on webcompat@mozilla.org in app-system-defaults
1530471587604	addons.xpi	DEBUG	Existing add-on {4ED1F68A-5463-4931-9384-8FFF5ED91D92} in winreg-app-global
1530471587604	addons.xpi	DEBUG	getInstallState changed: false, state: {}
JavaScript error: resource://gre/modules/addons/XPIProvider.jsm, line 2189: TypeError: addon is null
1530471608436	addons.productaddons	INFO	sending request to: https://aus5.mozilla.org/update/3/GMP/61.0/20180621125625/WINNT_x86_64-msvc-x64/en-US/release/Windows_NT%2010.0.0.0.17134.137%20(x64)/default/default/update.xml
1530471609317	addons.productaddons	INFO	Completed downloading document
1530471612403	addons.productaddons	INFO	downloadXHR File download. status=200
1530471612411	addons.productaddons	INFO	Downloaded file will be saved to C:\Users\fakhr\AppData\Local\Temp\tmpaddon-beb203
1530471616678	addons.productaddons	INFO	downloadXHR File download. status=200
1530471616683	addons.productaddons	INFO	Downloaded file will be saved to C:\Users\fakhr\AppData\Local\Temp\tmpaddon-4f57e1

Build info: version: '2.53.0', revision: '35ae25b', time: '2016-03-15 16:57:40'
System info: host: 'LAPTOP-JEI8AS0O', ip: '10.155.31.138', os.name: 'Windows 10', os.arch: 'amd64', os.version: '10.0', java.version: '1.8.0_171'
Driver info: driver.version: FirefoxDriver
	at org.openqa.selenium.firefox.internal.NewProfileExtensionConnection.start(NewProfileExtensionConnection.java:124)
	at org.openqa.selenium.firefox.FirefoxDriver.startClient(FirefoxDriver.java:271)
	at org.openqa.selenium.remote.RemoteWebDriver.<init>(RemoteWebDriver.java:119)
	at org.openqa.selenium.firefox.FirefoxDriver.<init>(FirefoxDriver.java:218)
	at org.openqa.selenium.firefox.FirefoxDriver.<init>(FirefoxDriver.java:211)
	at org.openqa.selenium.firefox.FirefoxDriver.<init>(FirefoxDriver.java:207)
	at org.openqa.selenium.firefox.FirefoxDriver.<init>(FirefoxDriver.java:120)
	at testNGSession.TestCaseTwo.beforeClass(TestCaseTwo.java:62)
	at sun.reflect.NativeMethodAccessorImpl.invoke0(Native Method)
	at sun.reflect.NativeMethodAccessorImpl.invoke(NativeMethodAccessorImpl.java:62)
	at sun.reflect.DelegatingMethodAccessorImpl.invoke(DelegatingMethodAccessorImpl.java:43)
	at java.lang.reflect.Method.invoke(Method.java:498)
	at org.testng.internal.MethodInvocationHelper.invokeMethod(MethodInvocationHelper.java:85)
	at org.testng.internal.Invoker.invokeConfigurationMethod(Invoker.java:510)
	at org.testng.internal.Invoker.invokeConfigurations(Invoker.java:211)
	at org.testng.internal.Invoker.invokeConfigurations(Invoker.java:138)
	at org.testng.internal.TestMethodWorker.invokeBeforeClassMethods(TestMethodWorker.java:170)
	at org.testng.internal.TestMethodWorker.run(TestMethodWorker.java:104)
	at org.testng.TestRunner.privateRun(TestRunner.java:774)
	at org.testng.TestRunner.run(TestRunner.java:624)
	at org.testng.SuiteRunner.runTest(SuiteRunner.java:359)
	at org.testng.SuiteRunner.runSequentially(SuiteRunner.java:354)
	at org.testng.SuiteRunner.privateRun(SuiteRunner.java:312)
	at org.testng.SuiteRunner.run(SuiteRunner.java:261)
	at org.testng.SuiteRunnerWorker.runSuite(SuiteRunnerWorker.java:52)
	at org.testng.SuiteRunnerWorker.run(SuiteRunnerWorker.java:86)
	at org.testng.TestNG.runSuitesSequentially(TestNG.java:1215)
	at org.testng.TestNG.runSuitesLocally(TestNG.java:1140)
	at org.testng.TestNG.run(TestNG.java:1048)
	at org.testng.remote.AbstractRemoteTestNG.run(AbstractRemoteTestNG.java:114)
	at org.testng.remote.RemoteTestNG.initAndRun(RemoteTestNG.java:251)
	at org.testng.remote.RemoteTestNG.main(RemoteTestNG.java:77)
Caused by: org.openqa.selenium.firefox.NotConnectedException: Unable to connect to host 127.0.0.1 on port 7055 after 45000 ms. Firefox console output:
71586629	addons.xpi	DEBUG	Calling bootstrap method startup on screenshots@mozilla.org version 32.1.0
1530471586629	addons.xpi	DEBUG	Registering manifest for C:\Program Files\Mozilla Firefox\browser\features\webcompat-reporter@mozilla.org.xpi
1530471586630	addons.xpi	DEBUG	Calling bootstrap method startup on webcompat-reporter@mozilla.org version 1.0.0
1530471586630	addons.xpi	DEBUG	Registering manifest for C:\Program Files\Mozilla Firefox\browser\features\webcompat@mozilla.org.xpi
1530471586631	addons.xpi	DEBUG	Calling bootstrap method startup on webcompat@mozilla.org version 2.0
1530471586632	addons.manager	DEBUG	Registering shutdown blocker for XPIProvider
1530471586633	addons.manager	DEBUG	Provider finished startup: XPIProvider
1530471586633	addons.manager	DEBUG	Starting provider: LightweightThemeManager
1530471586633	addons.manager	DEBUG	Registering shutdown blocker for LightweightThemeManager
1530471586633	addons.manager	DEBUG	Provider finished startup: LightweightThemeManager
1530471586633	addons.manager	DEBUG	Starting provider: GMPProvider
1530471586635	addons.manager	DEBUG	Registering shutdown blocker for GMPProvider
1530471586635	addons.manager	DEBUG	Provider finished startup: GMPProvider
1530471586635	addons.manager	DEBUG	Starting provider: PluginProvider
1530471586635	addons.manager	DEBUG	Registering shutdown blocker for PluginProvider
1530471586636	addons.manager	DEBUG	Provider finished startup: PluginProvider
1530471586637	addons.manager	DEBUG	Completed startup sequence
Unable to read VR Path Registry from C:\Users\fakhr\AppData\Local\openvr\openvrpaths.vrpath
Unable to read VR Path Registry from C:\Users\fakhr\AppData\Local\openvr\openvrpaths.vrpath
1530471587058	addons.repository	DEBUG	No addons.json found.
Unable to read VR Path Registry from C:\Users\fakhr\AppData\Local\openvr\openvrpaths.vrpath
Unable to read VR Path Registry from C:\Users\fakhr\AppData\Local\openvr\openvrpaths.vrpath
Unable to read VR Path Registry from C:\Users\fakhr\AppData\Local\openvr\openvrpaths.vrpath
1530471587600	addons.xpi	DEBUG	Ignoring file entry whose name is not a valid add-on ID: C:\Users\fakhr\AppData\Local\Temp\anonymous2877683724009976402webdriver-profile\extensions\webdriver-staging
1530471587601	addons.xpi	DEBUG	Existing add-on activity-stream@mozilla.org in app-system-defaults
1530471587602	addons.xpi	DEBUG	Existing add-on aushelper@mozilla.org in app-system-defaults
1530471587602	addons.xpi	DEBUG	Existing add-on firefox@getpocket.com in app-system-defaults
1530471587602	addons.xpi	DEBUG	Existing add-on followonsearch@mozilla.com in app-system-defaults
1530471587603	addons.xpi	DEBUG	Existing add-on formautofill@mozilla.org in app-system-defaults
1530471587603	addons.xpi	DEBUG	Existing add-on onboarding@mozilla.org in app-system-defaults
1530471587603	addons.xpi	DEBUG	Existing add-on screenshots@mozilla.org in app-system-defaults
1530471587603	addons.xpi	DEBUG	Existing add-on webcompat-reporter@mozilla.org in app-system-defaults
1530471587604	addons.xpi	DEBUG	Existing add-on webcompat@mozilla.org in app-system-defaults
1530471587604	addons.xpi	DEBUG	Existing add-on {4ED1F68A-5463-4931-9384-8FFF5ED91D92} in winreg-app-global
1530471587604	addons.xpi	DEBUG	getInstallState changed: false, state: {}
JavaScript error: resource://gre/modules/addons/XPIProvider.jsm, line 2189: TypeError: addon is null
1530471608436	addons.productaddons	INFO	sending request to: https://aus5.mozilla.org/update/3/GMP/61.0/20180621125625/WINNT_x86_64-msvc-x64/en-US/release/Windows_NT%2010.0.0.0.17134.137%20(x64)/default/default/update.xml
1530471609317	addons.productaddons	INFO	Completed downloading document
1530471612403	addons.productaddons	INFO	downloadXHR File download. status=200
1530471612411	addons.productaddons	INFO	Downloaded file will be saved to C:\Users\fakhr\AppData\Local\Temp\tmpaddon-beb203
1530471616678	addons.productaddons	INFO	downloadXHR File download. status=200
1530471616683	addons.productaddons	INFO	Downloaded file will be saved to C:\Users\fakhr\AppData\Local\Temp\tmpaddon-4f57e1

	at org.openqa.selenium.firefox.internal.NewProfileExtensionConnection.start(NewProfileExtensionConnection.java:112)
	... 31 more
]]>
            </full-stacktrace>
          </exception> <!-- org.openqa.selenium.WebDriverException -->
          <reporter-output>
          </reporter-output>
        </test-method> <!-- beforeClass -->
        <test-method status="SKIP" signature="getpasswordreset_2()[pri:3, instance:testNGSession.TestCaseTwo@55f3ddb1]" name="getpasswordreset_2" duration-ms="1" started-at="2018-07-01T15:00:31Z" description="2 This is Test 1" finished-at="2018-07-01T15:00:31Z">
          <reporter-output>
          </reporter-output>
        </test-method> <!-- getpasswordreset_2 -->
        <test-method status="FAIL" signature="afterClass()[pri:0, instance:testNGSession.TestCaseTwo@55f3ddb1]" name="afterClass" is-config="true" duration-ms="0" started-at="2018-07-01T15:00:31Z" finished-at="2018-07-01T15:00:31Z">
          <exception class="java.lang.NullPointerException">
            <full-stacktrace>
              <![CDATA[java.lang.NullPointerException
	at testNGSession.TestCaseTwo.afterClass(TestCaseTwo.java:69)
	at sun.reflect.NativeMethodAccessorImpl.invoke0(Native Method)
	at sun.reflect.NativeMethodAccessorImpl.invoke(NativeMethodAccessorImpl.java:62)
	at sun.reflect.DelegatingMethodAccessorImpl.invoke(DelegatingMethodAccessorImpl.java:43)
	at java.lang.reflect.Method.invoke(Method.java:498)
	at org.testng.internal.MethodInvocationHelper.invokeMethod(MethodInvocationHelper.java:85)
	at org.testng.internal.Invoker.invokeConfigurationMethod(Invoker.java:510)
	at org.testng.internal.Invoker.invokeConfigurations(Invoker.java:211)
	at org.testng.internal.Invoker.invokeConfigurations(Invoker.java:138)
	at org.testng.internal.TestMethodWorker.invokeAfterClassMethods(TestMethodWorker.java:220)
	at org.testng.internal.TestMethodWorker.run(TestMethodWorker.java:111)
	at org.testng.TestRunner.privateRun(TestRunner.java:774)
	at org.testng.TestRunner.run(TestRunner.java:624)
	at org.testng.SuiteRunner.runTest(SuiteRunner.java:359)
	at org.testng.SuiteRunner.runSequentially(SuiteRunner.java:354)
	at org.testng.SuiteRunner.privateRun(SuiteRunner.java:312)
	at org.testng.SuiteRunner.run(SuiteRunner.java:261)
	at org.testng.SuiteRunnerWorker.runSuite(SuiteRunnerWorker.java:52)
	at org.testng.SuiteRunnerWorker.run(SuiteRunnerWorker.java:86)
	at org.testng.TestNG.runSuitesSequentially(TestNG.java:1215)
	at org.testng.TestNG.runSuitesLocally(TestNG.java:1140)
	at org.testng.TestNG.run(TestNG.java:1048)
	at org.testng.remote.AbstractRemoteTestNG.run(AbstractRemoteTestNG.java:114)
	at org.testng.remote.RemoteTestNG.initAndRun(RemoteTestNG.java:251)
	at org.testng.remote.RemoteTestNG.main(RemoteTestNG.java:77)
]]>
            </full-stacktrace>
          </exception> <!-- java.lang.NullPointerException -->
          <reporter-output>
          </reporter-output>
        </test-method> <!-- afterClass -->
      </class> <!-- testNGSession.TestCaseTwo -->
      <class name="testNGSession.TestCaseOne">
        <test-method status="FAIL" signature="beforeMethod()[pri:0, instance:testNGSession.TestCaseOne@cc285f4]" name="beforeMethod" is-config="true" duration-ms="0" started-at="2018-07-01T14:58:10Z" finished-at="2018-07-01T14:58:10Z">
          <exception class="org.openqa.selenium.WebDriverException">
            <message>
              <![CDATA[Failed to connect to binary FirefoxBinary(C:\Program Files\Mozilla Firefox\firefox.exe) on port 7055; process output follows: 
i
1530471494820	addons.xpi	DEBUG	Calling bootstrap method startup on screenshots@mozilla.org version 32.1.0
1530471494820	addons.xpi	DEBUG	Registering manifest for C:\Program Files\Mozilla Firefox\browser\features\webcompat-reporter@mozilla.org.xpi
1530471494820	addons.xpi	DEBUG	Calling bootstrap method startup on webcompat-reporter@mozilla.org version 1.0.0
1530471494820	addons.xpi	DEBUG	Registering manifest for C:\Program Files\Mozilla Firefox\browser\features\webcompat@mozilla.org.xpi
1530471494823	addons.xpi	DEBUG	Calling bootstrap method startup on webcompat@mozilla.org version 2.0
1530471494826	addons.manager	DEBUG	Registering shutdown blocker for XPIProvider
1530471494826	addons.manager	DEBUG	Provider finished startup: XPIProvider
1530471494826	addons.manager	DEBUG	Starting provider: LightweightThemeManager
1530471494826	addons.manager	DEBUG	Registering shutdown blocker for LightweightThemeManager
1530471494826	addons.manager	DEBUG	Provider finished startup: LightweightThemeManager
1530471494826	addons.manager	DEBUG	Starting provider: GMPProvider
1530471494829	addons.manager	DEBUG	Registering shutdown blocker for GMPProvider
1530471494829	addons.manager	DEBUG	Provider finished startup: GMPProvider
1530471494829	addons.manager	DEBUG	Starting provider: PluginProvider
1530471494829	addons.manager	DEBUG	Registering shutdown blocker for PluginProvider
1530471494829	addons.manager	DEBUG	Provider finished startup: PluginProvider
1530471494831	addons.manager	DEBUG	Completed startup sequence
Unable to read VR Path Registry from C:\Users\fakhr\AppData\Local\openvr\openvrpaths.vrpath
Unable to read VR Path Registry from C:\Users\fakhr\AppData\Local\openvr\openvrpaths.vrpath
1530471495898	addons.repository	DEBUG	No addons.json found.
Unable to read VR Path Registry from C:\Users\fakhr\AppData\Local\openvr\openvrpaths.vrpath
Unable to read VR Path Registry from C:\Users\fakhr\AppData\Local\openvr\openvrpaths.vrpath
Unable to read VR Path Registry from C:\Users\fakhr\AppData\Local\openvr\openvrpaths.vrpath
1530471496924	addons.xpi	DEBUG	Ignoring file entry whose name is not a valid add-on ID: C:\Users\fakhr\AppData\Local\Temp\anonymous216228785643820659webdriver-profile\extensions\webdriver-staging
1530471496925	addons.xpi	DEBUG	Existing add-on activity-stream@mozilla.org in app-system-defaults
1530471496925	addons.xpi	DEBUG	Existing add-on aushelper@mozilla.org in app-system-defaults
1530471496926	addons.xpi	DEBUG	Existing add-on firefox@getpocket.com in app-system-defaults
1530471496926	addons.xpi	DEBUG	Existing add-on followonsearch@mozilla.com in app-system-defaults
1530471496926	addons.xpi	DEBUG	Existing add-on formautofill@mozilla.org in app-system-defaults
1530471496926	addons.xpi	DEBUG	Existing add-on onboarding@mozilla.org in app-system-defaults
1530471496927	addons.xpi	DEBUG	Existing add-on screenshots@mozilla.org in app-system-defaults
1530471496927	addons.xpi	DEBUG	Existing add-on webcompat-reporter@mozilla.org in app-system-defaults
1530471496927	addons.xpi	DEBUG	Existing add-on webcompat@mozilla.org in app-system-defaults
1530471496928	addons.xpi	DEBUG	Existing add-on {4ED1F68A-5463-4931-9384-8FFF5ED91D92} in winreg-app-global
1530471496928	addons.xpi	DEBUG	getInstallState changed: false, state: {}
JavaScript error: resource://gre/modules/addons/XPIProvider.jsm, line 2189: TypeError: addon is null
1530471517378	addons.productaddons	INFO	sending request to: https://aus5.mozilla.org/update/3/GMP/61.0/20180621125625/WINNT_x86_64-msvc-x64/en-US/release/Windows_NT%2010.0.0.0.17134.137%20(x64)/default/default/update.xml
1530471518348	addons.productaddons	INFO	Completed downloading document
1530471520728	addons.productaddons	INFO	downloadXHR File download. status=200
1530471520735	addons.productaddons	INFO	Downloaded file will be saved to C:\Users\fakhr\AppData\Local\Temp\tmpaddon
1530471525048	addons.productaddons	INFO	downloadXHR File download. status=200
1530471525054	addons.productaddons	INFO	Downloaded file will be saved to C:\Users\fakhr\AppData\Local\Temp\tmpaddon-cf94e9

Build info: version: '2.53.0', revision: '35ae25b', time: '2016-03-15 16:57:40'
System info: host: 'LAPTOP-JEI8AS0O', ip: '10.155.31.138', os.name: 'Windows 10', os.arch: 'amd64', os.version: '10.0', java.version: '1.8.0_171'
Driver info: driver.version: FirefoxDriver]]>
            </message>
            <full-stacktrace>
              <![CDATA[org.openqa.selenium.WebDriverException: Failed to connect to binary FirefoxBinary(C:\Program Files\Mozilla Firefox\firefox.exe) on port 7055; process output follows: 
i
1530471494820	addons.xpi	DEBUG	Calling bootstrap method startup on screenshots@mozilla.org version 32.1.0
1530471494820	addons.xpi	DEBUG	Registering manifest for C:\Program Files\Mozilla Firefox\browser\features\webcompat-reporter@mozilla.org.xpi
1530471494820	addons.xpi	DEBUG	Calling bootstrap method startup on webcompat-reporter@mozilla.org version 1.0.0
1530471494820	addons.xpi	DEBUG	Registering manifest for C:\Program Files\Mozilla Firefox\browser\features\webcompat@mozilla.org.xpi
1530471494823	addons.xpi	DEBUG	Calling bootstrap method startup on webcompat@mozilla.org version 2.0
1530471494826	addons.manager	DEBUG	Registering shutdown blocker for XPIProvider
1530471494826	addons.manager	DEBUG	Provider finished startup: XPIProvider
1530471494826	addons.manager	DEBUG	Starting provider: LightweightThemeManager
1530471494826	addons.manager	DEBUG	Registering shutdown blocker for LightweightThemeManager
1530471494826	addons.manager	DEBUG	Provider finished startup: LightweightThemeManager
1530471494826	addons.manager	DEBUG	Starting provider: GMPProvider
1530471494829	addons.manager	DEBUG	Registering shutdown blocker for GMPProvider
1530471494829	addons.manager	DEBUG	Provider finished startup: GMPProvider
1530471494829	addons.manager	DEBUG	Starting provider: PluginProvider
1530471494829	addons.manager	DEBUG	Registering shutdown blocker for PluginProvider
1530471494829	addons.manager	DEBUG	Provider finished startup: PluginProvider
1530471494831	addons.manager	DEBUG	Completed startup sequence
Unable to read VR Path Registry from C:\Users\fakhr\AppData\Local\openvr\openvrpaths.vrpath
Unable to read VR Path Registry from C:\Users\fakhr\AppData\Local\openvr\openvrpaths.vrpath
1530471495898	addons.repository	DEBUG	No addons.json found.
Unable to read VR Path Registry from C:\Users\fakhr\AppData\Local\openvr\openvrpaths.vrpath
Unable to read VR Path Registry from C:\Users\fakhr\AppData\Local\openvr\openvrpaths.vrpath
Unable to read VR Path Registry from C:\Users\fakhr\AppData\Local\openvr\openvrpaths.vrpath
1530471496924	addons.xpi	DEBUG	Ignoring file entry whose name is not a valid add-on ID: C:\Users\fakhr\AppData\Local\Temp\anonymous216228785643820659webdriver-profile\extensions\webdriver-staging
1530471496925	addons.xpi	DEBUG	Existing add-on activity-stream@mozilla.org in app-system-defaults
1530471496925	addons.xpi	DEBUG	Existing add-on aushelper@mozilla.org in app-system-defaults
1530471496926	addons.xpi	DEBUG	Existing add-on firefox@getpocket.com in app-system-defaults
1530471496926	addons.xpi	DEBUG	Existing add-on followonsearch@mozilla.com in app-system-defaults
1530471496926	addons.xpi	DEBUG	Existing add-on formautofill@mozilla.org in app-system-defaults
1530471496926	addons.xpi	DEBUG	Existing add-on onboarding@mozilla.org in app-system-defaults
1530471496927	addons.xpi	DEBUG	Existing add-on screenshots@mozilla.org in app-system-defaults
1530471496927	addons.xpi	DEBUG	Existing add-on webcompat-reporter@mozilla.org in app-system-defaults
1530471496927	addons.xpi	DEBUG	Existing add-on webcompat@mozilla.org in app-system-defaults
1530471496928	addons.xpi	DEBUG	Existing add-on {4ED1F68A-5463-4931-9384-8FFF5ED91D92} in winreg-app-global
1530471496928	addons.xpi	DEBUG	getInstallState changed: false, state: {}
JavaScript error: resource://gre/modules/addons/XPIProvider.jsm, line 2189: TypeError: addon is null
1530471517378	addons.productaddons	INFO	sending request to: https://aus5.mozilla.org/update/3/GMP/61.0/20180621125625/WINNT_x86_64-msvc-x64/en-US/release/Windows_NT%2010.0.0.0.17134.137%20(x64)/default/default/update.xml
1530471518348	addons.productaddons	INFO	Completed downloading document
1530471520728	addons.productaddons	INFO	downloadXHR File download. status=200
1530471520735	addons.productaddons	INFO	Downloaded file will be saved to C:\Users\fakhr\AppData\Local\Temp\tmpaddon
1530471525048	addons.productaddons	INFO	downloadXHR File download. status=200
1530471525054	addons.productaddons	INFO	Downloaded file will be saved to C:\Users\fakhr\AppData\Local\Temp\tmpaddon-cf94e9

Build info: version: '2.53.0', revision: '35ae25b', time: '2016-03-15 16:57:40'
System info: host: 'LAPTOP-JEI8AS0O', ip: '10.155.31.138', os.name: 'Windows 10', os.arch: 'amd64', os.version: '10.0', java.version: '1.8.0_171'
Driver info: driver.version: FirefoxDriver
	at org.openqa.selenium.firefox.internal.NewProfileExtensionConnection.start(NewProfileExtensionConnection.java:124)
	at org.openqa.selenium.firefox.FirefoxDriver.startClient(FirefoxDriver.java:271)
	at org.openqa.selenium.remote.RemoteWebDriver.<init>(RemoteWebDriver.java:119)
	at org.openqa.selenium.firefox.FirefoxDriver.<init>(FirefoxDriver.java:218)
	at org.openqa.selenium.firefox.FirefoxDriver.<init>(FirefoxDriver.java:211)
	at org.openqa.selenium.firefox.FirefoxDriver.<init>(FirefoxDriver.java:207)
	at org.openqa.selenium.firefox.FirefoxDriver.<init>(FirefoxDriver.java:120)
	at testNGSession.TestCaseOne.beforeMethod(TestCaseOne.java:60)
	at sun.reflect.NativeMethodAccessorImpl.invoke0(Native Method)
	at sun.reflect.NativeMethodAccessorImpl.invoke(NativeMethodAccessorImpl.java:62)
	at sun.reflect.DelegatingMethodAccessorImpl.invoke(DelegatingMethodAccessorImpl.java:43)
	at java.lang.reflect.Method.invoke(Method.java:498)
	at org.testng.internal.MethodInvocationHelper.invokeMethod(MethodInvocationHelper.java:85)
	at org.testng.internal.Invoker.invokeConfigurationMethod(Invoker.java:510)
	at org.testng.internal.Invoker.invokeConfigurations(Invoker.java:211)
	at org.testng.internal.Invoker.invokeMethod(Invoker.java:585)
	at org.testng.internal.Invoker.invokeTestMethod(Invoker.java:816)
	at org.testng.internal.Invoker.invokeTestMethods(Invoker.java:1124)
	at org.testng.internal.TestMethodWorker.invokeTestMethods(TestMethodWorker.java:125)
	at org.testng.internal.TestMethodWorker.run(TestMethodWorker.java:108)
	at org.testng.TestRunner.privateRun(TestRunner.java:774)
	at org.testng.TestRunner.run(TestRunner.java:624)
	at org.testng.SuiteRunner.runTest(SuiteRunner.java:359)
	at org.testng.SuiteRunner.runSequentially(SuiteRunner.java:354)
	at org.testng.SuiteRunner.privateRun(SuiteRunner.java:312)
	at org.testng.SuiteRunner.run(SuiteRunner.java:261)
	at org.testng.SuiteRunnerWorker.runSuite(SuiteRunnerWorker.java:52)
	at org.testng.SuiteRunnerWorker.run(SuiteRunnerWorker.java:86)
	at org.testng.TestNG.runSuitesSequentially(TestNG.java:1215)
	at org.testng.TestNG.runSuitesLocally(TestNG.java:1140)
	at org.testng.TestNG.run(TestNG.java:1048)
	at org.testng.remote.AbstractRemoteTestNG.run(AbstractRemoteTestNG.java:114)
	at org.testng.remote.RemoteTestNG.initAndRun(RemoteTestNG.java:251)
	at org.testng.remote.RemoteTestNG.main(RemoteTestNG.java:77)
Caused by: org.openqa.selenium.firefox.NotConnectedException: Unable to connect to host 127.0.0.1 on port 7055 after 45000 ms. Firefox console output:
i
1530471494820	addons.xpi	DEBUG	Calling bootstrap method startup on screenshots@mozilla.org version 32.1.0
1530471494820	addons.xpi	DEBUG	Registering manifest for C:\Program Files\Mozilla Firefox\browser\features\webcompat-reporter@mozilla.org.xpi
1530471494820	addons.xpi	DEBUG	Calling bootstrap method startup on webcompat-reporter@mozilla.org version 1.0.0
1530471494820	addons.xpi	DEBUG	Registering manifest for C:\Program Files\Mozilla Firefox\browser\features\webcompat@mozilla.org.xpi
1530471494823	addons.xpi	DEBUG	Calling bootstrap method startup on webcompat@mozilla.org version 2.0
1530471494826	addons.manager	DEBUG	Registering shutdown blocker for XPIProvider
1530471494826	addons.manager	DEBUG	Provider finished startup: XPIProvider
1530471494826	addons.manager	DEBUG	Starting provider: LightweightThemeManager
1530471494826	addons.manager	DEBUG	Registering shutdown blocker for LightweightThemeManager
1530471494826	addons.manager	DEBUG	Provider finished startup: LightweightThemeManager
1530471494826	addons.manager	DEBUG	Starting provider: GMPProvider
1530471494829	addons.manager	DEBUG	Registering shutdown blocker for GMPProvider
1530471494829	addons.manager	DEBUG	Provider finished startup: GMPProvider
1530471494829	addons.manager	DEBUG	Starting provider: PluginProvider
1530471494829	addons.manager	DEBUG	Registering shutdown blocker for PluginProvider
1530471494829	addons.manager	DEBUG	Provider finished startup: PluginProvider
1530471494831	addons.manager	DEBUG	Completed startup sequence
Unable to read VR Path Registry from C:\Users\fakhr\AppData\Local\openvr\openvrpaths.vrpath
Unable to read VR Path Registry from C:\Users\fakhr\AppData\Local\openvr\openvrpaths.vrpath
1530471495898	addons.repository	DEBUG	No addons.json found.
Unable to read VR Path Registry from C:\Users\fakhr\AppData\Local\openvr\openvrpaths.vrpath
Unable to read VR Path Registry from C:\Users\fakhr\AppData\Local\openvr\openvrpaths.vrpath
Unable to read VR Path Registry from C:\Users\fakhr\AppData\Local\openvr\openvrpaths.vrpath
1530471496924	addons.xpi	DEBUG	Ignoring file entry whose name is not a valid add-on ID: C:\Users\fakhr\AppData\Local\Temp\anonymous216228785643820659webdriver-profile\extensions\webdriver-staging
1530471496925	addons.xpi	DEBUG	Existing add-on activity-stream@mozilla.org in app-system-defaults
1530471496925	addons.xpi	DEBUG	Existing add-on aushelper@mozilla.org in app-system-defaults
1530471496926	addons.xpi	DEBUG	Existing add-on firefox@getpocket.com in app-system-defaults
1530471496926	addons.xpi	DEBUG	Existing add-on followonsearch@mozilla.com in app-system-defaults
1530471496926	addons.xpi	DEBUG	Existing add-on formautofill@mozilla.org in app-system-defaults
1530471496926	addons.xpi	DEBUG	Existing add-on onboarding@mozilla.org in app-system-defaults
1530471496927	addons.xpi	DEBUG	Existing add-on screenshots@mozilla.org in app-system-defaults
1530471496927	addons.xpi	DEBUG	Existing add-on webcompat-reporter@mozilla.org in app-system-defaults
1530471496927	addons.xpi	DEBUG	Existing add-on webcompat@mozilla.org in app-system-defaults
1530471496928	addons.xpi	DEBUG	Existing add-on {4ED1F68A-5463-4931-9384-8FFF5ED91D92} in winreg-app-global
1530471496928	addons.xpi	DEBUG	getInstallState changed: false, state: {}
JavaScript error: resource://gre/modules/addons/XPIProvider.jsm, line 2189: TypeError: addon is null
1530471517378	addons.productaddons	INFO	sending request to: https://aus5.mozilla.org/update/3/GMP/61.0/20180621125625/WINNT_x86_64-msvc-x64/en-US/release/Windows_NT%2010.0.0.0.17134.137%20(x64)/default/default/update.xml
1530471518348	addons.productaddons	INFO	Completed downloading document
1530471520728	addons.productaddons	INFO	downloadXHR File download. status=200
1530471520735	addons.productaddons	INFO	Downloaded file will be saved to C:\Users\fakhr\AppData\Local\Temp\tmpaddon
1530471525048	addons.productaddons	INFO	downloadXHR File download. status=200
1530471525054	addons.productaddons	INFO	Downloaded file will be saved to C:\Users\fakhr\AppData\Local\Temp\tmpaddon-cf94e9

	at org.openqa.selenium.firefox.internal.NewProfileExtensionConnection.start(NewProfileExtensionConnection.java:112)
	... 33 more
]]>
            </full-stacktrace>
          </exception> <!-- org.openqa.selenium.WebDriverException -->
          <reporter-output>
          </reporter-output>
        </test-method> <!-- beforeMethod -->
        <test-method status="SKIP" signature="div()[pri:1, instance:testNGSession.TestCaseOne@cc285f4]" name="div" duration-ms="2" started-at="2018-07-01T14:59:00Z" description="This is div" finished-at="2018-07-01T14:59:00Z">
          <reporter-output>
          </reporter-output>
        </test-method> <!-- div -->
        <test-method status="FAIL" signature="afterMethod()[pri:0, instance:testNGSession.TestCaseOne@cc285f4]" name="afterMethod" is-config="true" duration-ms="0" started-at="2018-07-01T14:59:00Z" finished-at="2018-07-01T14:59:00Z">
          <exception class="java.lang.NullPointerException">
            <full-stacktrace>
              <![CDATA[java.lang.NullPointerException
	at testNGSession.TestCaseOne.afterMethod(TestCaseOne.java:67)
	at sun.reflect.NativeMethodAccessorImpl.invoke0(Native Method)
	at sun.reflect.NativeMethodAccessorImpl.invoke(NativeMethodAccessorImpl.java:62)
	at sun.reflect.DelegatingMethodAccessorImpl.invoke(DelegatingMethodAccessorImpl.java:43)
	at java.lang.reflect.Method.invoke(Method.java:498)
	at org.testng.internal.MethodInvocationHelper.invokeMethod(MethodInvocationHelper.java:85)
	at org.testng.internal.Invoker.invokeConfigurationMethod(Invoker.java:510)
	at org.testng.internal.Invoker.invokeConfigurations(Invoker.java:211)
	at org.testng.internal.Invoker.invokeMethod(Invoker.java:703)
	at org.testng.internal.Invoker.invokeTestMethod(Invoker.java:816)
	at org.testng.internal.Invoker.invokeTestMethods(Invoker.java:1124)
	at org.testng.internal.TestMethodWorker.invokeTestMethods(TestMethodWorker.java:125)
	at org.testng.internal.TestMethodWorker.run(TestMethodWorker.java:108)
	at org.testng.TestRunner.privateRun(TestRunner.java:774)
	at org.testng.TestRunner.run(TestRunner.java:624)
	at org.testng.SuiteRunner.runTest(SuiteRunner.java:359)
	at org.testng.SuiteRunner.runSequentially(SuiteRunner.java:354)
	at org.testng.SuiteRunner.privateRun(SuiteRunner.java:312)
	at org.testng.SuiteRunner.run(SuiteRunner.java:261)
	at org.testng.SuiteRunnerWorker.runSuite(SuiteRunnerWorker.java:52)
	at org.testng.SuiteRunnerWorker.run(SuiteRunnerWorker.java:86)
	at org.testng.TestNG.runSuitesSequentially(TestNG.java:1215)
	at org.testng.TestNG.runSuitesLocally(TestNG.java:1140)
	at org.testng.TestNG.run(TestNG.java:1048)
	at org.testng.remote.AbstractRemoteTestNG.run(AbstractRemoteTestNG.java:114)
	at org.testng.remote.RemoteTestNG.initAndRun(RemoteTestNG.java:251)
	at org.testng.remote.RemoteTestNG.main(RemoteTestNG.java:77)
]]>
            </full-stacktrace>
          </exception> <!-- java.lang.NullPointerException -->
          <reporter-output>
          </reporter-output>
        </test-method> <!-- afterMethod -->
        <test-method status="FAIL" signature="beforeMethod()[pri:0, instance:testNGSession.TestCaseOne@cc285f4]" name="beforeMethod" is-config="true" duration-ms="0" started-at="2018-07-01T14:59:00Z" finished-at="2018-07-01T14:59:00Z">
          <exception class="org.openqa.selenium.WebDriverException">
            <message>
              <![CDATA[Failed to connect to binary FirefoxBinary(C:\Program Files\Mozilla Firefox\firefox.exe) on port 7055; process output follows: 
71541082	addons.xpi	DEBUG	Calling bootstrap method startup on screenshots@mozilla.org version 32.1.0
1530471541082	addons.xpi	DEBUG	Registering manifest for C:\Program Files\Mozilla Firefox\browser\features\webcompat-reporter@mozilla.org.xpi
1530471541082	addons.xpi	DEBUG	Calling bootstrap method startup on webcompat-reporter@mozilla.org version 1.0.0
1530471541083	addons.xpi	DEBUG	Registering manifest for C:\Program Files\Mozilla Firefox\browser\features\webcompat@mozilla.org.xpi
1530471541084	addons.xpi	DEBUG	Calling bootstrap method startup on webcompat@mozilla.org version 2.0
1530471541085	addons.manager	DEBUG	Registering shutdown blocker for XPIProvider
1530471541086	addons.manager	DEBUG	Provider finished startup: XPIProvider
1530471541086	addons.manager	DEBUG	Starting provider: LightweightThemeManager
1530471541086	addons.manager	DEBUG	Registering shutdown blocker for LightweightThemeManager
1530471541086	addons.manager	DEBUG	Provider finished startup: LightweightThemeManager
1530471541086	addons.manager	DEBUG	Starting provider: GMPProvider
1530471541088	addons.manager	DEBUG	Registering shutdown blocker for GMPProvider
1530471541088	addons.manager	DEBUG	Provider finished startup: GMPProvider
1530471541088	addons.manager	DEBUG	Starting provider: PluginProvider
1530471541088	addons.manager	DEBUG	Registering shutdown blocker for PluginProvider
1530471541089	addons.manager	DEBUG	Provider finished startup: PluginProvider
1530471541090	addons.manager	DEBUG	Completed startup sequence
Unable to read VR Path Registry from C:\Users\fakhr\AppData\Local\openvr\openvrpaths.vrpath
Unable to read VR Path Registry from C:\Users\fakhr\AppData\Local\openvr\openvrpaths.vrpath
1530471541456	addons.repository	DEBUG	No addons.json found.
Unable to read VR Path Registry from C:\Users\fakhr\AppData\Local\openvr\openvrpaths.vrpath
Unable to read VR Path Registry from C:\Users\fakhr\AppData\Local\openvr\openvrpaths.vrpath
Unable to read VR Path Registry from C:\Users\fakhr\AppData\Local\openvr\openvrpaths.vrpath
1530471541992	addons.xpi	DEBUG	Ignoring file entry whose name is not a valid add-on ID: C:\Users\fakhr\AppData\Local\Temp\anonymous4161595067903433036webdriver-profile\extensions\webdriver-staging
1530471541992	addons.xpi	DEBUG	Existing add-on activity-stream@mozilla.org in app-system-defaults
1530471541993	addons.xpi	DEBUG	Existing add-on aushelper@mozilla.org in app-system-defaults
1530471541993	addons.xpi	DEBUG	Existing add-on firefox@getpocket.com in app-system-defaults
1530471541993	addons.xpi	DEBUG	Existing add-on followonsearch@mozilla.com in app-system-defaults
1530471541993	addons.xpi	DEBUG	Existing add-on formautofill@mozilla.org in app-system-defaults
1530471541994	addons.xpi	DEBUG	Existing add-on onboarding@mozilla.org in app-system-defaults
1530471541994	addons.xpi	DEBUG	Existing add-on screenshots@mozilla.org in app-system-defaults
1530471541994	addons.xpi	DEBUG	Existing add-on webcompat-reporter@mozilla.org in app-system-defaults
1530471541994	addons.xpi	DEBUG	Existing add-on webcompat@mozilla.org in app-system-defaults
1530471541995	addons.xpi	DEBUG	Existing add-on {4ED1F68A-5463-4931-9384-8FFF5ED91D92} in winreg-app-global
1530471541995	addons.xpi	DEBUG	getInstallState changed: false, state: {}
JavaScript error: resource://gre/modules/addons/XPIProvider.jsm, line 2189: TypeError: addon is null
1530471562095	addons.productaddons	INFO	sending request to: https://aus5.mozilla.org/update/3/GMP/61.0/20180621125625/WINNT_x86_64-msvc-x64/en-US/release/Windows_NT%2010.0.0.0.17134.137%20(x64)/default/default/update.xml
1530471562788	addons.productaddons	INFO	Completed downloading document
1530471566710	addons.productaddons	INFO	downloadXHR File download. status=200
1530471566719	addons.productaddons	INFO	Downloaded file will be saved to C:\Users\fakhr\AppData\Local\Temp\tmpaddon-3adfa9
1530471569227	addons.productaddons	INFO	downloadXHR File download. status=200
1530471569230	addons.productaddons	INFO	Downloaded file will be saved to C:\Users\fakhr\AppData\Local\Temp\tmpaddon-16ce0c

Build info: version: '2.53.0', revision: '35ae25b', time: '2016-03-15 16:57:40'
System info: host: 'LAPTOP-JEI8AS0O', ip: '10.155.31.138', os.name: 'Windows 10', os.arch: 'amd64', os.version: '10.0', java.version: '1.8.0_171'
Driver info: driver.version: FirefoxDriver]]>
            </message>
            <full-stacktrace>
              <![CDATA[org.openqa.selenium.WebDriverException: Failed to connect to binary FirefoxBinary(C:\Program Files\Mozilla Firefox\firefox.exe) on port 7055; process output follows: 
71541082	addons.xpi	DEBUG	Calling bootstrap method startup on screenshots@mozilla.org version 32.1.0
1530471541082	addons.xpi	DEBUG	Registering manifest for C:\Program Files\Mozilla Firefox\browser\features\webcompat-reporter@mozilla.org.xpi
1530471541082	addons.xpi	DEBUG	Calling bootstrap method startup on webcompat-reporter@mozilla.org version 1.0.0
1530471541083	addons.xpi	DEBUG	Registering manifest for C:\Program Files\Mozilla Firefox\browser\features\webcompat@mozilla.org.xpi
1530471541084	addons.xpi	DEBUG	Calling bootstrap method startup on webcompat@mozilla.org version 2.0
1530471541085	addons.manager	DEBUG	Registering shutdown blocker for XPIProvider
1530471541086	addons.manager	DEBUG	Provider finished startup: XPIProvider
1530471541086	addons.manager	DEBUG	Starting provider: LightweightThemeManager
1530471541086	addons.manager	DEBUG	Registering shutdown blocker for LightweightThemeManager
1530471541086	addons.manager	DEBUG	Provider finished startup: LightweightThemeManager
1530471541086	addons.manager	DEBUG	Starting provider: GMPProvider
1530471541088	addons.manager	DEBUG	Registering shutdown blocker for GMPProvider
1530471541088	addons.manager	DEBUG	Provider finished startup: GMPProvider
1530471541088	addons.manager	DEBUG	Starting provider: PluginProvider
1530471541088	addons.manager	DEBUG	Registering shutdown blocker for PluginProvider
1530471541089	addons.manager	DEBUG	Provider finished startup: PluginProvider
1530471541090	addons.manager	DEBUG	Completed startup sequence
Unable to read VR Path Registry from C:\Users\fakhr\AppData\Local\openvr\openvrpaths.vrpath
Unable to read VR Path Registry from C:\Users\fakhr\AppData\Local\openvr\openvrpaths.vrpath
1530471541456	addons.repository	DEBUG	No addons.json found.
Unable to read VR Path Registry from C:\Users\fakhr\AppData\Local\openvr\openvrpaths.vrpath
Unable to read VR Path Registry from C:\Users\fakhr\AppData\Local\openvr\openvrpaths.vrpath
Unable to read VR Path Registry from C:\Users\fakhr\AppData\Local\openvr\openvrpaths.vrpath
1530471541992	addons.xpi	DEBUG	Ignoring file entry whose name is not a valid add-on ID: C:\Users\fakhr\AppData\Local\Temp\anonymous4161595067903433036webdriver-profile\extensions\webdriver-staging
1530471541992	addons.xpi	DEBUG	Existing add-on activity-stream@mozilla.org in app-system-defaults
1530471541993	addons.xpi	DEBUG	Existing add-on aushelper@mozilla.org in app-system-defaults
1530471541993	addons.xpi	DEBUG	Existing add-on firefox@getpocket.com in app-system-defaults
1530471541993	addons.xpi	DEBUG	Existing add-on followonsearch@mozilla.com in app-system-defaults
1530471541993	addons.xpi	DEBUG	Existing add-on formautofill@mozilla.org in app-system-defaults
1530471541994	addons.xpi	DEBUG	Existing add-on onboarding@mozilla.org in app-system-defaults
1530471541994	addons.xpi	DEBUG	Existing add-on screenshots@mozilla.org in app-system-defaults
1530471541994	addons.xpi	DEBUG	Existing add-on webcompat-reporter@mozilla.org in app-system-defaults
1530471541994	addons.xpi	DEBUG	Existing add-on webcompat@mozilla.org in app-system-defaults
1530471541995	addons.xpi	DEBUG	Existing add-on {4ED1F68A-5463-4931-9384-8FFF5ED91D92} in winreg-app-global
1530471541995	addons.xpi	DEBUG	getInstallState changed: false, state: {}
JavaScript error: resource://gre/modules/addons/XPIProvider.jsm, line 2189: TypeError: addon is null
1530471562095	addons.productaddons	INFO	sending request to: https://aus5.mozilla.org/update/3/GMP/61.0/20180621125625/WINNT_x86_64-msvc-x64/en-US/release/Windows_NT%2010.0.0.0.17134.137%20(x64)/default/default/update.xml
1530471562788	addons.productaddons	INFO	Completed downloading document
1530471566710	addons.productaddons	INFO	downloadXHR File download. status=200
1530471566719	addons.productaddons	INFO	Downloaded file will be saved to C:\Users\fakhr\AppData\Local\Temp\tmpaddon-3adfa9
1530471569227	addons.productaddons	INFO	downloadXHR File download. status=200
1530471569230	addons.productaddons	INFO	Downloaded file will be saved to C:\Users\fakhr\AppData\Local\Temp\tmpaddon-16ce0c

Build info: version: '2.53.0', revision: '35ae25b', time: '2016-03-15 16:57:40'
System info: host: 'LAPTOP-JEI8AS0O', ip: '10.155.31.138', os.name: 'Windows 10', os.arch: 'amd64', os.version: '10.0', java.version: '1.8.0_171'
Driver info: driver.version: FirefoxDriver
	at org.openqa.selenium.firefox.internal.NewProfileExtensionConnection.start(NewProfileExtensionConnection.java:124)
	at org.openqa.selenium.firefox.FirefoxDriver.startClient(FirefoxDriver.java:271)
	at org.openqa.selenium.remote.RemoteWebDriver.<init>(RemoteWebDriver.java:119)
	at org.openqa.selenium.firefox.FirefoxDriver.<init>(FirefoxDriver.java:218)
	at org.openqa.selenium.firefox.FirefoxDriver.<init>(FirefoxDriver.java:211)
	at org.openqa.selenium.firefox.FirefoxDriver.<init>(FirefoxDriver.java:207)
	at org.openqa.selenium.firefox.FirefoxDriver.<init>(FirefoxDriver.java:120)
	at testNGSession.TestCaseOne.beforeMethod(TestCaseOne.java:60)
	at sun.reflect.NativeMethodAccessorImpl.invoke0(Native Method)
	at sun.reflect.NativeMethodAccessorImpl.invoke(NativeMethodAccessorImpl.java:62)
	at sun.reflect.DelegatingMethodAccessorImpl.invoke(DelegatingMethodAccessorImpl.java:43)
	at java.lang.reflect.Method.invoke(Method.java:498)
	at org.testng.internal.MethodInvocationHelper.invokeMethod(MethodInvocationHelper.java:85)
	at org.testng.internal.Invoker.invokeConfigurationMethod(Invoker.java:510)
	at org.testng.internal.Invoker.invokeConfigurations(Invoker.java:211)
	at org.testng.internal.Invoker.invokeMethod(Invoker.java:585)
	at org.testng.internal.Invoker.invokeTestMethod(Invoker.java:816)
	at org.testng.internal.Invoker.invokeTestMethods(Invoker.java:1124)
	at org.testng.internal.TestMethodWorker.invokeTestMethods(TestMethodWorker.java:125)
	at org.testng.internal.TestMethodWorker.run(TestMethodWorker.java:108)
	at org.testng.TestRunner.privateRun(TestRunner.java:774)
	at org.testng.TestRunner.run(TestRunner.java:624)
	at org.testng.SuiteRunner.runTest(SuiteRunner.java:359)
	at org.testng.SuiteRunner.runSequentially(SuiteRunner.java:354)
	at org.testng.SuiteRunner.privateRun(SuiteRunner.java:312)
	at org.testng.SuiteRunner.run(SuiteRunner.java:261)
	at org.testng.SuiteRunnerWorker.runSuite(SuiteRunnerWorker.java:52)
	at org.testng.SuiteRunnerWorker.run(SuiteRunnerWorker.java:86)
	at org.testng.TestNG.runSuitesSequentially(TestNG.java:1215)
	at org.testng.TestNG.runSuitesLocally(TestNG.java:1140)
	at org.testng.TestNG.run(TestNG.java:1048)
	at org.testng.remote.AbstractRemoteTestNG.run(AbstractRemoteTestNG.java:114)
	at org.testng.remote.RemoteTestNG.initAndRun(RemoteTestNG.java:251)
	at org.testng.remote.RemoteTestNG.main(RemoteTestNG.java:77)
Caused by: org.openqa.selenium.firefox.NotConnectedException: Unable to connect to host 127.0.0.1 on port 7055 after 45000 ms. Firefox console output:
71541082	addons.xpi	DEBUG	Calling bootstrap method startup on screenshots@mozilla.org version 32.1.0
1530471541082	addons.xpi	DEBUG	Registering manifest for C:\Program Files\Mozilla Firefox\browser\features\webcompat-reporter@mozilla.org.xpi
1530471541082	addons.xpi	DEBUG	Calling bootstrap method startup on webcompat-reporter@mozilla.org version 1.0.0
1530471541083	addons.xpi	DEBUG	Registering manifest for C:\Program Files\Mozilla Firefox\browser\features\webcompat@mozilla.org.xpi
1530471541084	addons.xpi	DEBUG	Calling bootstrap method startup on webcompat@mozilla.org version 2.0
1530471541085	addons.manager	DEBUG	Registering shutdown blocker for XPIProvider
1530471541086	addons.manager	DEBUG	Provider finished startup: XPIProvider
1530471541086	addons.manager	DEBUG	Starting provider: LightweightThemeManager
1530471541086	addons.manager	DEBUG	Registering shutdown blocker for LightweightThemeManager
1530471541086	addons.manager	DEBUG	Provider finished startup: LightweightThemeManager
1530471541086	addons.manager	DEBUG	Starting provider: GMPProvider
1530471541088	addons.manager	DEBUG	Registering shutdown blocker for GMPProvider
1530471541088	addons.manager	DEBUG	Provider finished startup: GMPProvider
1530471541088	addons.manager	DEBUG	Starting provider: PluginProvider
1530471541088	addons.manager	DEBUG	Registering shutdown blocker for PluginProvider
1530471541089	addons.manager	DEBUG	Provider finished startup: PluginProvider
1530471541090	addons.manager	DEBUG	Completed startup sequence
Unable to read VR Path Registry from C:\Users\fakhr\AppData\Local\openvr\openvrpaths.vrpath
Unable to read VR Path Registry from C:\Users\fakhr\AppData\Local\openvr\openvrpaths.vrpath
1530471541456	addons.repository	DEBUG	No addons.json found.
Unable to read VR Path Registry from C:\Users\fakhr\AppData\Local\openvr\openvrpaths.vrpath
Unable to read VR Path Registry from C:\Users\fakhr\AppData\Local\openvr\openvrpaths.vrpath
Unable to read VR Path Registry from C:\Users\fakhr\AppData\Local\openvr\openvrpaths.vrpath
1530471541992	addons.xpi	DEBUG	Ignoring file entry whose name is not a valid add-on ID: C:\Users\fakhr\AppData\Local\Temp\anonymous4161595067903433036webdriver-profile\extensions\webdriver-staging
1530471541992	addons.xpi	DEBUG	Existing add-on activity-stream@mozilla.org in app-system-defaults
1530471541993	addons.xpi	DEBUG	Existing add-on aushelper@mozilla.org in app-system-defaults
1530471541993	addons.xpi	DEBUG	Existing add-on firefox@getpocket.com in app-system-defaults
1530471541993	addons.xpi	DEBUG	Existing add-on followonsearch@mozilla.com in app-system-defaults
1530471541993	addons.xpi	DEBUG	Existing add-on formautofill@mozilla.org in app-system-defaults
1530471541994	addons.xpi	DEBUG	Existing add-on onboarding@mozilla.org in app-system-defaults
1530471541994	addons.xpi	DEBUG	Existing add-on screenshots@mozilla.org in app-system-defaults
1530471541994	addons.xpi	DEBUG	Existing add-on webcompat-reporter@mozilla.org in app-system-defaults
1530471541994	addons.xpi	DEBUG	Existing add-on webcompat@mozilla.org in app-system-defaults
1530471541995	addons.xpi	DEBUG	Existing add-on {4ED1F68A-5463-4931-9384-8FFF5ED91D92} in winreg-app-global
1530471541995	addons.xpi	DEBUG	getInstallState changed: false, state: {}
JavaScript error: resource://gre/modules/addons/XPIProvider.jsm, line 2189: TypeError: addon is null
1530471562095	addons.productaddons	INFO	sending request to: https://aus5.mozilla.org/update/3/GMP/61.0/20180621125625/WINNT_x86_64-msvc-x64/en-US/release/Windows_NT%2010.0.0.0.17134.137%20(x64)/default/default/update.xml
1530471562788	addons.productaddons	INFO	Completed downloading document
1530471566710	addons.productaddons	INFO	downloadXHR File download. status=200
1530471566719	addons.productaddons	INFO	Downloaded file will be saved to C:\Users\fakhr\AppData\Local\Temp\tmpaddon-3adfa9
1530471569227	addons.productaddons	INFO	downloadXHR File download. status=200
1530471569230	addons.productaddons	INFO	Downloaded file will be saved to C:\Users\fakhr\AppData\Local\Temp\tmpaddon-16ce0c

	at org.openqa.selenium.firefox.internal.NewProfileExtensionConnection.start(NewProfileExtensionConnection.java:112)
	... 33 more
]]>
            </full-stacktrace>
          </exception> <!-- org.openqa.selenium.WebDriverException -->
          <reporter-output>
          </reporter-output>
        </test-method> <!-- beforeMethod -->
        <test-method status="SKIP" signature="getpasswordreset()[pri:2, instance:testNGSession.TestCaseOne@cc285f4]" name="getpasswordreset" duration-ms="1" started-at="2018-07-01T14:59:45Z" description="This is Test 1" finished-at="2018-07-01T14:59:45Z">
          <reporter-output>
          </reporter-output>
        </test-method> <!-- getpasswordreset -->
        <test-method status="FAIL" signature="afterMethod()[pri:0, instance:testNGSession.TestCaseOne@cc285f4]" name="afterMethod" is-config="true" duration-ms="0" started-at="2018-07-01T14:59:45Z" finished-at="2018-07-01T14:59:45Z">
          <exception class="java.lang.NullPointerException">
            <full-stacktrace>
              <![CDATA[java.lang.NullPointerException
	at testNGSession.TestCaseOne.afterMethod(TestCaseOne.java:67)
	at sun.reflect.NativeMethodAccessorImpl.invoke0(Native Method)
	at sun.reflect.NativeMethodAccessorImpl.invoke(NativeMethodAccessorImpl.java:62)
	at sun.reflect.DelegatingMethodAccessorImpl.invoke(DelegatingMethodAccessorImpl.java:43)
	at java.lang.reflect.Method.invoke(Method.java:498)
	at org.testng.internal.MethodInvocationHelper.invokeMethod(MethodInvocationHelper.java:85)
	at org.testng.internal.Invoker.invokeConfigurationMethod(Invoker.java:510)
	at org.testng.internal.Invoker.invokeConfigurations(Invoker.java:211)
	at org.testng.internal.Invoker.invokeMethod(Invoker.java:703)
	at org.testng.internal.Invoker.invokeTestMethod(Invoker.java:816)
	at org.testng.internal.Invoker.invokeTestMethods(Invoker.java:1124)
	at org.testng.internal.TestMethodWorker.invokeTestMethods(TestMethodWorker.java:125)
	at org.testng.internal.TestMethodWorker.run(TestMethodWorker.java:108)
	at org.testng.TestRunner.privateRun(TestRunner.java:774)
	at org.testng.TestRunner.run(TestRunner.java:624)
	at org.testng.SuiteRunner.runTest(SuiteRunner.java:359)
	at org.testng.SuiteRunner.runSequentially(SuiteRunner.java:354)
	at org.testng.SuiteRunner.privateRun(SuiteRunner.java:312)
	at org.testng.SuiteRunner.run(SuiteRunner.java:261)
	at org.testng.SuiteRunnerWorker.runSuite(SuiteRunnerWorker.java:52)
	at org.testng.SuiteRunnerWorker.run(SuiteRunnerWorker.java:86)
	at org.testng.TestNG.runSuitesSequentially(TestNG.java:1215)
	at org.testng.TestNG.runSuitesLocally(TestNG.java:1140)
	at org.testng.TestNG.run(TestNG.java:1048)
	at org.testng.remote.AbstractRemoteTestNG.run(AbstractRemoteTestNG.java:114)
	at org.testng.remote.RemoteTestNG.initAndRun(RemoteTestNG.java:251)
	at org.testng.remote.RemoteTestNG.main(RemoteTestNG.java:77)
]]>
            </full-stacktrace>
          </exception> <!-- java.lang.NullPointerException -->
          <reporter-output>
          </reporter-output>
        </test-method> <!-- afterMethod -->
      </class> <!-- testNGSession.TestCaseOne -->
    </test> <!-- Test -->
  </suite> <!-- Suite -->
</testng-results>
