<!DOCTYPE html PUBLIC "-//W3C//DTD XHTML 1.1//EN" "http://www.w3.org/TR/xhtml11/DTD/xhtml11.dtd">
<html xmlns="http://www.w3.org/1999/xhtml"><head><title>TestNG Report</title><style type="text/css">table {margin-bottom:10px;border-collapse:collapse;empty-cells:show}th,td {border:1px solid #009;padding:.25em .5em}th {vertical-align:bottom}td {vertical-align:top}table a {font-weight:bold}.stripe td {background-color: #E6EBF9}.num {text-align:right}.passedodd td {background-color: #3F3}.passedeven td {background-color: #0A0}.skippedodd td {background-color: #DDD}.skippedeven td {background-color: #CCC}.failedodd td,.attn {background-color: #F33}.failedeven td,.stripe .attn {background-color: #D00}.stacktrace {white-space:pre;font-family:monospace}.totop {font-size:85%;text-align:center;border-bottom:2px solid #000}</style></head><body><table><tr><th>Test</th><th># Passed</th><th># Skipped</th><th># Failed</th><th>Time (ms)</th><th>Included Groups</th><th>Excluded Groups</th></tr><tr><th colspan="7">Suite</th></tr><tr><td><a href="#t0">Test</a></td><td class="num">1</td><td class="num attn">1</td><td class="num attn">1</td><td class="num">162,357</td><td>Functional, Regression</td><td>Sanity</td></tr></table><table><thead><tr><th>Class</th><th>Method</th><th>Start</th><th>Time (ms)</th></tr></thead><tbody><tr><th colspan="4">Suite</th></tr></tbody><tbody id="t0"><tr><th colspan="4">Test &#8212; failed (configuration methods)</th></tr><tr class="failedeven"><td rowspan="2">MavenProject.MavaneProjectFeb2018.TestCaseTwo</td><td><a href="#m0">afterMethod</a></td><td rowspan="1">1519503684808</td><td rowspan="1">0</td></tr><tr class="failedeven"><td><a href="#m1">beforeMethod</a></td><td rowspan="1">1519503620936</td><td rowspan="1">0</td></tr><tr><th colspan="4">Test &#8212; failed</th></tr><tr class="failedeven"><td rowspan="1">MavenProject.MavaneProjectFeb2018.TestCaseThree</td><td><a href="#m2">testcaseFive</a></td><td rowspan="1">1519503772716</td><td rowspan="1">8441</td></tr><tr><th colspan="4">Test &#8212; skipped</th></tr><tr class="skippedeven"><td rowspan="1">MavenProject.MavaneProjectFeb2018.TestCaseTwo</td><td><a href="#m3">testcaseNine</a></td><td rowspan="1">1519503684805</td><td rowspan="1">2</td></tr><tr><th colspan="4">Test &#8212; passed</th></tr><tr class="passedeven"><td rowspan="1">MavenProject.MavaneProjectFeb2018.TestCaseThree</td><td><a href="#m4">testcaseFour</a></td><td rowspan="1">1519503743205</td><td rowspan="1">116</td></tr></tbody></table><h2>Test</h2><h3 id="m0">MavenProject.MavaneProjectFeb2018.TestCaseTwo#afterMethod</h3><table class="result"><tr><th>Exception</th></tr><tr><td><div class="stacktrace">java.lang.NullPointerException
	at MavenProject.MavaneProjectFeb2018.TestCaseTwo.afterMethod(TestCaseTwo.java:56)
... Removed 29 stack frames</div></td></tr></table><p class="totop"><a href="#summary">back to summary</a></p><h3 id="m1">MavenProject.MavaneProjectFeb2018.TestCaseTwo#beforeMethod</h3><table class="result"><tr><th>Exception</th></tr><tr><td><div class="stacktrace">org.openqa.selenium.WebDriverException: Failed to connect to binary FirefoxBinary(C:\Program Files (x86)\Mozilla Firefox\firefox.exe) on port 7055; process output follows: 
.0&quot;,&quot;type&quot;:&quot;extension&quot;,&quot;internalName&quot;:null,&quot;updateURL&quot;:null,&quot;updateKey&quot;:null,&quot;optionsURL&quot;:null,&quot;optionsType&quot;:null,&quot;aboutURL&quot;:null,&quot;icons&quot;:{&quot;32&quot;:&quot;icon.png&quot;,&quot;48&quot;:&quot;icon.png&quot;},&quot;iconURL&quot;:null,&quot;icon64URL&quot;:null,&quot;defaultLocale&quot;:{&quot;name&quot;:&quot;HPE Functional Testing Agent&quot;,&quot;description&quot;:&quot;Test Web Applications Using Firefox&quot;,&quot;creator&quot;:null,&quot;homepageURL&quot;:null},&quot;visible&quot;:true,&quot;active&quot;:false,&quot;userDisabled&quot;:true,&quot;appDisabled&quot;:false,&quot;descriptor&quot;:&quot;C:\\Program Files (x86)\\HPE\\Unified Functional Testing\\\\Installations\\Firefox\\Agent.xpi&quot;,&quot;installDate&quot;:1502252129000,&quot;updateDate&quot;:1502252129000,&quot;applyBackgroundUpdates&quot;:1,&quot;bootstrap&quot;:true,&quot;skinnable&quot;:false,&quot;size&quot;:1785674,&quot;sourceURI&quot;:null,&quot;releaseNotesURI&quot;:null,&quot;softDisabled&quot;:false,&quot;foreignInstall&quot;:true,&quot;hasBinaryComponents&quot;:false,&quot;strictCompatibility&quot;:false,&quot;locales&quot;:[],&quot;targetApplications&quot;:[{&quot;id&quot;:&quot;{ec8030f7-c20a-464f-9b0e-13a3a9e97384}&quot;,&quot;minVersion&quot;:&quot;38.0a1&quot;,&quot;maxVersion&quot;:&quot;*&quot;}],&quot;targetPlatforms&quot;:[],&quot;multiprocessCompatible&quot;:false,&quot;signedState&quot;:2,&quot;seen&quot;:true}
1519503648962	DeferredSave.extensions.json	DEBUG	Save changes
1519503648962	addons.xpi	DEBUG	Updating database with changes to installed add-ons
1519503648962	addons.xpi-utils	DEBUG	Updating add-on states
1519503648968	addons.xpi-utils	DEBUG	Writing add-ons list
1519503648985	addons.xpi	DEBUG	Registering manifest for C:\Program Files (x86)\Mozilla Firefox\browser\features\e10srollout@mozilla.org.xpi
1519503648989	addons.xpi	DEBUG	Calling bootstrap method startup on e10srollout@mozilla.org version 1.0
1519503648989	addons.xpi	DEBUG	Registering manifest for C:\Program Files (x86)\Mozilla Firefox\browser\features\firefox@getpocket.com.xpi
1519503648993	addons.xpi	DEBUG	Calling bootstrap method startup on firefox@getpocket.com version 1.0
1519503649002	addons.xpi	DEBUG	Registering manifest for C:\Program Files (x86)\Mozilla Firefox\browser\features\loop@mozilla.org.xpi
1519503649010	addons.xpi	DEBUG	Calling bootstrap method startup on loop@mozilla.org version 1.2.6
1519503649204	addons.manager	DEBUG	Registering shutdown blocker for XPIProvider
1519503649205	addons.manager	DEBUG	Provider finished startup: XPIProvider
1519503649205	addons.manager	DEBUG	Starting provider: LightweightThemeManager
1519503649205	addons.manager	DEBUG	Registering shutdown blocker for LightweightThemeManager
1519503649206	addons.manager	DEBUG	Provider finished startup: LightweightThemeManager
1519503649208	addons.manager	DEBUG	Starting provider: GMPProvider
1519503649233	addons.manager	DEBUG	Registering shutdown blocker for GMPProvider
1519503649234	addons.manager	DEBUG	Provider finished startup: GMPProvider
1519503649235	addons.manager	DEBUG	Starting provider: PluginProvider
1519503649235	addons.manager	DEBUG	Registering shutdown blocker for PluginProvider
1519503649236	addons.manager	DEBUG	Provider finished startup: PluginProvider
1519503649237	addons.manager	DEBUG	Completed startup sequence
1519503653730	addons.manager	DEBUG	Starting provider: &lt;unnamed-provider&gt;
1519503653730	addons.manager	DEBUG	Registering shutdown blocker for &lt;unnamed-provider&gt;
1519503653732	addons.manager	DEBUG	Provider finished startup: &lt;unnamed-provider&gt;
1519503660031	DeferredSave.extensions.json	DEBUG	Write succeeded
1519503660031	addons.xpi-utils	DEBUG	XPI Database saved, setting schema version preference to 17
1519503660032	DeferredSave.extensions.json	DEBUG	Starting timer
1519503660063	DeferredSave.extensions.json	DEBUG	Starting write
1519503660147	addons.repository	DEBUG	No addons.json found.
1519503660238	DeferredSave.addons.json	DEBUG	Save changes
1519503660308	DeferredSave.addons.json	DEBUG	Starting timer
1519503663799	addons.manager	DEBUG	Starting provider: PreviousExperimentProvider
1519503663801	addons.manager	DEBUG	Registering shutdown blocker for PreviousExperimentProvider
1519503663802	addons.manager	DEBUG	Provider finished startup: PreviousExperimentProvider
1519503663818	DeferredSave.addons.json	DEBUG	Starting write
1519503665083	DeferredSave.extensions.json	DEBUG	Write succeeded
1519503665552	DeferredSave.addons.json	DEBUG	Write succeeded

Build info: version: &apos;2.53.0&apos;, revision: &apos;35ae25b1534ae328c771e0856c93e187490ca824&apos;, time: &apos;2016-03-15 10:43:46&apos;
System info: host: &apos;Hasan&apos;, ip: &apos;192.168.5.81&apos;, os.name: &apos;Windows 8.1&apos;, os.arch: &apos;amd64&apos;, os.version: &apos;6.3&apos;, java.version: &apos;1.8.0_131&apos;
Driver info: driver.version: FirefoxDriver
	at org.openqa.selenium.firefox.internal.NewProfileExtensionConnection.start(NewProfileExtensionConnection.java:125)
	at org.openqa.selenium.firefox.FirefoxDriver.startClient(FirefoxDriver.java:271)
	at org.openqa.selenium.remote.RemoteWebDriver.&lt;init&gt;(RemoteWebDriver.java:119)
	at org.openqa.selenium.firefox.FirefoxDriver.&lt;init&gt;(FirefoxDriver.java:216)
	at org.openqa.selenium.firefox.FirefoxDriver.&lt;init&gt;(FirefoxDriver.java:211)
	at org.openqa.selenium.firefox.FirefoxDriver.&lt;init&gt;(FirefoxDriver.java:207)
	at org.openqa.selenium.firefox.FirefoxDriver.&lt;init&gt;(FirefoxDriver.java:120)
	at MavenProject.MavaneProjectFeb2018.TestCaseTwo.beforeMethod(TestCaseTwo.java:49)
Caused by: org.openqa.selenium.firefox.NotConnectedException: Unable to connect to host 127.0.0.1 on port 7055 after 45000 ms. Firefox console output:
.0&quot;,&quot;type&quot;:&quot;extension&quot;,&quot;internalName&quot;:null,&quot;updateURL&quot;:null,&quot;updateKey&quot;:null,&quot;optionsURL&quot;:null,&quot;optionsType&quot;:null,&quot;aboutURL&quot;:null,&quot;icons&quot;:{&quot;32&quot;:&quot;icon.png&quot;,&quot;48&quot;:&quot;icon.png&quot;},&quot;iconURL&quot;:null,&quot;icon64URL&quot;:null,&quot;defaultLocale&quot;:{&quot;name&quot;:&quot;HPE Functional Testing Agent&quot;,&quot;description&quot;:&quot;Test Web Applications Using Firefox&quot;,&quot;creator&quot;:null,&quot;homepageURL&quot;:null},&quot;visible&quot;:true,&quot;active&quot;:false,&quot;userDisabled&quot;:true,&quot;appDisabled&quot;:false,&quot;descriptor&quot;:&quot;C:\\Program Files (x86)\\HPE\\Unified Functional Testing\\\\Installations\\Firefox\\Agent.xpi&quot;,&quot;installDate&quot;:1502252129000,&quot;updateDate&quot;:1502252129000,&quot;applyBackgroundUpdates&quot;:1,&quot;bootstrap&quot;:true,&quot;skinnable&quot;:false,&quot;size&quot;:1785674,&quot;sourceURI&quot;:null,&quot;releaseNotesURI&quot;:null,&quot;softDisabled&quot;:false,&quot;foreignInstall&quot;:true,&quot;hasBinaryComponents&quot;:false,&quot;strictCompatibility&quot;:false,&quot;locales&quot;:[],&quot;targetApplications&quot;:[{&quot;id&quot;:&quot;{ec8030f7-c20a-464f-9b0e-13a3a9e97384}&quot;,&quot;minVersion&quot;:&quot;38.0a1&quot;,&quot;maxVersion&quot;:&quot;*&quot;}],&quot;targetPlatforms&quot;:[],&quot;multiprocessCompatible&quot;:false,&quot;signedState&quot;:2,&quot;seen&quot;:true}
1519503648962	DeferredSave.extensions.json	DEBUG	Save changes
1519503648962	addons.xpi	DEBUG	Updating database with changes to installed add-ons
1519503648962	addons.xpi-utils	DEBUG	Updating add-on states
1519503648968	addons.xpi-utils	DEBUG	Writing add-ons list
1519503648985	addons.xpi	DEBUG	Registering manifest for C:\Program Files (x86)\Mozilla Firefox\browser\features\e10srollout@mozilla.org.xpi
1519503648989	addons.xpi	DEBUG	Calling bootstrap method startup on e10srollout@mozilla.org version 1.0
1519503648989	addons.xpi	DEBUG	Registering manifest for C:\Program Files (x86)\Mozilla Firefox\browser\features\firefox@getpocket.com.xpi
1519503648993	addons.xpi	DEBUG	Calling bootstrap method startup on firefox@getpocket.com version 1.0
1519503649002	addons.xpi	DEBUG	Registering manifest for C:\Program Files (x86)\Mozilla Firefox\browser\features\loop@mozilla.org.xpi
1519503649010	addons.xpi	DEBUG	Calling bootstrap method startup on loop@mozilla.org version 1.2.6
1519503649204	addons.manager	DEBUG	Registering shutdown blocker for XPIProvider
1519503649205	addons.manager	DEBUG	Provider finished startup: XPIProvider
1519503649205	addons.manager	DEBUG	Starting provider: LightweightThemeManager
1519503649205	addons.manager	DEBUG	Registering shutdown blocker for LightweightThemeManager
1519503649206	addons.manager	DEBUG	Provider finished startup: LightweightThemeManager
1519503649208	addons.manager	DEBUG	Starting provider: GMPProvider
1519503649233	addons.manager	DEBUG	Registering shutdown blocker for GMPProvider
1519503649234	addons.manager	DEBUG	Provider finished startup: GMPProvider
1519503649235	addons.manager	DEBUG	Starting provider: PluginProvider
1519503649235	addons.manager	DEBUG	Registering shutdown blocker for PluginProvider
1519503649236	addons.manager	DEBUG	Provider finished startup: PluginProvider
1519503649237	addons.manager	DEBUG	Completed startup sequence
1519503653730	addons.manager	DEBUG	Starting provider: &lt;unnamed-provider&gt;
1519503653730	addons.manager	DEBUG	Registering shutdown blocker for &lt;unnamed-provider&gt;
1519503653732	addons.manager	DEBUG	Provider finished startup: &lt;unnamed-provider&gt;
1519503660031	DeferredSave.extensions.json	DEBUG	Write succeeded
1519503660031	addons.xpi-utils	DEBUG	XPI Database saved, setting schema version preference to 17
1519503660032	DeferredSave.extensions.json	DEBUG	Starting timer
1519503660063	DeferredSave.extensions.json	DEBUG	Starting write
1519503660147	addons.repository	DEBUG	No addons.json found.
1519503660238	DeferredSave.addons.json	DEBUG	Save changes
1519503660308	DeferredSave.addons.json	DEBUG	Starting timer
1519503663799	addons.manager	DEBUG	Starting provider: PreviousExperimentProvider
1519503663801	addons.manager	DEBUG	Registering shutdown blocker for PreviousExperimentProvider
1519503663802	addons.manager	DEBUG	Provider finished startup: PreviousExperimentProvider
1519503663818	DeferredSave.addons.json	DEBUG	Starting write
1519503665083	DeferredSave.extensions.json	DEBUG	Write succeeded
1519503665552	DeferredSave.addons.json	DEBUG	Write succeeded

	at org.openqa.selenium.firefox.internal.NewProfileExtensionConnection.start(NewProfileExtensionConnection.java:113)
	... 36 more
... Removed 29 stack frames</div></td></tr></table><p class="totop"><a href="#summary">back to summary</a></p><h3 id="m2">MavenProject.MavaneProjectFeb2018.TestCaseThree#testcaseFive</h3><table class="result"><tr class="param"><th>Parameter #1</th><th>Parameter #2</th><th>Parameter #3</th></tr><tr class="param stripe"><td>parameterpassing@gmail.com</td><td>sdferfae</td><td>200</td></tr><tr><th colspan="3">Exception</th></tr><tr><td colspan="3"><div class="stacktrace">org.testng.internal.thread.ThreadTimeoutException: Method org.testng.internal.TestNGMethod.testcaseFive() didn&apos;t finish within the time-out 8000
	at java.net.SocketInputStream.socketRead0(Native Method)
	at java.net.SocketInputStream.socketRead(SocketInputStream.java:116)
	at java.net.SocketInputStream.read(SocketInputStream.java:171)
	at java.net.SocketInputStream.read(SocketInputStream.java:141)
	at org.apache.http.impl.io.SessionInputBufferImpl.streamRead(SessionInputBufferImpl.java:139)
	at org.apache.http.impl.io.SessionInputBufferImpl.fillBuffer(SessionInputBufferImpl.java:155)
	at org.apache.http.impl.io.SessionInputBufferImpl.readLine(SessionInputBufferImpl.java:284)
	at org.apache.http.impl.conn.DefaultHttpResponseParser.parseHead(DefaultHttpResponseParser.java:140)
	at org.apache.http.impl.conn.DefaultHttpResponseParser.parseHead(DefaultHttpResponseParser.java:57)
	at org.apache.http.impl.io.AbstractMessageParser.parse(AbstractMessageParser.java:261)
	at org.apache.http.impl.DefaultBHttpClientConnection.receiveResponseHeader(DefaultBHttpClientConnection.java:165)
	at org.apache.http.impl.conn.CPoolProxy.receiveResponseHeader(CPoolProxy.java:167)
	at org.apache.http.protocol.HttpRequestExecutor.doReceiveResponse(HttpRequestExecutor.java:272)
	at org.apache.http.protocol.HttpRequestExecutor.execute(HttpRequestExecutor.java:124)
	at org.apache.http.impl.execchain.MainClientExec.execute(MainClientExec.java:271)
	at org.apache.http.impl.execchain.ProtocolExec.execute(ProtocolExec.java:184)
	at org.apache.http.impl.execchain.RetryExec.execute(RetryExec.java:88)
	at org.apache.http.impl.execchain.RedirectExec.execute(RedirectExec.java:110)
	at org.apache.http.impl.client.InternalHttpClient.doExecute(InternalHttpClient.java:184)
	at org.apache.http.impl.client.CloseableHttpClient.execute(CloseableHttpClient.java:71)
	at org.apache.http.impl.client.CloseableHttpClient.execute(CloseableHttpClient.java:55)
	at org.openqa.selenium.remote.internal.ApacheHttpClient.fallBackExecute(ApacheHttpClient.java:144)
	at org.openqa.selenium.remote.internal.ApacheHttpClient.execute(ApacheHttpClient.java:90)
	at org.openqa.selenium.remote.HttpCommandExecutor.execute(HttpCommandExecutor.java:142)
	at org.openqa.selenium.firefox.internal.NewProfileExtensionConnection.execute(NewProfileExtensionConnection.java:160)
	at org.openqa.selenium.firefox.FirefoxDriver$LazyCommandExecutor.execute(FirefoxDriver.java:380)
	at org.openqa.selenium.remote.RemoteWebDriver.execute(RemoteWebDriver.java:644)
	at org.openqa.selenium.remote.RemoteWebElement.execute(RemoteWebElement.java:327)
	at org.openqa.selenium.remote.RemoteWebElement.click(RemoteWebElement.java:85)
	at MavenProject.MavaneProjectFeb2018.TestCaseThree.testcaseFive(TestCaseThree.java:36)
	at java.util.concurrent.Executors$RunnableAdapter.call(Executors.java:511)
	at java.util.concurrent.FutureTask.run(FutureTask.java:266)
	at java.util.concurrent.ThreadPoolExecutor.runWorker(ThreadPoolExecutor.java:1142)
	at java.util.concurrent.ThreadPoolExecutor$Worker.run(ThreadPoolExecutor.java:617)
	at java.lang.Thread.run(Thread.java:748)
... Removed 7 stack frames</div></td></tr></table><p class="totop"><a href="#summary">back to summary</a></p><h3 id="m3">MavenProject.MavaneProjectFeb2018.TestCaseTwo#testcaseNine</h3><table class="result"></table><p class="totop"><a href="#summary">back to summary</a></p><h3 id="m4">MavenProject.MavaneProjectFeb2018.TestCaseThree#testcaseFour</h3><table class="result"></table><p class="totop"><a href="#summary">back to summary</a></p></body></html>