<?xml version="1.0" encoding="UTF-8"?>
<testng-results skipped="0" failed="2" total="10" passed="8">
  <reporter-output>
  </reporter-output>
  <suite name="Suite" duration-ms="201618" started-at="2017-10-14T18:23:18Z" finished-at="2017-10-14T18:26:40Z">
    <groups>
    </groups>
    <test name="Test" duration-ms="201618" started-at="2017-10-14T18:23:18Z" finished-at="2017-10-14T18:26:40Z">
      <class name="TestNGFramework.GoogleSearch">
        <test-method status="PASS" signature="beforeMethod()[pri:0, instance:TestNGFramework.GoogleSearch@2b98378d]" name="beforeMethod" is-config="true" duration-ms="18855" started-at="2017-10-14T14:23:19Z" finished-at="2017-10-14T14:23:37Z">
          <reporter-output>
          </reporter-output>
        </test-method> <!-- beforeMethod -->
        <test-method status="PASS" signature="divions()[pri:0, instance:TestNGFramework.GoogleSearch@2b98378d]" name="divions" duration-ms="17" started-at="2017-10-14T14:23:37Z" finished-at="2017-10-14T14:23:37Z">
          <reporter-output>
          </reporter-output>
        </test-method> <!-- divions -->
        <test-method status="PASS" signature="afterMethod()[pri:0, instance:TestNGFramework.GoogleSearch@2b98378d]" name="afterMethod" is-config="true" duration-ms="1788" started-at="2017-10-14T14:23:37Z" finished-at="2017-10-14T14:23:39Z">
          <reporter-output>
          </reporter-output>
        </test-method> <!-- afterMethod -->
        <test-method status="PASS" signature="beforeMethod()[pri:0, instance:TestNGFramework.GoogleSearch@2b98378d]" name="beforeMethod" is-config="true" duration-ms="16363" started-at="2017-10-14T14:23:39Z" finished-at="2017-10-14T14:23:56Z">
          <reporter-output>
          </reporter-output>
        </test-method> <!-- beforeMethod -->
        <test-method status="FAIL" signature="googleSearch()[pri:0, instance:TestNGFramework.GoogleSearch@2b98378d]" name="googleSearch" duration-ms="4039" started-at="2017-10-14T14:23:56Z" finished-at="2017-10-14T14:24:00Z">
          <exception class="java.lang.AssertionError">
            <message>
              <![CDATA[Title Check expected [abc] but found [Selenium - Google Search]]]>
            </message>
            <full-stacktrace>
              <![CDATA[java.lang.AssertionError: Title Check expected [abc] but found [Selenium - Google Search]
	at org.testng.Assert.fail(Assert.java:94)
	at org.testng.Assert.failNotEquals(Assert.java:496)
	at org.testng.Assert.assertEquals(Assert.java:125)
	at org.testng.Assert.assertEquals(Assert.java:178)
	at TestNGFramework.GoogleSearch.googleSearch(GoogleSearch.java:35)
	at sun.reflect.NativeMethodAccessorImpl.invoke0(Native Method)
	at sun.reflect.NativeMethodAccessorImpl.invoke(Unknown Source)
	at sun.reflect.DelegatingMethodAccessorImpl.invoke(Unknown Source)
	at java.lang.reflect.Method.invoke(Unknown Source)
	at org.testng.internal.MethodInvocationHelper.invokeMethod(MethodInvocationHelper.java:85)
	at org.testng.internal.Invoker.invokeMethod(Invoker.java:639)
	at org.testng.internal.Invoker.invokeTestMethod(Invoker.java:816)
	at org.testng.internal.Invoker.invokeTestMethods(Invoker.java:1124)
	at org.testng.internal.TestMethodWorker.invokeTestMethods(TestMethodWorker.java:125)
	at org.testng.internal.TestMethodWorker.run(TestMethodWorker.java:108)
	at org.testng.TestRunner.privateRun(TestRunner.java:774)
	at org.testng.TestRunner.run(TestRunner.java:624)
	at org.testng.SuiteRunner.runTest(SuiteRunner.java:359)
	at org.testng.SuiteRunner.runSequentially(SuiteRunner.java:354)
	at org.testng.SuiteRunner.privateRun(SuiteRunner.java:312)
	at org.testng.SuiteRunner.run(SuiteRunner.java:261)
	at org.testng.SuiteRunnerWorker.runSuite(SuiteRunnerWorker.java:52)
	at org.testng.SuiteRunnerWorker.run(SuiteRunnerWorker.java:86)
	at org.testng.TestNG.runSuitesSequentially(TestNG.java:1215)
	at org.testng.TestNG.runSuitesLocally(TestNG.java:1140)
	at org.testng.TestNG.run(TestNG.java:1048)
	at org.testng.remote.AbstractRemoteTestNG.run(AbstractRemoteTestNG.java:114)
	at org.testng.remote.RemoteTestNG.initAndRun(RemoteTestNG.java:251)
	at org.testng.remote.RemoteTestNG.main(RemoteTestNG.java:77)
]]>
            </full-stacktrace>
          </exception> <!-- java.lang.AssertionError -->
          <reporter-output>
          </reporter-output>
        </test-method> <!-- googleSearch -->
        <test-method status="PASS" signature="afterMethod()[pri:0, instance:TestNGFramework.GoogleSearch@2b98378d]" name="afterMethod" is-config="true" duration-ms="1210" started-at="2017-10-14T14:24:00Z" finished-at="2017-10-14T14:24:01Z">
          <reporter-output>
          </reporter-output>
        </test-method> <!-- afterMethod -->
        <test-method status="PASS" signature="beforeMethod()[pri:0, instance:TestNGFramework.GoogleSearch@2b98378d]" name="beforeMethod" is-config="true" duration-ms="15323" started-at="2017-10-14T14:24:01Z" finished-at="2017-10-14T14:24:16Z">
          <reporter-output>
          </reporter-output>
        </test-method> <!-- beforeMethod -->
        <test-method status="PASS" signature="navigation()[pri:0, instance:TestNGFramework.GoogleSearch@2b98378d]" name="navigation" duration-ms="6502" started-at="2017-10-14T14:24:16Z" finished-at="2017-10-14T14:24:23Z">
          <reporter-output>
          </reporter-output>
        </test-method> <!-- navigation -->
        <test-method status="PASS" signature="afterMethod()[pri:0, instance:TestNGFramework.GoogleSearch@2b98378d]" name="afterMethod" is-config="true" duration-ms="1633" started-at="2017-10-14T14:24:23Z" finished-at="2017-10-14T14:24:24Z">
          <reporter-output>
          </reporter-output>
        </test-method> <!-- afterMethod -->
        <test-method status="PASS" signature="beforeMethod()[pri:0, instance:TestNGFramework.GoogleSearch@2b98378d]" name="beforeMethod" is-config="true" duration-ms="15936" started-at="2017-10-14T14:24:24Z" finished-at="2017-10-14T14:24:40Z">
          <reporter-output>
          </reporter-output>
        </test-method> <!-- beforeMethod -->
        <test-method status="PASS" signature="sample()[pri:0, instance:TestNGFramework.GoogleSearch@2b98378d]" name="sample" duration-ms="9" started-at="2017-10-14T14:24:40Z" finished-at="2017-10-14T14:24:40Z">
          <reporter-output>
          </reporter-output>
        </test-method> <!-- sample -->
        <test-method status="PASS" signature="afterMethod()[pri:0, instance:TestNGFramework.GoogleSearch@2b98378d]" name="afterMethod" is-config="true" duration-ms="1396" started-at="2017-10-14T14:24:40Z" finished-at="2017-10-14T14:24:42Z">
          <reporter-output>
          </reporter-output>
        </test-method> <!-- afterMethod -->
      </class> <!-- TestNGFramework.GoogleSearch -->
      <class name="TestNGFramework.TestScript">
        <test-method status="PASS" signature="beforeSuite()[pri:0, instance:TestNGFramework.TestScript@4b9e13df]" name="beforeSuite" is-config="true" duration-ms="21" started-at="2017-10-14T14:23:18Z" finished-at="2017-10-14T14:23:18Z">
          <reporter-output>
          </reporter-output>
        </test-method> <!-- beforeSuite -->
        <test-method status="PASS" signature="beforeTest()[pri:0, instance:TestNGFramework.TestScript@4b9e13df]" name="beforeTest" is-config="true" duration-ms="0" started-at="2017-10-14T14:23:18Z" finished-at="2017-10-14T14:23:18Z">
          <reporter-output>
          </reporter-output>
        </test-method> <!-- beforeTest -->
        <test-method status="PASS" signature="beforeClass()[pri:0, instance:TestNGFramework.TestScript@4b9e13df]" name="beforeClass" is-config="true" duration-ms="1" started-at="2017-10-14T14:24:42Z" finished-at="2017-10-14T14:24:42Z">
          <reporter-output>
          </reporter-output>
        </test-method> <!-- beforeClass -->
        <test-method status="PASS" signature="beforeMethod()[pri:0, instance:TestNGFramework.TestScript@4b9e13df]" name="beforeMethod" is-config="true" duration-ms="15870" started-at="2017-10-14T14:24:42Z" finished-at="2017-10-14T14:24:57Z">
          <reporter-output>
          </reporter-output>
        </test-method> <!-- beforeMethod -->
        <test-method status="PASS" signature="Test1()[pri:0, instance:TestNGFramework.TestScript@4b9e13df]" name="Test1" duration-ms="6" started-at="2017-10-14T14:24:57Z" finished-at="2017-10-14T14:24:57Z">
          <reporter-output>
          </reporter-output>
        </test-method> <!-- Test1 -->
        <test-method status="PASS" signature="afterMethod()[pri:0, instance:TestNGFramework.TestScript@4b9e13df]" name="afterMethod" is-config="true" duration-ms="2105" started-at="2017-10-14T14:24:58Z" finished-at="2017-10-14T14:25:00Z">
          <reporter-output>
          </reporter-output>
        </test-method> <!-- afterMethod -->
        <test-method status="PASS" signature="beforeMethod()[pri:0, instance:TestNGFramework.TestScript@4b9e13df]" name="beforeMethod" is-config="true" duration-ms="15665" started-at="2017-10-14T14:25:00Z" finished-at="2017-10-14T14:25:15Z">
          <reporter-output>
          </reporter-output>
        </test-method> <!-- beforeMethod -->
        <test-method status="PASS" signature="Test2()[pri:0, instance:TestNGFramework.TestScript@4b9e13df]" name="Test2" duration-ms="8" started-at="2017-10-14T14:25:15Z" finished-at="2017-10-14T14:25:15Z">
          <reporter-output>
          </reporter-output>
        </test-method> <!-- Test2 -->
        <test-method status="PASS" signature="afterMethod()[pri:0, instance:TestNGFramework.TestScript@4b9e13df]" name="afterMethod" is-config="true" duration-ms="1183" started-at="2017-10-14T14:25:15Z" finished-at="2017-10-14T14:25:16Z">
          <reporter-output>
          </reporter-output>
        </test-method> <!-- afterMethod -->
        <test-method status="PASS" signature="beforeMethod()[pri:0, instance:TestNGFramework.TestScript@4b9e13df]" name="beforeMethod" is-config="true" duration-ms="14992" started-at="2017-10-14T14:25:16Z" finished-at="2017-10-14T14:25:31Z">
          <reporter-output>
          </reporter-output>
        </test-method> <!-- beforeMethod -->
        <test-method status="PASS" signature="divions()[pri:0, instance:TestNGFramework.TestScript@4b9e13df]" name="divions" duration-ms="6" started-at="2017-10-14T14:25:31Z" finished-at="2017-10-14T14:25:31Z">
          <reporter-output>
          </reporter-output>
        </test-method> <!-- divions -->
        <test-method status="PASS" signature="afterMethod()[pri:0, instance:TestNGFramework.TestScript@4b9e13df]" name="afterMethod" is-config="true" duration-ms="1453" started-at="2017-10-14T14:25:31Z" finished-at="2017-10-14T14:25:33Z">
          <reporter-output>
          </reporter-output>
        </test-method> <!-- afterMethod -->
        <test-method status="PASS" signature="beforeMethod()[pri:0, instance:TestNGFramework.TestScript@4b9e13df]" name="beforeMethod" is-config="true" duration-ms="15942" started-at="2017-10-14T14:25:33Z" finished-at="2017-10-14T14:25:49Z">
          <reporter-output>
          </reporter-output>
        </test-method> <!-- beforeMethod -->
        <test-method status="FAIL" signature="googleSearch()[pri:0, instance:TestNGFramework.TestScript@4b9e13df]" name="googleSearch" duration-ms="4355" started-at="2017-10-14T14:25:49Z" finished-at="2017-10-14T14:25:53Z">
          <exception class="java.lang.AssertionError">
            <message>
              <![CDATA[Title Check expected [abc] but found [Selenium - Google Search]]]>
            </message>
            <full-stacktrace>
              <![CDATA[java.lang.AssertionError: Title Check expected [abc] but found [Selenium - Google Search]
	at org.testng.Assert.fail(Assert.java:94)
	at org.testng.Assert.failNotEquals(Assert.java:496)
	at org.testng.Assert.assertEquals(Assert.java:125)
	at org.testng.Assert.assertEquals(Assert.java:178)
	at TestNGFramework.TestScript.googleSearch(TestScript.java:48)
	at sun.reflect.NativeMethodAccessorImpl.invoke0(Native Method)
	at sun.reflect.NativeMethodAccessorImpl.invoke(Unknown Source)
	at sun.reflect.DelegatingMethodAccessorImpl.invoke(Unknown Source)
	at java.lang.reflect.Method.invoke(Unknown Source)
	at org.testng.internal.MethodInvocationHelper.invokeMethod(MethodInvocationHelper.java:85)
	at org.testng.internal.Invoker.invokeMethod(Invoker.java:639)
	at org.testng.internal.Invoker.invokeTestMethod(Invoker.java:816)
	at org.testng.internal.Invoker.invokeTestMethods(Invoker.java:1124)
	at org.testng.internal.TestMethodWorker.invokeTestMethods(TestMethodWorker.java:125)
	at org.testng.internal.TestMethodWorker.run(TestMethodWorker.java:108)
	at org.testng.TestRunner.privateRun(TestRunner.java:774)
	at org.testng.TestRunner.run(TestRunner.java:624)
	at org.testng.SuiteRunner.runTest(SuiteRunner.java:359)
	at org.testng.SuiteRunner.runSequentially(SuiteRunner.java:354)
	at org.testng.SuiteRunner.privateRun(SuiteRunner.java:312)
	at org.testng.SuiteRunner.run(SuiteRunner.java:261)
	at org.testng.SuiteRunnerWorker.runSuite(SuiteRunnerWorker.java:52)
	at org.testng.SuiteRunnerWorker.run(SuiteRunnerWorker.java:86)
	at org.testng.TestNG.runSuitesSequentially(TestNG.java:1215)
	at org.testng.TestNG.runSuitesLocally(TestNG.java:1140)
	at org.testng.TestNG.run(TestNG.java:1048)
	at org.testng.remote.AbstractRemoteTestNG.run(AbstractRemoteTestNG.java:114)
	at org.testng.remote.RemoteTestNG.initAndRun(RemoteTestNG.java:251)
	at org.testng.remote.RemoteTestNG.main(RemoteTestNG.java:77)
]]>
            </full-stacktrace>
          </exception> <!-- java.lang.AssertionError -->
          <reporter-output>
          </reporter-output>
        </test-method> <!-- googleSearch -->
        <test-method status="PASS" signature="afterMethod()[pri:0, instance:TestNGFramework.TestScript@4b9e13df]" name="afterMethod" is-config="true" duration-ms="1786" started-at="2017-10-14T14:25:53Z" finished-at="2017-10-14T14:25:55Z">
          <reporter-output>
          </reporter-output>
        </test-method> <!-- afterMethod -->
        <test-method status="PASS" signature="beforeMethod()[pri:0, instance:TestNGFramework.TestScript@4b9e13df]" name="beforeMethod" is-config="true" duration-ms="17251" started-at="2017-10-14T14:25:55Z" finished-at="2017-10-14T14:26:12Z">
          <reporter-output>
          </reporter-output>
        </test-method> <!-- beforeMethod -->
        <test-method status="PASS" signature="navigation()[pri:0, instance:TestNGFramework.TestScript@4b9e13df]" name="navigation" duration-ms="6694" started-at="2017-10-14T14:26:12Z" finished-at="2017-10-14T14:26:19Z">
          <reporter-output>
          </reporter-output>
        </test-method> <!-- navigation -->
        <test-method status="PASS" signature="afterMethod()[pri:0, instance:TestNGFramework.TestScript@4b9e13df]" name="afterMethod" is-config="true" duration-ms="1965" started-at="2017-10-14T14:26:19Z" finished-at="2017-10-14T14:26:21Z">
          <reporter-output>
          </reporter-output>
        </test-method> <!-- afterMethod -->
        <test-method status="PASS" signature="beforeMethod()[pri:0, instance:TestNGFramework.TestScript@4b9e13df]" name="beforeMethod" is-config="true" duration-ms="17182" started-at="2017-10-14T14:26:21Z" finished-at="2017-10-14T14:26:38Z">
          <reporter-output>
          </reporter-output>
        </test-method> <!-- beforeMethod -->
        <test-method status="PASS" signature="sample()[pri:0, instance:TestNGFramework.TestScript@4b9e13df]" name="sample" duration-ms="22" started-at="2017-10-14T14:26:38Z" finished-at="2017-10-14T14:26:38Z">
          <reporter-output>
          </reporter-output>
        </test-method> <!-- sample -->
        <test-method status="PASS" signature="afterMethod()[pri:0, instance:TestNGFramework.TestScript@4b9e13df]" name="afterMethod" is-config="true" duration-ms="1928" started-at="2017-10-14T14:26:38Z" finished-at="2017-10-14T14:26:40Z">
          <reporter-output>
          </reporter-output>
        </test-method> <!-- afterMethod -->
        <test-method status="PASS" signature="afterClass()[pri:0, instance:TestNGFramework.TestScript@4b9e13df]" name="afterClass" is-config="true" duration-ms="0" started-at="2017-10-14T14:26:40Z" finished-at="2017-10-14T14:26:40Z">
          <reporter-output>
          </reporter-output>
        </test-method> <!-- afterClass -->
        <test-method status="PASS" signature="afterTest()[pri:0, instance:TestNGFramework.TestScript@4b9e13df]" name="afterTest" is-config="true" duration-ms="0" started-at="2017-10-14T14:26:40Z" finished-at="2017-10-14T14:26:40Z">
          <reporter-output>
          </reporter-output>
        </test-method> <!-- afterTest -->
        <test-method status="PASS" signature="afterSuite()[pri:0, instance:TestNGFramework.TestScript@4b9e13df]" name="afterSuite" is-config="true" duration-ms="1" started-at="2017-10-14T14:26:40Z" finished-at="2017-10-14T14:26:40Z">
          <reporter-output>
          </reporter-output>
        </test-method> <!-- afterSuite -->
      </class> <!-- TestNGFramework.TestScript -->
    </test> <!-- Test -->
  </suite> <!-- Suite -->
</testng-results>
