<html>
<head>
<title>TestNG:  Test</title>
<link href="../testng.css" rel="stylesheet" type="text/css" />
<link href="../my-testng.css" rel="stylesheet" type="text/css" />

<style type="text/css">
.log { display: none;} 
.stack-trace { display: none;} 
</style>
<script type="text/javascript">
<!--
function flip(e) {
  current = e.style.display;
  if (current == 'block') {
    e.style.display = 'none';
    return 0;
  }
  else {
    e.style.display = 'block';
    return 1;
  }
}

function toggleBox(szDivId, elem, msg1, msg2)
{
  var res = -1;  if (document.getElementById) {
    res = flip(document.getElementById(szDivId));
  }
  else if (document.all) {
    // this is the way old msie versions work
    res = flip(document.all[szDivId]);
  }
  if(elem) {
    if(res == 0) elem.innerHTML = msg1; else elem.innerHTML = msg2;
  }

}

function toggleAllBoxes() {
  if (document.getElementsByTagName) {
    d = document.getElementsByTagName('div');
    for (i = 0; i < d.length; i++) {
      if (d[i].className == 'log') {
        flip(d[i]);
      }
    }
  }
}

// -->
</script>

</head>
<body>
<h2 align='center'>Test</h2><table border='1' align="center">
<tr>
<td>Tests passed/Failed/Skipped:</td><td>0/0/2</td>
</tr><tr>
<td>Started on:</td><td>Mon Apr 02 16:09:16 EDT 2018</td>
</tr>
<tr><td>Total time:</td><td>129 seconds (129600 ms)</td>
</tr><tr>
<td>Included groups:</td><td>all functional </td>
</tr><tr>
<td>Excluded groups:</td><td></td>
</tr>
</table><p/>
<small><i>(Hover the method name to see the test class name)</i></small><p/>
<table width='100%' border='1' class='invocation-failed'>
<tr><td colspan='4' align='center'><b>FAILED CONFIGURATIONS</b></td></tr>
<tr><td><b>Test method</b></td>
<td width="30%"><b>Exception</b></td>
<td width="10%"><b>Time (seconds)</b></td>
<td><b>Instance</b></td>
</tr>
<tr>
<td title='learning.maven.MavenMarch12018.TestCaseOne.beforeMethod()'><b>beforeMethod</b><br>Test class: learning.maven.MavenMarch12018.TestCaseOne</td>
<td><div><pre>org.openqa.selenium.WebDriverException: Failed to connect to binary FirefoxBinary(C:\Program Files (x86)\Mozilla Firefox\firefox.exe) on port 7055; process output follows: 
DEBUG	Loaded provider scope for resource://gre/modules/addons/XPIProvider.jsm: [&quot;XPIProvider&quot;]
1522699856497	addons.manager	DEBUG	Loaded provider scope for resource://gre/modules/LightweightThemeManager.jsm: [&quot;LightweightThemeManager&quot;]
1522699856526	addons.manager	DEBUG	Loaded provider scope for resource://gre/modules/addons/GMPProvider.jsm
1522699856532	addons.manager	DEBUG	Loaded provider scope for resource://gre/modules/addons/PluginProvider.jsm
1522699856539	addons.manager	DEBUG	Starting provider: XPIProvider
1522699856541	addons.xpi	DEBUG	startup
1522699856544	addons.xpi	INFO	Mapping fxdriver@googlecode.com to C:\Users\Fakhrul\AppData\Local\Temp\anonymous2090419590175510009webdriver-profile\extensions\fxdriver@googlecode.com
1522699856546	addons.xpi	DEBUG	Ignoring file entry whose name is not a valid add-on ID: C:\Users\Fakhrul\AppData\Local\Temp\anonymous2090419590175510009webdriver-profile\extensions\webdriver-staging
1522699856548	addons.xpi	INFO	SystemAddonInstallLocation directory is missing
1522699856557	addons.xpi	INFO	Mapping e10srollout@mozilla.org to C:\Program Files (x86)\Mozilla Firefox\browser\features\e10srollout@mozilla.org.xpi
1522699856565	addons.xpi	INFO	Mapping firefox@getpocket.com to C:\Program Files (x86)\Mozilla Firefox\browser\features\firefox@getpocket.com.xpi
1522699856567	addons.xpi	INFO	Mapping loop@mozilla.org to C:\Program Files (x86)\Mozilla Firefox\browser\features\loop@mozilla.org.xpi
1522699856946	addons.xpi	WARN	Ignoring missing add-on in C:\Program Files (x86)\HPE\Unified Functional Testing\Bin\Mozilla\Common
1522699856952	addons.xpi	INFO	Mapping {972ce4c6-7e08-4474-a285-3208198ce6fd} to C:\Program Files (x86)\Mozilla Firefox\browser\extensions\{972ce4c6-7e08-4474-a285-3208198ce6fd}.xpi
1522699856953	addons.xpi	DEBUG	Skipping unavailable install location app-system-share
1522699856953	addons.xpi	DEBUG	Skipping unavailable install location app-system-local
1522699856956	addons.xpi	DEBUG	checkForChanges
1522699856959	addons.xpi	DEBUG	Loaded add-on state from prefs: {}
1522699857097	addons.xpi	DEBUG	New add-on fxdriver@googlecode.com in app-profile
1522699857098	addons.xpi	DEBUG	getModTime: Recursive scan of fxdriver@googlecode.com
1522699857139	addons.xpi	DEBUG	New add-on e10srollout@mozilla.org in app-system-defaults
1522699857140	addons.xpi	DEBUG	getModTime: Recursive scan of e10srollout@mozilla.org
1522699857202	addons.xpi	DEBUG	New add-on firefox@getpocket.com in app-system-defaults
1522699857203	addons.xpi	DEBUG	getModTime: Recursive scan of firefox@getpocket.com
1522699857206	addons.xpi	DEBUG	New add-on loop@mozilla.org in app-system-defaults
1522699857207	addons.xpi	DEBUG	getModTime: Recursive scan of loop@mozilla.org
1522699857213	addons.xpi	DEBUG	New add-on {972ce4c6-7e08-4474-a285-3208198ce6fd} in app-global
1522699857214	addons.xpi	DEBUG	getModTime: Recursive scan of {972ce4c6-7e08-4474-a285-3208198ce6fd}
1522699857219	addons.xpi	DEBUG	getInstallState changed: true, state: {&quot;app-profile&quot;:{&quot;fxdriver@googlecode.com&quot;:{&quot;d&quot;:&quot;C:\\Users\\Fakhrul\\AppData\\Local\\Temp\\anonymous2090419590175510009webdriver-profile\\extensions\\fxdriver@googlecode.com&quot;,&quot;st&quot;:1522699801401,&quot;mt&quot;:1522699801077}},&quot;app-system-defaults&quot;:{&quot;e10srollout@mozilla.org&quot;:{&quot;d&quot;:&quot;C:\\Program Files (x86)\\Mozilla Firefox\\browser\\features\\e10srollout@mozilla.org.xpi&quot;,&quot;st&quot;:1461279552000},&quot;firefox@getpocket.com&quot;:{&quot;d&quot;:&quot;C:\\Program Files (x86)\\Mozilla Firefox\\browser\\features\\firefox@getpocket.com.xpi&quot;,&quot;st&quot;:1461279552000},&quot;loop@mozilla.org&quot;:{&quot;d&quot;:&quot;C:\\Program Files (x86)\\Mozilla Firefox\\browser\\features\\loop@mozilla.org.xpi&quot;,&quot;st&quot;:1461279552000}},&quot;app-global&quot;:{&quot;{972ce4c6-7e08-4474-a285-3208198ce6fd}&quot;:{&quot;d&quot;:&quot;C:\\Program Files (x86)\\Mozilla Firefox\\browser\\extensions\\{972ce4c6-7e08-4474-a285-3208198ce6fd}.xpi&quot;,&quot;st&quot;:1461279552000}}}
1522699857297	addons.xpi-utils	DEBUG	Opening XPI database C:\Users\Fakhrul\AppData\Local\Temp\anonymous2090419590175510009webdriver-profile\extensions.json
1522699857307	addons.xpi-utils	DEBUG	New add-on fxdriver@googlecode.com installed in app-profile

Build info: version: &apos;2.53.0&apos;, revision: &apos;35ae25b1534ae328c771e0856c93e187490ca824&apos;, time: &apos;2016-03-15 10:43:46&apos;
System info: host: &apos;Hasan&apos;, ip: &apos;10.75.173.248&apos;, os.name: &apos;Windows 8.1&apos;, os.arch: &apos;amd64&apos;, os.version: &apos;6.3&apos;, java.version: &apos;1.8.0_131&apos;
Driver info: driver.version: FirefoxDriver
	at org.openqa.selenium.firefox.internal.NewProfileExtensionConnection.start(NewProfileExtensionConnection.java:125)
	at org.openqa.selenium.firefox.FirefoxDriver.startClient(FirefoxDriver.java:271)
	at org.openqa.selenium.remote.RemoteWebDriver.&lt;init&gt;(RemoteWebDriver.java:119)
	at org.openqa.selenium.firefox.FirefoxDriver.&lt;init&gt;(FirefoxDriver.java:216)
	at org.openqa.selenium.firefox.FirefoxDriver.&lt;init&gt;(FirefoxDriver.java:211)
	at org.openqa.selenium.firefox.FirefoxDriver.&lt;init&gt;(FirefoxDriver.java:207)
	at org.openqa.selenium.firefox.FirefoxDriver.&lt;init&gt;(FirefoxDriver.java:120)
	at learning.maven.MavenMarch12018.TestCaseOne.beforeMethod(TestCaseOne.java:49)
Caused by: org.openqa.selenium.firefox.NotConnectedException: Unable to connect to host 127.0.0.1 on port 7055 after 45000 ms. Firefox console output:
DEBUG	Loaded provider scope for resource://gre/modules/addons/XPIProvider.jsm: [&quot;XPIProvider&quot;]
1522699856497	addons.manager	DEBUG	Loaded provider scope for resource://gre/modules/LightweightThemeManager.jsm: [&quot;LightweightThemeManager&quot;]
1522699856526	addons.manager	DEBUG	Loaded provider scope for resource://gre/modules/addons/GMPProvider.jsm
1522699856532	addons.manager	DEBUG	Loaded provider scope for resource://gre/modules/addons/PluginProvider.jsm
1522699856539	addons.manager	DEBUG	Starting provider: XPIProvider
1522699856541	addons.xpi	DEBUG	startup
1522699856544	addons.xpi	INFO	Mapping fxdriver@googlecode.com to C:\Users\Fakhrul\AppData\Local\Temp\anonymous2090419590175510009webdriver-profile\extensions\fxdriver@googlecode.com
1522699856546	addons.xpi	DEBUG	Ignoring file entry whose name is not a valid add-on ID: C:\Users\Fakhrul\AppData\Local\Temp\anonymous2090419590175510009webdriver-profile\extensions\webdriver-staging
1522699856548	addons.xpi	INFO	SystemAddonInstallLocation directory is missing
1522699856557	addons.xpi	INFO	Mapping e10srollout@mozilla.org to C:\Program Files (x86)\Mozilla Firefox\browser\features\e10srollout@mozilla.org.xpi
1522699856565	addons.xpi	INFO	Mapping firefox@getpocket.com to C:\Program Files (x86)\Mozilla Firefox\browser\features\firefox@getpocket.com.xpi
1522699856567	addons.xpi	INFO	Mapping loop@mozilla.org to C:\Program Files (x86)\Mozilla Firefox\browser\features\loop@mozilla.org.xpi
1522699856946	addons.xpi	WARN	Ignoring missing add-on in C:\Program Files (x86)\HPE\Unified Functional Testing\Bin\Mozilla\Common
1522699856952	addons.xpi	INFO	Mapping {972ce4c6-7e08-4474-a285-3208198ce6fd} to C:\Program Files (x86)\Mozilla Firefox\browser\extensions\{972ce4c6-7e08-4474-a285-3208198ce6fd}.xpi
1522699856953	addons.xpi	DEBUG	Skipping unavailable install location app-system-share
1522699856953	addons.xpi	DEBUG	Skipping unavailable install location app-system-local
1522699856956	addons.xpi	DEBUG	checkForChanges
1522699856959	addons.xpi	DEBUG	Loaded add-on state from prefs: {}
1522699857097	addons.xpi	DEBUG	New add-on fxdriver@googlecode.com in app-profile
1522699857098	addons.xpi	DEBUG	getModTime: Recursive scan of fxdriver@googlecode.com
1522699857139	addons.xpi	DEBUG	New add-on e10srollout@mozilla.org in app-system-defaults
1522699857140	addons.xpi	DEBUG	getModTime: Recursive scan of e10srollout@mozilla.org
1522699857202	addons.xpi	DEBUG	New add-on firefox@getpocket.com in app-system-defaults
1522699857203	addons.xpi	DEBUG	getModTime: Recursive scan of firefox@getpocket.com
1522699857206	addons.xpi	DEBUG	New add-on loop@mozilla.org in app-system-defaults
1522699857207	addons.xpi	DEBUG	getModTime: Recursive scan of loop@mozilla.org
1522699857213	addons.xpi	DEBUG	New add-on {972ce4c6-7e08-4474-a285-3208198ce6fd} in app-global
1522699857214	addons.xpi	DEBUG	getModTime: Recursive scan of {972ce4c6-7e08-4474-a285-3208198ce6fd}
1522699857219	addons.xpi	DEBUG	getInstallState changed: true, state: {&quot;app-profile&quot;:{&quot;fxdriver@googlecode.com&quot;:{&quot;d&quot;:&quot;C:\\Users\\Fakhrul\\AppData\\Local\\Temp\\anonymous2090419590175510009webdriver-profile\\extensions\\fxdriver@googlecode.com&quot;,&quot;st&quot;:1522699801401,&quot;mt&quot;:1522699801077}},&quot;app-system-defaults&quot;:{&quot;e10srollout@mozilla.org&quot;:{&quot;d&quot;:&quot;C:\\Program Files (x86)\\Mozilla Firefox\\browser\\features\\e10srollout@mozilla.org.xpi&quot;,&quot;st&quot;:1461279552000},&quot;firefox@getpocket.com&quot;:{&quot;d&quot;:&quot;C:\\Program Files (x86)\\Mozilla Firefox\\browser\\features\\firefox@getpocket.com.xpi&quot;,&quot;st&quot;:1461279552000},&quot;loop@mozilla.org&quot;:{&quot;d&quot;:&quot;C:\\Program Files (x86)\\Mozilla Firefox\\browser\\features\\loop@mozilla.org.xpi&quot;,&quot;st&quot;:1461279552000}},&quot;app-global&quot;:{&quot;{972ce4c6-7e08-4474-a285-3208198ce6fd}&quot;:{&quot;d&quot;:&quot;C:\\Program Files (x86)\\Mozilla Firefox\\browser\\extensions\\{972ce4c6-7e08-4474-a285-3208198ce6fd}.xpi&quot;,&quot;st&quot;:1461279552000}}}
1522699857297	addons.xpi-utils	DEBUG	Opening XPI database C:\Users\Fakhrul\AppData\Local\Temp\anonymous2090419590175510009webdriver-profile\extensions.json
1522699857307	addons.xpi-utils	DEBUG	New add-on fxdriver@googlecode.com installed in app-profile

	at org.openqa.selenium.firefox.internal.NewProfileExtensionConnection.start(NewProfileExtensionConnection.java:113)
	... 36 more
... Removed 29 stack frames</pre></div><a href='#' onClick='toggleBox("stack-trace951050903", this, "Click to show all stack frames", "Click to hide stack frames")'>Click to show all stack frames</a>
<div class='stack-trace' id='stack-trace951050903'><pre>org.openqa.selenium.WebDriverException: Failed to connect to binary FirefoxBinary(C:\Program Files (x86)\Mozilla Firefox\firefox.exe) on port 7055; process output follows: 
DEBUG	Loaded provider scope for resource://gre/modules/addons/XPIProvider.jsm: [&quot;XPIProvider&quot;]
1522699856497	addons.manager	DEBUG	Loaded provider scope for resource://gre/modules/LightweightThemeManager.jsm: [&quot;LightweightThemeManager&quot;]
1522699856526	addons.manager	DEBUG	Loaded provider scope for resource://gre/modules/addons/GMPProvider.jsm
1522699856532	addons.manager	DEBUG	Loaded provider scope for resource://gre/modules/addons/PluginProvider.jsm
1522699856539	addons.manager	DEBUG	Starting provider: XPIProvider
1522699856541	addons.xpi	DEBUG	startup
1522699856544	addons.xpi	INFO	Mapping fxdriver@googlecode.com to C:\Users\Fakhrul\AppData\Local\Temp\anonymous2090419590175510009webdriver-profile\extensions\fxdriver@googlecode.com
1522699856546	addons.xpi	DEBUG	Ignoring file entry whose name is not a valid add-on ID: C:\Users\Fakhrul\AppData\Local\Temp\anonymous2090419590175510009webdriver-profile\extensions\webdriver-staging
1522699856548	addons.xpi	INFO	SystemAddonInstallLocation directory is missing
1522699856557	addons.xpi	INFO	Mapping e10srollout@mozilla.org to C:\Program Files (x86)\Mozilla Firefox\browser\features\e10srollout@mozilla.org.xpi
1522699856565	addons.xpi	INFO	Mapping firefox@getpocket.com to C:\Program Files (x86)\Mozilla Firefox\browser\features\firefox@getpocket.com.xpi
1522699856567	addons.xpi	INFO	Mapping loop@mozilla.org to C:\Program Files (x86)\Mozilla Firefox\browser\features\loop@mozilla.org.xpi
1522699856946	addons.xpi	WARN	Ignoring missing add-on in C:\Program Files (x86)\HPE\Unified Functional Testing\Bin\Mozilla\Common
1522699856952	addons.xpi	INFO	Mapping {972ce4c6-7e08-4474-a285-3208198ce6fd} to C:\Program Files (x86)\Mozilla Firefox\browser\extensions\{972ce4c6-7e08-4474-a285-3208198ce6fd}.xpi
1522699856953	addons.xpi	DEBUG	Skipping unavailable install location app-system-share
1522699856953	addons.xpi	DEBUG	Skipping unavailable install location app-system-local
1522699856956	addons.xpi	DEBUG	checkForChanges
1522699856959	addons.xpi	DEBUG	Loaded add-on state from prefs: {}
1522699857097	addons.xpi	DEBUG	New add-on fxdriver@googlecode.com in app-profile
1522699857098	addons.xpi	DEBUG	getModTime: Recursive scan of fxdriver@googlecode.com
1522699857139	addons.xpi	DEBUG	New add-on e10srollout@mozilla.org in app-system-defaults
1522699857140	addons.xpi	DEBUG	getModTime: Recursive scan of e10srollout@mozilla.org
1522699857202	addons.xpi	DEBUG	New add-on firefox@getpocket.com in app-system-defaults
1522699857203	addons.xpi	DEBUG	getModTime: Recursive scan of firefox@getpocket.com
1522699857206	addons.xpi	DEBUG	New add-on loop@mozilla.org in app-system-defaults
1522699857207	addons.xpi	DEBUG	getModTime: Recursive scan of loop@mozilla.org
1522699857213	addons.xpi	DEBUG	New add-on {972ce4c6-7e08-4474-a285-3208198ce6fd} in app-global
1522699857214	addons.xpi	DEBUG	getModTime: Recursive scan of {972ce4c6-7e08-4474-a285-3208198ce6fd}
1522699857219	addons.xpi	DEBUG	getInstallState changed: true, state: {&quot;app-profile&quot;:{&quot;fxdriver@googlecode.com&quot;:{&quot;d&quot;:&quot;C:\\Users\\Fakhrul\\AppData\\Local\\Temp\\anonymous2090419590175510009webdriver-profile\\extensions\\fxdriver@googlecode.com&quot;,&quot;st&quot;:1522699801401,&quot;mt&quot;:1522699801077}},&quot;app-system-defaults&quot;:{&quot;e10srollout@mozilla.org&quot;:{&quot;d&quot;:&quot;C:\\Program Files (x86)\\Mozilla Firefox\\browser\\features\\e10srollout@mozilla.org.xpi&quot;,&quot;st&quot;:1461279552000},&quot;firefox@getpocket.com&quot;:{&quot;d&quot;:&quot;C:\\Program Files (x86)\\Mozilla Firefox\\browser\\features\\firefox@getpocket.com.xpi&quot;,&quot;st&quot;:1461279552000},&quot;loop@mozilla.org&quot;:{&quot;d&quot;:&quot;C:\\Program Files (x86)\\Mozilla Firefox\\browser\\features\\loop@mozilla.org.xpi&quot;,&quot;st&quot;:1461279552000}},&quot;app-global&quot;:{&quot;{972ce4c6-7e08-4474-a285-3208198ce6fd}&quot;:{&quot;d&quot;:&quot;C:\\Program Files (x86)\\Mozilla Firefox\\browser\\extensions\\{972ce4c6-7e08-4474-a285-3208198ce6fd}.xpi&quot;,&quot;st&quot;:1461279552000}}}
1522699857297	addons.xpi-utils	DEBUG	Opening XPI database C:\Users\Fakhrul\AppData\Local\Temp\anonymous2090419590175510009webdriver-profile\extensions.json
1522699857307	addons.xpi-utils	DEBUG	New add-on fxdriver@googlecode.com installed in app-profile

Build info: version: &apos;2.53.0&apos;, revision: &apos;35ae25b1534ae328c771e0856c93e187490ca824&apos;, time: &apos;2016-03-15 10:43:46&apos;
System info: host: &apos;Hasan&apos;, ip: &apos;10.75.173.248&apos;, os.name: &apos;Windows 8.1&apos;, os.arch: &apos;amd64&apos;, os.version: &apos;6.3&apos;, java.version: &apos;1.8.0_131&apos;
Driver info: driver.version: FirefoxDriver
	at org.openqa.selenium.firefox.internal.NewProfileExtensionConnection.start(NewProfileExtensionConnection.java:125)
	at org.openqa.selenium.firefox.FirefoxDriver.startClient(FirefoxDriver.java:271)
	at org.openqa.selenium.remote.RemoteWebDriver.&lt;init&gt;(RemoteWebDriver.java:119)
	at org.openqa.selenium.firefox.FirefoxDriver.&lt;init&gt;(FirefoxDriver.java:216)
	at org.openqa.selenium.firefox.FirefoxDriver.&lt;init&gt;(FirefoxDriver.java:211)
	at org.openqa.selenium.firefox.FirefoxDriver.&lt;init&gt;(FirefoxDriver.java:207)
	at org.openqa.selenium.firefox.FirefoxDriver.&lt;init&gt;(FirefoxDriver.java:120)
	at learning.maven.MavenMarch12018.TestCaseOne.beforeMethod(TestCaseOne.java:49)
	at sun.reflect.NativeMethodAccessorImpl.invoke0(Native Method)
	at sun.reflect.NativeMethodAccessorImpl.invoke(NativeMethodAccessorImpl.java:62)
	at sun.reflect.DelegatingMethodAccessorImpl.invoke(DelegatingMethodAccessorImpl.java:43)
	at java.lang.reflect.Method.invoke(Method.java:498)
	at org.testng.internal.MethodInvocationHelper.invokeMethod(MethodInvocationHelper.java:85)
	at org.testng.internal.Invoker.invokeConfigurationMethod(Invoker.java:510)
	at org.testng.internal.Invoker.invokeConfigurations(Invoker.java:211)
	at org.testng.internal.Invoker.invokeMethod(Invoker.java:585)
	at org.testng.internal.Invoker.invokeTestMethod(Invoker.java:816)
	at org.testng.internal.Invoker.invokeTestMethods(Invoker.java:1124)
	at org.testng.internal.TestMethodWorker.invokeTestMethods(TestMethodWorker.java:125)
	at org.testng.internal.TestMethodWorker.run(TestMethodWorker.java:108)
	at org.testng.TestRunner.privateRun(TestRunner.java:774)
	at org.testng.TestRunner.run(TestRunner.java:624)
	at org.testng.SuiteRunner.runTest(SuiteRunner.java:359)
	at org.testng.SuiteRunner.runSequentially(SuiteRunner.java:354)
	at org.testng.SuiteRunner.privateRun(SuiteRunner.java:312)
	at org.testng.SuiteRunner.run(SuiteRunner.java:261)
	at org.testng.SuiteRunnerWorker.runSuite(SuiteRunnerWorker.java:52)
	at org.testng.SuiteRunnerWorker.run(SuiteRunnerWorker.java:86)
	at org.testng.TestNG.runSuitesSequentially(TestNG.java:1215)
	at org.testng.TestNG.runSuitesLocally(TestNG.java:1140)
	at org.testng.TestNG.run(TestNG.java:1048)
	at org.apache.maven.surefire.testng.TestNGExecutor.run(TestNGExecutor.java:281)
	at org.apache.maven.surefire.testng.TestNGXmlTestSuite.execute(TestNGXmlTestSuite.java:75)
	at org.apache.maven.surefire.testng.TestNGProvider.invoke(TestNGProvider.java:121)
	at org.apache.maven.surefire.booter.ForkedBooter.invokeProviderInSameClassLoader(ForkedBooter.java:290)
	at org.apache.maven.surefire.booter.ForkedBooter.runSuitesInProcess(ForkedBooter.java:242)
	at org.apache.maven.surefire.booter.ForkedBooter.main(ForkedBooter.java:121)
Caused by: org.openqa.selenium.firefox.NotConnectedException: Unable to connect to host 127.0.0.1 on port 7055 after 45000 ms. Firefox console output:
DEBUG	Loaded provider scope for resource://gre/modules/addons/XPIProvider.jsm: [&quot;XPIProvider&quot;]
1522699856497	addons.manager	DEBUG	Loaded provider scope for resource://gre/modules/LightweightThemeManager.jsm: [&quot;LightweightThemeManager&quot;]
1522699856526	addons.manager	DEBUG	Loaded provider scope for resource://gre/modules/addons/GMPProvider.jsm
1522699856532	addons.manager	DEBUG	Loaded provider scope for resource://gre/modules/addons/PluginProvider.jsm
1522699856539	addons.manager	DEBUG	Starting provider: XPIProvider
1522699856541	addons.xpi	DEBUG	startup
1522699856544	addons.xpi	INFO	Mapping fxdriver@googlecode.com to C:\Users\Fakhrul\AppData\Local\Temp\anonymous2090419590175510009webdriver-profile\extensions\fxdriver@googlecode.com
1522699856546	addons.xpi	DEBUG	Ignoring file entry whose name is not a valid add-on ID: C:\Users\Fakhrul\AppData\Local\Temp\anonymous2090419590175510009webdriver-profile\extensions\webdriver-staging
1522699856548	addons.xpi	INFO	SystemAddonInstallLocation directory is missing
1522699856557	addons.xpi	INFO	Mapping e10srollout@mozilla.org to C:\Program Files (x86)\Mozilla Firefox\browser\features\e10srollout@mozilla.org.xpi
1522699856565	addons.xpi	INFO	Mapping firefox@getpocket.com to C:\Program Files (x86)\Mozilla Firefox\browser\features\firefox@getpocket.com.xpi
1522699856567	addons.xpi	INFO	Mapping loop@mozilla.org to C:\Program Files (x86)\Mozilla Firefox\browser\features\loop@mozilla.org.xpi
1522699856946	addons.xpi	WARN	Ignoring missing add-on in C:\Program Files (x86)\HPE\Unified Functional Testing\Bin\Mozilla\Common
1522699856952	addons.xpi	INFO	Mapping {972ce4c6-7e08-4474-a285-3208198ce6fd} to C:\Program Files (x86)\Mozilla Firefox\browser\extensions\{972ce4c6-7e08-4474-a285-3208198ce6fd}.xpi
1522699856953	addons.xpi	DEBUG	Skipping unavailable install location app-system-share
1522699856953	addons.xpi	DEBUG	Skipping unavailable install location app-system-local
1522699856956	addons.xpi	DEBUG	checkForChanges
1522699856959	addons.xpi	DEBUG	Loaded add-on state from prefs: {}
1522699857097	addons.xpi	DEBUG	New add-on fxdriver@googlecode.com in app-profile
1522699857098	addons.xpi	DEBUG	getModTime: Recursive scan of fxdriver@googlecode.com
1522699857139	addons.xpi	DEBUG	New add-on e10srollout@mozilla.org in app-system-defaults
1522699857140	addons.xpi	DEBUG	getModTime: Recursive scan of e10srollout@mozilla.org
1522699857202	addons.xpi	DEBUG	New add-on firefox@getpocket.com in app-system-defaults
1522699857203	addons.xpi	DEBUG	getModTime: Recursive scan of firefox@getpocket.com
1522699857206	addons.xpi	DEBUG	New add-on loop@mozilla.org in app-system-defaults
1522699857207	addons.xpi	DEBUG	getModTime: Recursive scan of loop@mozilla.org
1522699857213	addons.xpi	DEBUG	New add-on {972ce4c6-7e08-4474-a285-3208198ce6fd} in app-global
1522699857214	addons.xpi	DEBUG	getModTime: Recursive scan of {972ce4c6-7e08-4474-a285-3208198ce6fd}
1522699857219	addons.xpi	DEBUG	getInstallState changed: true, state: {&quot;app-profile&quot;:{&quot;fxdriver@googlecode.com&quot;:{&quot;d&quot;:&quot;C:\\Users\\Fakhrul\\AppData\\Local\\Temp\\anonymous2090419590175510009webdriver-profile\\extensions\\fxdriver@googlecode.com&quot;,&quot;st&quot;:1522699801401,&quot;mt&quot;:1522699801077}},&quot;app-system-defaults&quot;:{&quot;e10srollout@mozilla.org&quot;:{&quot;d&quot;:&quot;C:\\Program Files (x86)\\Mozilla Firefox\\browser\\features\\e10srollout@mozilla.org.xpi&quot;,&quot;st&quot;:1461279552000},&quot;firefox@getpocket.com&quot;:{&quot;d&quot;:&quot;C:\\Program Files (x86)\\Mozilla Firefox\\browser\\features\\firefox@getpocket.com.xpi&quot;,&quot;st&quot;:1461279552000},&quot;loop@mozilla.org&quot;:{&quot;d&quot;:&quot;C:\\Program Files (x86)\\Mozilla Firefox\\browser\\features\\loop@mozilla.org.xpi&quot;,&quot;st&quot;:1461279552000}},&quot;app-global&quot;:{&quot;{972ce4c6-7e08-4474-a285-3208198ce6fd}&quot;:{&quot;d&quot;:&quot;C:\\Program Files (x86)\\Mozilla Firefox\\browser\\extensions\\{972ce4c6-7e08-4474-a285-3208198ce6fd}.xpi&quot;,&quot;st&quot;:1461279552000}}}
1522699857297	addons.xpi-utils	DEBUG	Opening XPI database C:\Users\Fakhrul\AppData\Local\Temp\anonymous2090419590175510009webdriver-profile\extensions.json
1522699857307	addons.xpi-utils	DEBUG	New add-on fxdriver@googlecode.com installed in app-profile

	at org.openqa.selenium.firefox.internal.NewProfileExtensionConnection.start(NewProfileExtensionConnection.java:113)
	... 36 more
</pre></div></td>
<td>0</td>
<td>learning.maven.MavenMarch12018.TestCaseOne@668bc3d5</td></tr>
<tr>
<td title='learning.maven.MavenMarch12018.TestCaseOne.afterMethod()'><b>afterMethod</b><br>Test class: learning.maven.MavenMarch12018.TestCaseOne</td>
<td><div><pre>java.lang.NullPointerException
	at learning.maven.MavenMarch12018.TestCaseOne.afterMethod(TestCaseOne.java:56)
... Removed 29 stack frames</pre></div><a href='#' onClick='toggleBox("stack-trace202125197", this, "Click to show all stack frames", "Click to hide stack frames")'>Click to show all stack frames</a>
<div class='stack-trace' id='stack-trace202125197'><pre>java.lang.NullPointerException
	at learning.maven.MavenMarch12018.TestCaseOne.afterMethod(TestCaseOne.java:56)
	at sun.reflect.NativeMethodAccessorImpl.invoke0(Native Method)
	at sun.reflect.NativeMethodAccessorImpl.invoke(NativeMethodAccessorImpl.java:62)
	at sun.reflect.DelegatingMethodAccessorImpl.invoke(DelegatingMethodAccessorImpl.java:43)
	at java.lang.reflect.Method.invoke(Method.java:498)
	at org.testng.internal.MethodInvocationHelper.invokeMethod(MethodInvocationHelper.java:85)
	at org.testng.internal.Invoker.invokeConfigurationMethod(Invoker.java:510)
	at org.testng.internal.Invoker.invokeConfigurations(Invoker.java:211)
	at org.testng.internal.Invoker.invokeMethod(Invoker.java:703)
	at org.testng.internal.Invoker.invokeTestMethod(Invoker.java:816)
	at org.testng.internal.Invoker.invokeTestMethods(Invoker.java:1124)
	at org.testng.internal.TestMethodWorker.invokeTestMethods(TestMethodWorker.java:125)
	at org.testng.internal.TestMethodWorker.run(TestMethodWorker.java:108)
	at org.testng.TestRunner.privateRun(TestRunner.java:774)
	at org.testng.TestRunner.run(TestRunner.java:624)
	at org.testng.SuiteRunner.runTest(SuiteRunner.java:359)
	at org.testng.SuiteRunner.runSequentially(SuiteRunner.java:354)
	at org.testng.SuiteRunner.privateRun(SuiteRunner.java:312)
	at org.testng.SuiteRunner.run(SuiteRunner.java:261)
	at org.testng.SuiteRunnerWorker.runSuite(SuiteRunnerWorker.java:52)
	at org.testng.SuiteRunnerWorker.run(SuiteRunnerWorker.java:86)
	at org.testng.TestNG.runSuitesSequentially(TestNG.java:1215)
	at org.testng.TestNG.runSuitesLocally(TestNG.java:1140)
	at org.testng.TestNG.run(TestNG.java:1048)
	at org.apache.maven.surefire.testng.TestNGExecutor.run(TestNGExecutor.java:281)
	at org.apache.maven.surefire.testng.TestNGXmlTestSuite.execute(TestNGXmlTestSuite.java:75)
	at org.apache.maven.surefire.testng.TestNGProvider.invoke(TestNGProvider.java:121)
	at org.apache.maven.surefire.booter.ForkedBooter.invokeProviderInSameClassLoader(ForkedBooter.java:290)
	at org.apache.maven.surefire.booter.ForkedBooter.runSuitesInProcess(ForkedBooter.java:242)
	at org.apache.maven.surefire.booter.ForkedBooter.main(ForkedBooter.java:121)
</pre></div></td>
<td>0</td>
<td>learning.maven.MavenMarch12018.TestCaseOne@668bc3d5</td></tr>
</table><p>
<table width='100%' border='1' class='invocation-skipped'>
<tr><td colspan='4' align='center'><b>SKIPPED TESTS</b></td></tr>
<tr><td><b>Test method</b></td>
<td width="30%"><b>Exception</b></td>
<td width="10%"><b>Time (seconds)</b></td>
<td><b>Instance</b></td>
</tr>
<tr>
<td title='learning.maven.MavenMarch12018.TestCaseOne.funtionThree()'><b>funtionThree</b><br>Test class: learning.maven.MavenMarch12018.TestCaseOne<br>Test method: Forgot Account</td>
<td><div><pre>java.lang.Throwable: Method TestCaseOne.funtionThree()[pri:1, instance:learning.maven.MavenMarch12018.TestCaseOne@668bc3d5] depends on not successfully finished methods
... Removed 20 stack frames</pre></div><a href='#' onClick='toggleBox("stack-trace1620890840", this, "Click to show all stack frames", "Click to hide stack frames")'>Click to show all stack frames</a>
<div class='stack-trace' id='stack-trace1620890840'><pre>java.lang.Throwable: Method TestCaseOne.funtionThree()[pri:1, instance:learning.maven.MavenMarch12018.TestCaseOne@668bc3d5] depends on not successfully finished methods
	at org.testng.internal.Invoker.invokeTestMethods(Invoker.java:1033)
	at org.testng.internal.TestMethodWorker.invokeTestMethods(TestMethodWorker.java:125)
	at org.testng.internal.TestMethodWorker.run(TestMethodWorker.java:108)
	at org.testng.TestRunner.privateRun(TestRunner.java:774)
	at org.testng.TestRunner.run(TestRunner.java:624)
	at org.testng.SuiteRunner.runTest(SuiteRunner.java:359)
	at org.testng.SuiteRunner.runSequentially(SuiteRunner.java:354)
	at org.testng.SuiteRunner.privateRun(SuiteRunner.java:312)
	at org.testng.SuiteRunner.run(SuiteRunner.java:261)
	at org.testng.SuiteRunnerWorker.runSuite(SuiteRunnerWorker.java:52)
	at org.testng.SuiteRunnerWorker.run(SuiteRunnerWorker.java:86)
	at org.testng.TestNG.runSuitesSequentially(TestNG.java:1215)
	at org.testng.TestNG.runSuitesLocally(TestNG.java:1140)
	at org.testng.TestNG.run(TestNG.java:1048)
	at org.apache.maven.surefire.testng.TestNGExecutor.run(TestNGExecutor.java:281)
	at org.apache.maven.surefire.testng.TestNGXmlTestSuite.execute(TestNGXmlTestSuite.java:75)
	at org.apache.maven.surefire.testng.TestNGProvider.invoke(TestNGProvider.java:121)
	at org.apache.maven.surefire.booter.ForkedBooter.invokeProviderInSameClassLoader(ForkedBooter.java:290)
	at org.apache.maven.surefire.booter.ForkedBooter.runSuitesInProcess(ForkedBooter.java:242)
	at org.apache.maven.surefire.booter.ForkedBooter.main(ForkedBooter.java:121)
</pre></div></td>
<td>0</td>
<td>null</td></tr>
<tr>
<td title='learning.maven.MavenMarch12018.TestCaseOne.funtionTwo()'><b>funtionTwo</b><br>Test class: learning.maven.MavenMarch12018.TestCaseOne<br>Test method: Invalid Login check<br>Parameters: asfareg@gmail, asdva</td>
<td></td>
<td>0</td>
<td>learning.maven.MavenMarch12018.TestCaseOne@668bc3d5</td></tr>
</table><p>
</body>
</html>