<html>
<head>
<title>TestNG:  Test</title>
<link href="../testng.css" rel="stylesheet" type="text/css" />
<link href="../my-testng.css" rel="stylesheet" type="text/css" />

<style type="text/css">
.log { display: none;} 
.stack-trace { display: none;} 
</style>
<script type="text/javascript">
<!--
function flip(e) {
  current = e.style.display;
  if (current == 'block') {
    e.style.display = 'none';
    return 0;
  }
  else {
    e.style.display = 'block';
    return 1;
  }
}

function toggleBox(szDivId, elem, msg1, msg2)
{
  var res = -1;  if (document.getElementById) {
    res = flip(document.getElementById(szDivId));
  }
  else if (document.all) {
    // this is the way old msie versions work
    res = flip(document.all[szDivId]);
  }
  if(elem) {
    if(res == 0) elem.innerHTML = msg1; else elem.innerHTML = msg2;
  }

}

function toggleAllBoxes() {
  if (document.getElementsByTagName) {
    d = document.getElementsByTagName('div');
    for (i = 0; i < d.length; i++) {
      if (d[i].className == 'log') {
        flip(d[i]);
      }
    }
  }
}

// -->
</script>

</head>
<body>
<h2 align='center'>Test</h2><table border='1' align="center">
<tr>
<td>Tests passed/Failed/Skipped:</td><td>0/0/3</td>
</tr><tr>
<td>Started on:</td><td>Sun Jul 01 14:58:10 EDT 2018</td>
</tr>
<tr><td>Total time:</td><td>141 seconds (141530 ms)</td>
</tr><tr>
<td>Included groups:</td><td>sanity </td>
</tr><tr>
<td>Excluded groups:</td><td>Regression </td>
</tr>
</table><p/>
<small><i>(Hover the method name to see the test class name)</i></small><p/>
<table width='100%' border='1' class='invocation-failed'>
<tr><td colspan='4' align='center'><b>FAILED CONFIGURATIONS</b></td></tr>
<tr><td><b>Test method</b></td>
<td width="30%"><b>Exception</b></td>
<td width="10%"><b>Time (seconds)</b></td>
<td><b>Instance</b></td>
</tr>
<tr>
<td title='testNGSession.TestCaseTwo.beforeClass()'><b>beforeClass</b><br>Test class: testNGSession.TestCaseTwo</td>
<td><div><pre>org.openqa.selenium.WebDriverException: Failed to connect to binary FirefoxBinary(C:\Program Files\Mozilla Firefox\firefox.exe) on port 7055; process output follows: 
71586629	addons.xpi	DEBUG	Calling bootstrap method startup on screenshots@mozilla.org version 32.1.0
1530471586629	addons.xpi	DEBUG	Registering manifest for C:\Program Files\Mozilla Firefox\browser\features\webcompat-reporter@mozilla.org.xpi
1530471586630	addons.xpi	DEBUG	Calling bootstrap method startup on webcompat-reporter@mozilla.org version 1.0.0
1530471586630	addons.xpi	DEBUG	Registering manifest for C:\Program Files\Mozilla Firefox\browser\features\webcompat@mozilla.org.xpi
1530471586631	addons.xpi	DEBUG	Calling bootstrap method startup on webcompat@mozilla.org version 2.0
1530471586632	addons.manager	DEBUG	Registering shutdown blocker for XPIProvider
1530471586633	addons.manager	DEBUG	Provider finished startup: XPIProvider
1530471586633	addons.manager	DEBUG	Starting provider: LightweightThemeManager
1530471586633	addons.manager	DEBUG	Registering shutdown blocker for LightweightThemeManager
1530471586633	addons.manager	DEBUG	Provider finished startup: LightweightThemeManager
1530471586633	addons.manager	DEBUG	Starting provider: GMPProvider
1530471586635	addons.manager	DEBUG	Registering shutdown blocker for GMPProvider
1530471586635	addons.manager	DEBUG	Provider finished startup: GMPProvider
1530471586635	addons.manager	DEBUG	Starting provider: PluginProvider
1530471586635	addons.manager	DEBUG	Registering shutdown blocker for PluginProvider
1530471586636	addons.manager	DEBUG	Provider finished startup: PluginProvider
1530471586637	addons.manager	DEBUG	Completed startup sequence
Unable to read VR Path Registry from C:\Users\fakhr\AppData\Local\openvr\openvrpaths.vrpath
Unable to read VR Path Registry from C:\Users\fakhr\AppData\Local\openvr\openvrpaths.vrpath
1530471587058	addons.repository	DEBUG	No addons.json found.
Unable to read VR Path Registry from C:\Users\fakhr\AppData\Local\openvr\openvrpaths.vrpath
Unable to read VR Path Registry from C:\Users\fakhr\AppData\Local\openvr\openvrpaths.vrpath
Unable to read VR Path Registry from C:\Users\fakhr\AppData\Local\openvr\openvrpaths.vrpath
1530471587600	addons.xpi	DEBUG	Ignoring file entry whose name is not a valid add-on ID: C:\Users\fakhr\AppData\Local\Temp\anonymous2877683724009976402webdriver-profile\extensions\webdriver-staging
1530471587601	addons.xpi	DEBUG	Existing add-on activity-stream@mozilla.org in app-system-defaults
1530471587602	addons.xpi	DEBUG	Existing add-on aushelper@mozilla.org in app-system-defaults
1530471587602	addons.xpi	DEBUG	Existing add-on firefox@getpocket.com in app-system-defaults
1530471587602	addons.xpi	DEBUG	Existing add-on followonsearch@mozilla.com in app-system-defaults
1530471587603	addons.xpi	DEBUG	Existing add-on formautofill@mozilla.org in app-system-defaults
1530471587603	addons.xpi	DEBUG	Existing add-on onboarding@mozilla.org in app-system-defaults
1530471587603	addons.xpi	DEBUG	Existing add-on screenshots@mozilla.org in app-system-defaults
1530471587603	addons.xpi	DEBUG	Existing add-on webcompat-reporter@mozilla.org in app-system-defaults
1530471587604	addons.xpi	DEBUG	Existing add-on webcompat@mozilla.org in app-system-defaults
1530471587604	addons.xpi	DEBUG	Existing add-on {4ED1F68A-5463-4931-9384-8FFF5ED91D92} in winreg-app-global
1530471587604	addons.xpi	DEBUG	getInstallState changed: false, state: {}
JavaScript error: resource://gre/modules/addons/XPIProvider.jsm, line 2189: TypeError: addon is null
1530471608436	addons.productaddons	INFO	sending request to: https://aus5.mozilla.org/update/3/GMP/61.0/20180621125625/WINNT_x86_64-msvc-x64/en-US/release/Windows_NT%2010.0.0.0.17134.137%20(x64)/default/default/update.xml
1530471609317	addons.productaddons	INFO	Completed downloading document
1530471612403	addons.productaddons	INFO	downloadXHR File download. status=200
1530471612411	addons.productaddons	INFO	Downloaded file will be saved to C:\Users\fakhr\AppData\Local\Temp\tmpaddon-beb203
1530471616678	addons.productaddons	INFO	downloadXHR File download. status=200
1530471616683	addons.productaddons	INFO	Downloaded file will be saved to C:\Users\fakhr\AppData\Local\Temp\tmpaddon-4f57e1

Build info: version: &apos;2.53.0&apos;, revision: &apos;35ae25b&apos;, time: &apos;2016-03-15 16:57:40&apos;
System info: host: &apos;LAPTOP-JEI8AS0O&apos;, ip: &apos;10.155.31.138&apos;, os.name: &apos;Windows 10&apos;, os.arch: &apos;amd64&apos;, os.version: &apos;10.0&apos;, java.version: &apos;1.8.0_171&apos;
Driver info: driver.version: FirefoxDriver
	at org.openqa.selenium.firefox.internal.NewProfileExtensionConnection.start(NewProfileExtensionConnection.java:124)
	at org.openqa.selenium.firefox.FirefoxDriver.startClient(FirefoxDriver.java:271)
	at org.openqa.selenium.remote.RemoteWebDriver.&lt;init&gt;(RemoteWebDriver.java:119)
	at org.openqa.selenium.firefox.FirefoxDriver.&lt;init&gt;(FirefoxDriver.java:218)
	at org.openqa.selenium.firefox.FirefoxDriver.&lt;init&gt;(FirefoxDriver.java:211)
	at org.openqa.selenium.firefox.FirefoxDriver.&lt;init&gt;(FirefoxDriver.java:207)
	at org.openqa.selenium.firefox.FirefoxDriver.&lt;init&gt;(FirefoxDriver.java:120)
	at testNGSession.TestCaseTwo.beforeClass(TestCaseTwo.java:62)
Caused by: org.openqa.selenium.firefox.NotConnectedException: Unable to connect to host 127.0.0.1 on port 7055 after 45000 ms. Firefox console output:
71586629	addons.xpi	DEBUG	Calling bootstrap method startup on screenshots@mozilla.org version 32.1.0
1530471586629	addons.xpi	DEBUG	Registering manifest for C:\Program Files\Mozilla Firefox\browser\features\webcompat-reporter@mozilla.org.xpi
1530471586630	addons.xpi	DEBUG	Calling bootstrap method startup on webcompat-reporter@mozilla.org version 1.0.0
1530471586630	addons.xpi	DEBUG	Registering manifest for C:\Program Files\Mozilla Firefox\browser\features\webcompat@mozilla.org.xpi
1530471586631	addons.xpi	DEBUG	Calling bootstrap method startup on webcompat@mozilla.org version 2.0
1530471586632	addons.manager	DEBUG	Registering shutdown blocker for XPIProvider
1530471586633	addons.manager	DEBUG	Provider finished startup: XPIProvider
1530471586633	addons.manager	DEBUG	Starting provider: LightweightThemeManager
1530471586633	addons.manager	DEBUG	Registering shutdown blocker for LightweightThemeManager
1530471586633	addons.manager	DEBUG	Provider finished startup: LightweightThemeManager
1530471586633	addons.manager	DEBUG	Starting provider: GMPProvider
1530471586635	addons.manager	DEBUG	Registering shutdown blocker for GMPProvider
1530471586635	addons.manager	DEBUG	Provider finished startup: GMPProvider
1530471586635	addons.manager	DEBUG	Starting provider: PluginProvider
1530471586635	addons.manager	DEBUG	Registering shutdown blocker for PluginProvider
1530471586636	addons.manager	DEBUG	Provider finished startup: PluginProvider
1530471586637	addons.manager	DEBUG	Completed startup sequence
Unable to read VR Path Registry from C:\Users\fakhr\AppData\Local\openvr\openvrpaths.vrpath
Unable to read VR Path Registry from C:\Users\fakhr\AppData\Local\openvr\openvrpaths.vrpath
1530471587058	addons.repository	DEBUG	No addons.json found.
Unable to read VR Path Registry from C:\Users\fakhr\AppData\Local\openvr\openvrpaths.vrpath
Unable to read VR Path Registry from C:\Users\fakhr\AppData\Local\openvr\openvrpaths.vrpath
Unable to read VR Path Registry from C:\Users\fakhr\AppData\Local\openvr\openvrpaths.vrpath
1530471587600	addons.xpi	DEBUG	Ignoring file entry whose name is not a valid add-on ID: C:\Users\fakhr\AppData\Local\Temp\anonymous2877683724009976402webdriver-profile\extensions\webdriver-staging
1530471587601	addons.xpi	DEBUG	Existing add-on activity-stream@mozilla.org in app-system-defaults
1530471587602	addons.xpi	DEBUG	Existing add-on aushelper@mozilla.org in app-system-defaults
1530471587602	addons.xpi	DEBUG	Existing add-on firefox@getpocket.com in app-system-defaults
1530471587602	addons.xpi	DEBUG	Existing add-on followonsearch@mozilla.com in app-system-defaults
1530471587603	addons.xpi	DEBUG	Existing add-on formautofill@mozilla.org in app-system-defaults
1530471587603	addons.xpi	DEBUG	Existing add-on onboarding@mozilla.org in app-system-defaults
1530471587603	addons.xpi	DEBUG	Existing add-on screenshots@mozilla.org in app-system-defaults
1530471587603	addons.xpi	DEBUG	Existing add-on webcompat-reporter@mozilla.org in app-system-defaults
1530471587604	addons.xpi	DEBUG	Existing add-on webcompat@mozilla.org in app-system-defaults
1530471587604	addons.xpi	DEBUG	Existing add-on {4ED1F68A-5463-4931-9384-8FFF5ED91D92} in winreg-app-global
1530471587604	addons.xpi	DEBUG	getInstallState changed: false, state: {}
JavaScript error: resource://gre/modules/addons/XPIProvider.jsm, line 2189: TypeError: addon is null
1530471608436	addons.productaddons	INFO	sending request to: https://aus5.mozilla.org/update/3/GMP/61.0/20180621125625/WINNT_x86_64-msvc-x64/en-US/release/Windows_NT%2010.0.0.0.17134.137%20(x64)/default/default/update.xml
1530471609317	addons.productaddons	INFO	Completed downloading document
1530471612403	addons.productaddons	INFO	downloadXHR File download. status=200
1530471612411	addons.productaddons	INFO	Downloaded file will be saved to C:\Users\fakhr\AppData\Local\Temp\tmpaddon-beb203
1530471616678	addons.productaddons	INFO	downloadXHR File download. status=200
1530471616683	addons.productaddons	INFO	Downloaded file will be saved to C:\Users\fakhr\AppData\Local\Temp\tmpaddon-4f57e1

	at org.openqa.selenium.firefox.internal.NewProfileExtensionConnection.start(NewProfileExtensionConnection.java:112)
	... 31 more
... Removed 24 stack frames</pre></div><a href='#' onClick='toggleBox("stack-trace773662650", this, "Click to show all stack frames", "Click to hide stack frames")'>Click to show all stack frames</a>
<div class='stack-trace' id='stack-trace773662650'><pre>org.openqa.selenium.WebDriverException: Failed to connect to binary FirefoxBinary(C:\Program Files\Mozilla Firefox\firefox.exe) on port 7055; process output follows: 
71586629	addons.xpi	DEBUG	Calling bootstrap method startup on screenshots@mozilla.org version 32.1.0
1530471586629	addons.xpi	DEBUG	Registering manifest for C:\Program Files\Mozilla Firefox\browser\features\webcompat-reporter@mozilla.org.xpi
1530471586630	addons.xpi	DEBUG	Calling bootstrap method startup on webcompat-reporter@mozilla.org version 1.0.0
1530471586630	addons.xpi	DEBUG	Registering manifest for C:\Program Files\Mozilla Firefox\browser\features\webcompat@mozilla.org.xpi
1530471586631	addons.xpi	DEBUG	Calling bootstrap method startup on webcompat@mozilla.org version 2.0
1530471586632	addons.manager	DEBUG	Registering shutdown blocker for XPIProvider
1530471586633	addons.manager	DEBUG	Provider finished startup: XPIProvider
1530471586633	addons.manager	DEBUG	Starting provider: LightweightThemeManager
1530471586633	addons.manager	DEBUG	Registering shutdown blocker for LightweightThemeManager
1530471586633	addons.manager	DEBUG	Provider finished startup: LightweightThemeManager
1530471586633	addons.manager	DEBUG	Starting provider: GMPProvider
1530471586635	addons.manager	DEBUG	Registering shutdown blocker for GMPProvider
1530471586635	addons.manager	DEBUG	Provider finished startup: GMPProvider
1530471586635	addons.manager	DEBUG	Starting provider: PluginProvider
1530471586635	addons.manager	DEBUG	Registering shutdown blocker for PluginProvider
1530471586636	addons.manager	DEBUG	Provider finished startup: PluginProvider
1530471586637	addons.manager	DEBUG	Completed startup sequence
Unable to read VR Path Registry from C:\Users\fakhr\AppData\Local\openvr\openvrpaths.vrpath
Unable to read VR Path Registry from C:\Users\fakhr\AppData\Local\openvr\openvrpaths.vrpath
1530471587058	addons.repository	DEBUG	No addons.json found.
Unable to read VR Path Registry from C:\Users\fakhr\AppData\Local\openvr\openvrpaths.vrpath
Unable to read VR Path Registry from C:\Users\fakhr\AppData\Local\openvr\openvrpaths.vrpath
Unable to read VR Path Registry from C:\Users\fakhr\AppData\Local\openvr\openvrpaths.vrpath
1530471587600	addons.xpi	DEBUG	Ignoring file entry whose name is not a valid add-on ID: C:\Users\fakhr\AppData\Local\Temp\anonymous2877683724009976402webdriver-profile\extensions\webdriver-staging
1530471587601	addons.xpi	DEBUG	Existing add-on activity-stream@mozilla.org in app-system-defaults
1530471587602	addons.xpi	DEBUG	Existing add-on aushelper@mozilla.org in app-system-defaults
1530471587602	addons.xpi	DEBUG	Existing add-on firefox@getpocket.com in app-system-defaults
1530471587602	addons.xpi	DEBUG	Existing add-on followonsearch@mozilla.com in app-system-defaults
1530471587603	addons.xpi	DEBUG	Existing add-on formautofill@mozilla.org in app-system-defaults
1530471587603	addons.xpi	DEBUG	Existing add-on onboarding@mozilla.org in app-system-defaults
1530471587603	addons.xpi	DEBUG	Existing add-on screenshots@mozilla.org in app-system-defaults
1530471587603	addons.xpi	DEBUG	Existing add-on webcompat-reporter@mozilla.org in app-system-defaults
1530471587604	addons.xpi	DEBUG	Existing add-on webcompat@mozilla.org in app-system-defaults
1530471587604	addons.xpi	DEBUG	Existing add-on {4ED1F68A-5463-4931-9384-8FFF5ED91D92} in winreg-app-global
1530471587604	addons.xpi	DEBUG	getInstallState changed: false, state: {}
JavaScript error: resource://gre/modules/addons/XPIProvider.jsm, line 2189: TypeError: addon is null
1530471608436	addons.productaddons	INFO	sending request to: https://aus5.mozilla.org/update/3/GMP/61.0/20180621125625/WINNT_x86_64-msvc-x64/en-US/release/Windows_NT%2010.0.0.0.17134.137%20(x64)/default/default/update.xml
1530471609317	addons.productaddons	INFO	Completed downloading document
1530471612403	addons.productaddons	INFO	downloadXHR File download. status=200
1530471612411	addons.productaddons	INFO	Downloaded file will be saved to C:\Users\fakhr\AppData\Local\Temp\tmpaddon-beb203
1530471616678	addons.productaddons	INFO	downloadXHR File download. status=200
1530471616683	addons.productaddons	INFO	Downloaded file will be saved to C:\Users\fakhr\AppData\Local\Temp\tmpaddon-4f57e1

Build info: version: &apos;2.53.0&apos;, revision: &apos;35ae25b&apos;, time: &apos;2016-03-15 16:57:40&apos;
System info: host: &apos;LAPTOP-JEI8AS0O&apos;, ip: &apos;10.155.31.138&apos;, os.name: &apos;Windows 10&apos;, os.arch: &apos;amd64&apos;, os.version: &apos;10.0&apos;, java.version: &apos;1.8.0_171&apos;
Driver info: driver.version: FirefoxDriver
	at org.openqa.selenium.firefox.internal.NewProfileExtensionConnection.start(NewProfileExtensionConnection.java:124)
	at org.openqa.selenium.firefox.FirefoxDriver.startClient(FirefoxDriver.java:271)
	at org.openqa.selenium.remote.RemoteWebDriver.&lt;init&gt;(RemoteWebDriver.java:119)
	at org.openqa.selenium.firefox.FirefoxDriver.&lt;init&gt;(FirefoxDriver.java:218)
	at org.openqa.selenium.firefox.FirefoxDriver.&lt;init&gt;(FirefoxDriver.java:211)
	at org.openqa.selenium.firefox.FirefoxDriver.&lt;init&gt;(FirefoxDriver.java:207)
	at org.openqa.selenium.firefox.FirefoxDriver.&lt;init&gt;(FirefoxDriver.java:120)
	at testNGSession.TestCaseTwo.beforeClass(TestCaseTwo.java:62)
	at sun.reflect.NativeMethodAccessorImpl.invoke0(Native Method)
	at sun.reflect.NativeMethodAccessorImpl.invoke(NativeMethodAccessorImpl.java:62)
	at sun.reflect.DelegatingMethodAccessorImpl.invoke(DelegatingMethodAccessorImpl.java:43)
	at java.lang.reflect.Method.invoke(Method.java:498)
	at org.testng.internal.MethodInvocationHelper.invokeMethod(MethodInvocationHelper.java:85)
	at org.testng.internal.Invoker.invokeConfigurationMethod(Invoker.java:510)
	at org.testng.internal.Invoker.invokeConfigurations(Invoker.java:211)
	at org.testng.internal.Invoker.invokeConfigurations(Invoker.java:138)
	at org.testng.internal.TestMethodWorker.invokeBeforeClassMethods(TestMethodWorker.java:170)
	at org.testng.internal.TestMethodWorker.run(TestMethodWorker.java:104)
	at org.testng.TestRunner.privateRun(TestRunner.java:774)
	at org.testng.TestRunner.run(TestRunner.java:624)
	at org.testng.SuiteRunner.runTest(SuiteRunner.java:359)
	at org.testng.SuiteRunner.runSequentially(SuiteRunner.java:354)
	at org.testng.SuiteRunner.privateRun(SuiteRunner.java:312)
	at org.testng.SuiteRunner.run(SuiteRunner.java:261)
	at org.testng.SuiteRunnerWorker.runSuite(SuiteRunnerWorker.java:52)
	at org.testng.SuiteRunnerWorker.run(SuiteRunnerWorker.java:86)
	at org.testng.TestNG.runSuitesSequentially(TestNG.java:1215)
	at org.testng.TestNG.runSuitesLocally(TestNG.java:1140)
	at org.testng.TestNG.run(TestNG.java:1048)
	at org.testng.remote.AbstractRemoteTestNG.run(AbstractRemoteTestNG.java:114)
	at org.testng.remote.RemoteTestNG.initAndRun(RemoteTestNG.java:251)
	at org.testng.remote.RemoteTestNG.main(RemoteTestNG.java:77)
Caused by: org.openqa.selenium.firefox.NotConnectedException: Unable to connect to host 127.0.0.1 on port 7055 after 45000 ms. Firefox console output:
71586629	addons.xpi	DEBUG	Calling bootstrap method startup on screenshots@mozilla.org version 32.1.0
1530471586629	addons.xpi	DEBUG	Registering manifest for C:\Program Files\Mozilla Firefox\browser\features\webcompat-reporter@mozilla.org.xpi
1530471586630	addons.xpi	DEBUG	Calling bootstrap method startup on webcompat-reporter@mozilla.org version 1.0.0
1530471586630	addons.xpi	DEBUG	Registering manifest for C:\Program Files\Mozilla Firefox\browser\features\webcompat@mozilla.org.xpi
1530471586631	addons.xpi	DEBUG	Calling bootstrap method startup on webcompat@mozilla.org version 2.0
1530471586632	addons.manager	DEBUG	Registering shutdown blocker for XPIProvider
1530471586633	addons.manager	DEBUG	Provider finished startup: XPIProvider
1530471586633	addons.manager	DEBUG	Starting provider: LightweightThemeManager
1530471586633	addons.manager	DEBUG	Registering shutdown blocker for LightweightThemeManager
1530471586633	addons.manager	DEBUG	Provider finished startup: LightweightThemeManager
1530471586633	addons.manager	DEBUG	Starting provider: GMPProvider
1530471586635	addons.manager	DEBUG	Registering shutdown blocker for GMPProvider
1530471586635	addons.manager	DEBUG	Provider finished startup: GMPProvider
1530471586635	addons.manager	DEBUG	Starting provider: PluginProvider
1530471586635	addons.manager	DEBUG	Registering shutdown blocker for PluginProvider
1530471586636	addons.manager	DEBUG	Provider finished startup: PluginProvider
1530471586637	addons.manager	DEBUG	Completed startup sequence
Unable to read VR Path Registry from C:\Users\fakhr\AppData\Local\openvr\openvrpaths.vrpath
Unable to read VR Path Registry from C:\Users\fakhr\AppData\Local\openvr\openvrpaths.vrpath
1530471587058	addons.repository	DEBUG	No addons.json found.
Unable to read VR Path Registry from C:\Users\fakhr\AppData\Local\openvr\openvrpaths.vrpath
Unable to read VR Path Registry from C:\Users\fakhr\AppData\Local\openvr\openvrpaths.vrpath
Unable to read VR Path Registry from C:\Users\fakhr\AppData\Local\openvr\openvrpaths.vrpath
1530471587600	addons.xpi	DEBUG	Ignoring file entry whose name is not a valid add-on ID: C:\Users\fakhr\AppData\Local\Temp\anonymous2877683724009976402webdriver-profile\extensions\webdriver-staging
1530471587601	addons.xpi	DEBUG	Existing add-on activity-stream@mozilla.org in app-system-defaults
1530471587602	addons.xpi	DEBUG	Existing add-on aushelper@mozilla.org in app-system-defaults
1530471587602	addons.xpi	DEBUG	Existing add-on firefox@getpocket.com in app-system-defaults
1530471587602	addons.xpi	DEBUG	Existing add-on followonsearch@mozilla.com in app-system-defaults
1530471587603	addons.xpi	DEBUG	Existing add-on formautofill@mozilla.org in app-system-defaults
1530471587603	addons.xpi	DEBUG	Existing add-on onboarding@mozilla.org in app-system-defaults
1530471587603	addons.xpi	DEBUG	Existing add-on screenshots@mozilla.org in app-system-defaults
1530471587603	addons.xpi	DEBUG	Existing add-on webcompat-reporter@mozilla.org in app-system-defaults
1530471587604	addons.xpi	DEBUG	Existing add-on webcompat@mozilla.org in app-system-defaults
1530471587604	addons.xpi	DEBUG	Existing add-on {4ED1F68A-5463-4931-9384-8FFF5ED91D92} in winreg-app-global
1530471587604	addons.xpi	DEBUG	getInstallState changed: false, state: {}
JavaScript error: resource://gre/modules/addons/XPIProvider.jsm, line 2189: TypeError: addon is null
1530471608436	addons.productaddons	INFO	sending request to: https://aus5.mozilla.org/update/3/GMP/61.0/20180621125625/WINNT_x86_64-msvc-x64/en-US/release/Windows_NT%2010.0.0.0.17134.137%20(x64)/default/default/update.xml
1530471609317	addons.productaddons	INFO	Completed downloading document
1530471612403	addons.productaddons	INFO	downloadXHR File download. status=200
1530471612411	addons.productaddons	INFO	Downloaded file will be saved to C:\Users\fakhr\AppData\Local\Temp\tmpaddon-beb203
1530471616678	addons.productaddons	INFO	downloadXHR File download. status=200
1530471616683	addons.productaddons	INFO	Downloaded file will be saved to C:\Users\fakhr\AppData\Local\Temp\tmpaddon-4f57e1

	at org.openqa.selenium.firefox.internal.NewProfileExtensionConnection.start(NewProfileExtensionConnection.java:112)
	... 31 more
</pre></div></td>
<td>0</td>
<td>testNGSession.TestCaseTwo@55f3ddb1</td></tr>
<tr>
<td title='testNGSession.TestCaseOne.beforeMethod()'><b>beforeMethod</b><br>Test class: testNGSession.TestCaseOne</td>
<td><div><pre>org.openqa.selenium.WebDriverException: Failed to connect to binary FirefoxBinary(C:\Program Files\Mozilla Firefox\firefox.exe) on port 7055; process output follows: 
i
1530471494820	addons.xpi	DEBUG	Calling bootstrap method startup on screenshots@mozilla.org version 32.1.0
1530471494820	addons.xpi	DEBUG	Registering manifest for C:\Program Files\Mozilla Firefox\browser\features\webcompat-reporter@mozilla.org.xpi
1530471494820	addons.xpi	DEBUG	Calling bootstrap method startup on webcompat-reporter@mozilla.org version 1.0.0
1530471494820	addons.xpi	DEBUG	Registering manifest for C:\Program Files\Mozilla Firefox\browser\features\webcompat@mozilla.org.xpi
1530471494823	addons.xpi	DEBUG	Calling bootstrap method startup on webcompat@mozilla.org version 2.0
1530471494826	addons.manager	DEBUG	Registering shutdown blocker for XPIProvider
1530471494826	addons.manager	DEBUG	Provider finished startup: XPIProvider
1530471494826	addons.manager	DEBUG	Starting provider: LightweightThemeManager
1530471494826	addons.manager	DEBUG	Registering shutdown blocker for LightweightThemeManager
1530471494826	addons.manager	DEBUG	Provider finished startup: LightweightThemeManager
1530471494826	addons.manager	DEBUG	Starting provider: GMPProvider
1530471494829	addons.manager	DEBUG	Registering shutdown blocker for GMPProvider
1530471494829	addons.manager	DEBUG	Provider finished startup: GMPProvider
1530471494829	addons.manager	DEBUG	Starting provider: PluginProvider
1530471494829	addons.manager	DEBUG	Registering shutdown blocker for PluginProvider
1530471494829	addons.manager	DEBUG	Provider finished startup: PluginProvider
1530471494831	addons.manager	DEBUG	Completed startup sequence
Unable to read VR Path Registry from C:\Users\fakhr\AppData\Local\openvr\openvrpaths.vrpath
Unable to read VR Path Registry from C:\Users\fakhr\AppData\Local\openvr\openvrpaths.vrpath
1530471495898	addons.repository	DEBUG	No addons.json found.
Unable to read VR Path Registry from C:\Users\fakhr\AppData\Local\openvr\openvrpaths.vrpath
Unable to read VR Path Registry from C:\Users\fakhr\AppData\Local\openvr\openvrpaths.vrpath
Unable to read VR Path Registry from C:\Users\fakhr\AppData\Local\openvr\openvrpaths.vrpath
1530471496924	addons.xpi	DEBUG	Ignoring file entry whose name is not a valid add-on ID: C:\Users\fakhr\AppData\Local\Temp\anonymous216228785643820659webdriver-profile\extensions\webdriver-staging
1530471496925	addons.xpi	DEBUG	Existing add-on activity-stream@mozilla.org in app-system-defaults
1530471496925	addons.xpi	DEBUG	Existing add-on aushelper@mozilla.org in app-system-defaults
1530471496926	addons.xpi	DEBUG	Existing add-on firefox@getpocket.com in app-system-defaults
1530471496926	addons.xpi	DEBUG	Existing add-on followonsearch@mozilla.com in app-system-defaults
1530471496926	addons.xpi	DEBUG	Existing add-on formautofill@mozilla.org in app-system-defaults
1530471496926	addons.xpi	DEBUG	Existing add-on onboarding@mozilla.org in app-system-defaults
1530471496927	addons.xpi	DEBUG	Existing add-on screenshots@mozilla.org in app-system-defaults
1530471496927	addons.xpi	DEBUG	Existing add-on webcompat-reporter@mozilla.org in app-system-defaults
1530471496927	addons.xpi	DEBUG	Existing add-on webcompat@mozilla.org in app-system-defaults
1530471496928	addons.xpi	DEBUG	Existing add-on {4ED1F68A-5463-4931-9384-8FFF5ED91D92} in winreg-app-global
1530471496928	addons.xpi	DEBUG	getInstallState changed: false, state: {}
JavaScript error: resource://gre/modules/addons/XPIProvider.jsm, line 2189: TypeError: addon is null
1530471517378	addons.productaddons	INFO	sending request to: https://aus5.mozilla.org/update/3/GMP/61.0/20180621125625/WINNT_x86_64-msvc-x64/en-US/release/Windows_NT%2010.0.0.0.17134.137%20(x64)/default/default/update.xml
1530471518348	addons.productaddons	INFO	Completed downloading document
1530471520728	addons.productaddons	INFO	downloadXHR File download. status=200
1530471520735	addons.productaddons	INFO	Downloaded file will be saved to C:\Users\fakhr\AppData\Local\Temp\tmpaddon
1530471525048	addons.productaddons	INFO	downloadXHR File download. status=200
1530471525054	addons.productaddons	INFO	Downloaded file will be saved to C:\Users\fakhr\AppData\Local\Temp\tmpaddon-cf94e9

Build info: version: &apos;2.53.0&apos;, revision: &apos;35ae25b&apos;, time: &apos;2016-03-15 16:57:40&apos;
System info: host: &apos;LAPTOP-JEI8AS0O&apos;, ip: &apos;10.155.31.138&apos;, os.name: &apos;Windows 10&apos;, os.arch: &apos;amd64&apos;, os.version: &apos;10.0&apos;, java.version: &apos;1.8.0_171&apos;
Driver info: driver.version: FirefoxDriver
	at org.openqa.selenium.firefox.internal.NewProfileExtensionConnection.start(NewProfileExtensionConnection.java:124)
	at org.openqa.selenium.firefox.FirefoxDriver.startClient(FirefoxDriver.java:271)
	at org.openqa.selenium.remote.RemoteWebDriver.&lt;init&gt;(RemoteWebDriver.java:119)
	at org.openqa.selenium.firefox.FirefoxDriver.&lt;init&gt;(FirefoxDriver.java:218)
	at org.openqa.selenium.firefox.FirefoxDriver.&lt;init&gt;(FirefoxDriver.java:211)
	at org.openqa.selenium.firefox.FirefoxDriver.&lt;init&gt;(FirefoxDriver.java:207)
	at org.openqa.selenium.firefox.FirefoxDriver.&lt;init&gt;(FirefoxDriver.java:120)
	at testNGSession.TestCaseOne.beforeMethod(TestCaseOne.java:60)
Caused by: org.openqa.selenium.firefox.NotConnectedException: Unable to connect to host 127.0.0.1 on port 7055 after 45000 ms. Firefox console output:
i
1530471494820	addons.xpi	DEBUG	Calling bootstrap method startup on screenshots@mozilla.org version 32.1.0
1530471494820	addons.xpi	DEBUG	Registering manifest for C:\Program Files\Mozilla Firefox\browser\features\webcompat-reporter@mozilla.org.xpi
1530471494820	addons.xpi	DEBUG	Calling bootstrap method startup on webcompat-reporter@mozilla.org version 1.0.0
1530471494820	addons.xpi	DEBUG	Registering manifest for C:\Program Files\Mozilla Firefox\browser\features\webcompat@mozilla.org.xpi
1530471494823	addons.xpi	DEBUG	Calling bootstrap method startup on webcompat@mozilla.org version 2.0
1530471494826	addons.manager	DEBUG	Registering shutdown blocker for XPIProvider
1530471494826	addons.manager	DEBUG	Provider finished startup: XPIProvider
1530471494826	addons.manager	DEBUG	Starting provider: LightweightThemeManager
1530471494826	addons.manager	DEBUG	Registering shutdown blocker for LightweightThemeManager
1530471494826	addons.manager	DEBUG	Provider finished startup: LightweightThemeManager
1530471494826	addons.manager	DEBUG	Starting provider: GMPProvider
1530471494829	addons.manager	DEBUG	Registering shutdown blocker for GMPProvider
1530471494829	addons.manager	DEBUG	Provider finished startup: GMPProvider
1530471494829	addons.manager	DEBUG	Starting provider: PluginProvider
1530471494829	addons.manager	DEBUG	Registering shutdown blocker for PluginProvider
1530471494829	addons.manager	DEBUG	Provider finished startup: PluginProvider
1530471494831	addons.manager	DEBUG	Completed startup sequence
Unable to read VR Path Registry from C:\Users\fakhr\AppData\Local\openvr\openvrpaths.vrpath
Unable to read VR Path Registry from C:\Users\fakhr\AppData\Local\openvr\openvrpaths.vrpath
1530471495898	addons.repository	DEBUG	No addons.json found.
Unable to read VR Path Registry from C:\Users\fakhr\AppData\Local\openvr\openvrpaths.vrpath
Unable to read VR Path Registry from C:\Users\fakhr\AppData\Local\openvr\openvrpaths.vrpath
Unable to read VR Path Registry from C:\Users\fakhr\AppData\Local\openvr\openvrpaths.vrpath
1530471496924	addons.xpi	DEBUG	Ignoring file entry whose name is not a valid add-on ID: C:\Users\fakhr\AppData\Local\Temp\anonymous216228785643820659webdriver-profile\extensions\webdriver-staging
1530471496925	addons.xpi	DEBUG	Existing add-on activity-stream@mozilla.org in app-system-defaults
1530471496925	addons.xpi	DEBUG	Existing add-on aushelper@mozilla.org in app-system-defaults
1530471496926	addons.xpi	DEBUG	Existing add-on firefox@getpocket.com in app-system-defaults
1530471496926	addons.xpi	DEBUG	Existing add-on followonsearch@mozilla.com in app-system-defaults
1530471496926	addons.xpi	DEBUG	Existing add-on formautofill@mozilla.org in app-system-defaults
1530471496926	addons.xpi	DEBUG	Existing add-on onboarding@mozilla.org in app-system-defaults
1530471496927	addons.xpi	DEBUG	Existing add-on screenshots@mozilla.org in app-system-defaults
1530471496927	addons.xpi	DEBUG	Existing add-on webcompat-reporter@mozilla.org in app-system-defaults
1530471496927	addons.xpi	DEBUG	Existing add-on webcompat@mozilla.org in app-system-defaults
1530471496928	addons.xpi	DEBUG	Existing add-on {4ED1F68A-5463-4931-9384-8FFF5ED91D92} in winreg-app-global
1530471496928	addons.xpi	DEBUG	getInstallState changed: false, state: {}
JavaScript error: resource://gre/modules/addons/XPIProvider.jsm, line 2189: TypeError: addon is null
1530471517378	addons.productaddons	INFO	sending request to: https://aus5.mozilla.org/update/3/GMP/61.0/20180621125625/WINNT_x86_64-msvc-x64/en-US/release/Windows_NT%2010.0.0.0.17134.137%20(x64)/default/default/update.xml
1530471518348	addons.productaddons	INFO	Completed downloading document
1530471520728	addons.productaddons	INFO	downloadXHR File download. status=200
1530471520735	addons.productaddons	INFO	Downloaded file will be saved to C:\Users\fakhr\AppData\Local\Temp\tmpaddon
1530471525048	addons.productaddons	INFO	downloadXHR File download. status=200
1530471525054	addons.productaddons	INFO	Downloaded file will be saved to C:\Users\fakhr\AppData\Local\Temp\tmpaddon-cf94e9

	at org.openqa.selenium.firefox.internal.NewProfileExtensionConnection.start(NewProfileExtensionConnection.java:112)
	... 33 more
... Removed 26 stack frames</pre></div><a href='#' onClick='toggleBox("stack-trace1595282218", this, "Click to show all stack frames", "Click to hide stack frames")'>Click to show all stack frames</a>
<div class='stack-trace' id='stack-trace1595282218'><pre>org.openqa.selenium.WebDriverException: Failed to connect to binary FirefoxBinary(C:\Program Files\Mozilla Firefox\firefox.exe) on port 7055; process output follows: 
i
1530471494820	addons.xpi	DEBUG	Calling bootstrap method startup on screenshots@mozilla.org version 32.1.0
1530471494820	addons.xpi	DEBUG	Registering manifest for C:\Program Files\Mozilla Firefox\browser\features\webcompat-reporter@mozilla.org.xpi
1530471494820	addons.xpi	DEBUG	Calling bootstrap method startup on webcompat-reporter@mozilla.org version 1.0.0
1530471494820	addons.xpi	DEBUG	Registering manifest for C:\Program Files\Mozilla Firefox\browser\features\webcompat@mozilla.org.xpi
1530471494823	addons.xpi	DEBUG	Calling bootstrap method startup on webcompat@mozilla.org version 2.0
1530471494826	addons.manager	DEBUG	Registering shutdown blocker for XPIProvider
1530471494826	addons.manager	DEBUG	Provider finished startup: XPIProvider
1530471494826	addons.manager	DEBUG	Starting provider: LightweightThemeManager
1530471494826	addons.manager	DEBUG	Registering shutdown blocker for LightweightThemeManager
1530471494826	addons.manager	DEBUG	Provider finished startup: LightweightThemeManager
1530471494826	addons.manager	DEBUG	Starting provider: GMPProvider
1530471494829	addons.manager	DEBUG	Registering shutdown blocker for GMPProvider
1530471494829	addons.manager	DEBUG	Provider finished startup: GMPProvider
1530471494829	addons.manager	DEBUG	Starting provider: PluginProvider
1530471494829	addons.manager	DEBUG	Registering shutdown blocker for PluginProvider
1530471494829	addons.manager	DEBUG	Provider finished startup: PluginProvider
1530471494831	addons.manager	DEBUG	Completed startup sequence
Unable to read VR Path Registry from C:\Users\fakhr\AppData\Local\openvr\openvrpaths.vrpath
Unable to read VR Path Registry from C:\Users\fakhr\AppData\Local\openvr\openvrpaths.vrpath
1530471495898	addons.repository	DEBUG	No addons.json found.
Unable to read VR Path Registry from C:\Users\fakhr\AppData\Local\openvr\openvrpaths.vrpath
Unable to read VR Path Registry from C:\Users\fakhr\AppData\Local\openvr\openvrpaths.vrpath
Unable to read VR Path Registry from C:\Users\fakhr\AppData\Local\openvr\openvrpaths.vrpath
1530471496924	addons.xpi	DEBUG	Ignoring file entry whose name is not a valid add-on ID: C:\Users\fakhr\AppData\Local\Temp\anonymous216228785643820659webdriver-profile\extensions\webdriver-staging
1530471496925	addons.xpi	DEBUG	Existing add-on activity-stream@mozilla.org in app-system-defaults
1530471496925	addons.xpi	DEBUG	Existing add-on aushelper@mozilla.org in app-system-defaults
1530471496926	addons.xpi	DEBUG	Existing add-on firefox@getpocket.com in app-system-defaults
1530471496926	addons.xpi	DEBUG	Existing add-on followonsearch@mozilla.com in app-system-defaults
1530471496926	addons.xpi	DEBUG	Existing add-on formautofill@mozilla.org in app-system-defaults
1530471496926	addons.xpi	DEBUG	Existing add-on onboarding@mozilla.org in app-system-defaults
1530471496927	addons.xpi	DEBUG	Existing add-on screenshots@mozilla.org in app-system-defaults
1530471496927	addons.xpi	DEBUG	Existing add-on webcompat-reporter@mozilla.org in app-system-defaults
1530471496927	addons.xpi	DEBUG	Existing add-on webcompat@mozilla.org in app-system-defaults
1530471496928	addons.xpi	DEBUG	Existing add-on {4ED1F68A-5463-4931-9384-8FFF5ED91D92} in winreg-app-global
1530471496928	addons.xpi	DEBUG	getInstallState changed: false, state: {}
JavaScript error: resource://gre/modules/addons/XPIProvider.jsm, line 2189: TypeError: addon is null
1530471517378	addons.productaddons	INFO	sending request to: https://aus5.mozilla.org/update/3/GMP/61.0/20180621125625/WINNT_x86_64-msvc-x64/en-US/release/Windows_NT%2010.0.0.0.17134.137%20(x64)/default/default/update.xml
1530471518348	addons.productaddons	INFO	Completed downloading document
1530471520728	addons.productaddons	INFO	downloadXHR File download. status=200
1530471520735	addons.productaddons	INFO	Downloaded file will be saved to C:\Users\fakhr\AppData\Local\Temp\tmpaddon
1530471525048	addons.productaddons	INFO	downloadXHR File download. status=200
1530471525054	addons.productaddons	INFO	Downloaded file will be saved to C:\Users\fakhr\AppData\Local\Temp\tmpaddon-cf94e9

Build info: version: &apos;2.53.0&apos;, revision: &apos;35ae25b&apos;, time: &apos;2016-03-15 16:57:40&apos;
System info: host: &apos;LAPTOP-JEI8AS0O&apos;, ip: &apos;10.155.31.138&apos;, os.name: &apos;Windows 10&apos;, os.arch: &apos;amd64&apos;, os.version: &apos;10.0&apos;, java.version: &apos;1.8.0_171&apos;
Driver info: driver.version: FirefoxDriver
	at org.openqa.selenium.firefox.internal.NewProfileExtensionConnection.start(NewProfileExtensionConnection.java:124)
	at org.openqa.selenium.firefox.FirefoxDriver.startClient(FirefoxDriver.java:271)
	at org.openqa.selenium.remote.RemoteWebDriver.&lt;init&gt;(RemoteWebDriver.java:119)
	at org.openqa.selenium.firefox.FirefoxDriver.&lt;init&gt;(FirefoxDriver.java:218)
	at org.openqa.selenium.firefox.FirefoxDriver.&lt;init&gt;(FirefoxDriver.java:211)
	at org.openqa.selenium.firefox.FirefoxDriver.&lt;init&gt;(FirefoxDriver.java:207)
	at org.openqa.selenium.firefox.FirefoxDriver.&lt;init&gt;(FirefoxDriver.java:120)
	at testNGSession.TestCaseOne.beforeMethod(TestCaseOne.java:60)
	at sun.reflect.NativeMethodAccessorImpl.invoke0(Native Method)
	at sun.reflect.NativeMethodAccessorImpl.invoke(NativeMethodAccessorImpl.java:62)
	at sun.reflect.DelegatingMethodAccessorImpl.invoke(DelegatingMethodAccessorImpl.java:43)
	at java.lang.reflect.Method.invoke(Method.java:498)
	at org.testng.internal.MethodInvocationHelper.invokeMethod(MethodInvocationHelper.java:85)
	at org.testng.internal.Invoker.invokeConfigurationMethod(Invoker.java:510)
	at org.testng.internal.Invoker.invokeConfigurations(Invoker.java:211)
	at org.testng.internal.Invoker.invokeMethod(Invoker.java:585)
	at org.testng.internal.Invoker.invokeTestMethod(Invoker.java:816)
	at org.testng.internal.Invoker.invokeTestMethods(Invoker.java:1124)
	at org.testng.internal.TestMethodWorker.invokeTestMethods(TestMethodWorker.java:125)
	at org.testng.internal.TestMethodWorker.run(TestMethodWorker.java:108)
	at org.testng.TestRunner.privateRun(TestRunner.java:774)
	at org.testng.TestRunner.run(TestRunner.java:624)
	at org.testng.SuiteRunner.runTest(SuiteRunner.java:359)
	at org.testng.SuiteRunner.runSequentially(SuiteRunner.java:354)
	at org.testng.SuiteRunner.privateRun(SuiteRunner.java:312)
	at org.testng.SuiteRunner.run(SuiteRunner.java:261)
	at org.testng.SuiteRunnerWorker.runSuite(SuiteRunnerWorker.java:52)
	at org.testng.SuiteRunnerWorker.run(SuiteRunnerWorker.java:86)
	at org.testng.TestNG.runSuitesSequentially(TestNG.java:1215)
	at org.testng.TestNG.runSuitesLocally(TestNG.java:1140)
	at org.testng.TestNG.run(TestNG.java:1048)
	at org.testng.remote.AbstractRemoteTestNG.run(AbstractRemoteTestNG.java:114)
	at org.testng.remote.RemoteTestNG.initAndRun(RemoteTestNG.java:251)
	at org.testng.remote.RemoteTestNG.main(RemoteTestNG.java:77)
Caused by: org.openqa.selenium.firefox.NotConnectedException: Unable to connect to host 127.0.0.1 on port 7055 after 45000 ms. Firefox console output:
i
1530471494820	addons.xpi	DEBUG	Calling bootstrap method startup on screenshots@mozilla.org version 32.1.0
1530471494820	addons.xpi	DEBUG	Registering manifest for C:\Program Files\Mozilla Firefox\browser\features\webcompat-reporter@mozilla.org.xpi
1530471494820	addons.xpi	DEBUG	Calling bootstrap method startup on webcompat-reporter@mozilla.org version 1.0.0
1530471494820	addons.xpi	DEBUG	Registering manifest for C:\Program Files\Mozilla Firefox\browser\features\webcompat@mozilla.org.xpi
1530471494823	addons.xpi	DEBUG	Calling bootstrap method startup on webcompat@mozilla.org version 2.0
1530471494826	addons.manager	DEBUG	Registering shutdown blocker for XPIProvider
1530471494826	addons.manager	DEBUG	Provider finished startup: XPIProvider
1530471494826	addons.manager	DEBUG	Starting provider: LightweightThemeManager
1530471494826	addons.manager	DEBUG	Registering shutdown blocker for LightweightThemeManager
1530471494826	addons.manager	DEBUG	Provider finished startup: LightweightThemeManager
1530471494826	addons.manager	DEBUG	Starting provider: GMPProvider
1530471494829	addons.manager	DEBUG	Registering shutdown blocker for GMPProvider
1530471494829	addons.manager	DEBUG	Provider finished startup: GMPProvider
1530471494829	addons.manager	DEBUG	Starting provider: PluginProvider
1530471494829	addons.manager	DEBUG	Registering shutdown blocker for PluginProvider
1530471494829	addons.manager	DEBUG	Provider finished startup: PluginProvider
1530471494831	addons.manager	DEBUG	Completed startup sequence
Unable to read VR Path Registry from C:\Users\fakhr\AppData\Local\openvr\openvrpaths.vrpath
Unable to read VR Path Registry from C:\Users\fakhr\AppData\Local\openvr\openvrpaths.vrpath
1530471495898	addons.repository	DEBUG	No addons.json found.
Unable to read VR Path Registry from C:\Users\fakhr\AppData\Local\openvr\openvrpaths.vrpath
Unable to read VR Path Registry from C:\Users\fakhr\AppData\Local\openvr\openvrpaths.vrpath
Unable to read VR Path Registry from C:\Users\fakhr\AppData\Local\openvr\openvrpaths.vrpath
1530471496924	addons.xpi	DEBUG	Ignoring file entry whose name is not a valid add-on ID: C:\Users\fakhr\AppData\Local\Temp\anonymous216228785643820659webdriver-profile\extensions\webdriver-staging
1530471496925	addons.xpi	DEBUG	Existing add-on activity-stream@mozilla.org in app-system-defaults
1530471496925	addons.xpi	DEBUG	Existing add-on aushelper@mozilla.org in app-system-defaults
1530471496926	addons.xpi	DEBUG	Existing add-on firefox@getpocket.com in app-system-defaults
1530471496926	addons.xpi	DEBUG	Existing add-on followonsearch@mozilla.com in app-system-defaults
1530471496926	addons.xpi	DEBUG	Existing add-on formautofill@mozilla.org in app-system-defaults
1530471496926	addons.xpi	DEBUG	Existing add-on onboarding@mozilla.org in app-system-defaults
1530471496927	addons.xpi	DEBUG	Existing add-on screenshots@mozilla.org in app-system-defaults
1530471496927	addons.xpi	DEBUG	Existing add-on webcompat-reporter@mozilla.org in app-system-defaults
1530471496927	addons.xpi	DEBUG	Existing add-on webcompat@mozilla.org in app-system-defaults
1530471496928	addons.xpi	DEBUG	Existing add-on {4ED1F68A-5463-4931-9384-8FFF5ED91D92} in winreg-app-global
1530471496928	addons.xpi	DEBUG	getInstallState changed: false, state: {}
JavaScript error: resource://gre/modules/addons/XPIProvider.jsm, line 2189: TypeError: addon is null
1530471517378	addons.productaddons	INFO	sending request to: https://aus5.mozilla.org/update/3/GMP/61.0/20180621125625/WINNT_x86_64-msvc-x64/en-US/release/Windows_NT%2010.0.0.0.17134.137%20(x64)/default/default/update.xml
1530471518348	addons.productaddons	INFO	Completed downloading document
1530471520728	addons.productaddons	INFO	downloadXHR File download. status=200
1530471520735	addons.productaddons	INFO	Downloaded file will be saved to C:\Users\fakhr\AppData\Local\Temp\tmpaddon
1530471525048	addons.productaddons	INFO	downloadXHR File download. status=200
1530471525054	addons.productaddons	INFO	Downloaded file will be saved to C:\Users\fakhr\AppData\Local\Temp\tmpaddon-cf94e9

	at org.openqa.selenium.firefox.internal.NewProfileExtensionConnection.start(NewProfileExtensionConnection.java:112)
	... 33 more
</pre></div></td>
<td>0</td>
<td>testNGSession.TestCaseOne@cc285f4</td></tr>
<tr>
<td title='testNGSession.TestCaseOne.beforeMethod()'><b>beforeMethod</b><br>Test class: testNGSession.TestCaseOne</td>
<td><div><pre>org.openqa.selenium.WebDriverException: Failed to connect to binary FirefoxBinary(C:\Program Files\Mozilla Firefox\firefox.exe) on port 7055; process output follows: 
71541082	addons.xpi	DEBUG	Calling bootstrap method startup on screenshots@mozilla.org version 32.1.0
1530471541082	addons.xpi	DEBUG	Registering manifest for C:\Program Files\Mozilla Firefox\browser\features\webcompat-reporter@mozilla.org.xpi
1530471541082	addons.xpi	DEBUG	Calling bootstrap method startup on webcompat-reporter@mozilla.org version 1.0.0
1530471541083	addons.xpi	DEBUG	Registering manifest for C:\Program Files\Mozilla Firefox\browser\features\webcompat@mozilla.org.xpi
1530471541084	addons.xpi	DEBUG	Calling bootstrap method startup on webcompat@mozilla.org version 2.0
1530471541085	addons.manager	DEBUG	Registering shutdown blocker for XPIProvider
1530471541086	addons.manager	DEBUG	Provider finished startup: XPIProvider
1530471541086	addons.manager	DEBUG	Starting provider: LightweightThemeManager
1530471541086	addons.manager	DEBUG	Registering shutdown blocker for LightweightThemeManager
1530471541086	addons.manager	DEBUG	Provider finished startup: LightweightThemeManager
1530471541086	addons.manager	DEBUG	Starting provider: GMPProvider
1530471541088	addons.manager	DEBUG	Registering shutdown blocker for GMPProvider
1530471541088	addons.manager	DEBUG	Provider finished startup: GMPProvider
1530471541088	addons.manager	DEBUG	Starting provider: PluginProvider
1530471541088	addons.manager	DEBUG	Registering shutdown blocker for PluginProvider
1530471541089	addons.manager	DEBUG	Provider finished startup: PluginProvider
1530471541090	addons.manager	DEBUG	Completed startup sequence
Unable to read VR Path Registry from C:\Users\fakhr\AppData\Local\openvr\openvrpaths.vrpath
Unable to read VR Path Registry from C:\Users\fakhr\AppData\Local\openvr\openvrpaths.vrpath
1530471541456	addons.repository	DEBUG	No addons.json found.
Unable to read VR Path Registry from C:\Users\fakhr\AppData\Local\openvr\openvrpaths.vrpath
Unable to read VR Path Registry from C:\Users\fakhr\AppData\Local\openvr\openvrpaths.vrpath
Unable to read VR Path Registry from C:\Users\fakhr\AppData\Local\openvr\openvrpaths.vrpath
1530471541992	addons.xpi	DEBUG	Ignoring file entry whose name is not a valid add-on ID: C:\Users\fakhr\AppData\Local\Temp\anonymous4161595067903433036webdriver-profile\extensions\webdriver-staging
1530471541992	addons.xpi	DEBUG	Existing add-on activity-stream@mozilla.org in app-system-defaults
1530471541993	addons.xpi	DEBUG	Existing add-on aushelper@mozilla.org in app-system-defaults
1530471541993	addons.xpi	DEBUG	Existing add-on firefox@getpocket.com in app-system-defaults
1530471541993	addons.xpi	DEBUG	Existing add-on followonsearch@mozilla.com in app-system-defaults
1530471541993	addons.xpi	DEBUG	Existing add-on formautofill@mozilla.org in app-system-defaults
1530471541994	addons.xpi	DEBUG	Existing add-on onboarding@mozilla.org in app-system-defaults
1530471541994	addons.xpi	DEBUG	Existing add-on screenshots@mozilla.org in app-system-defaults
1530471541994	addons.xpi	DEBUG	Existing add-on webcompat-reporter@mozilla.org in app-system-defaults
1530471541994	addons.xpi	DEBUG	Existing add-on webcompat@mozilla.org in app-system-defaults
1530471541995	addons.xpi	DEBUG	Existing add-on {4ED1F68A-5463-4931-9384-8FFF5ED91D92} in winreg-app-global
1530471541995	addons.xpi	DEBUG	getInstallState changed: false, state: {}
JavaScript error: resource://gre/modules/addons/XPIProvider.jsm, line 2189: TypeError: addon is null
1530471562095	addons.productaddons	INFO	sending request to: https://aus5.mozilla.org/update/3/GMP/61.0/20180621125625/WINNT_x86_64-msvc-x64/en-US/release/Windows_NT%2010.0.0.0.17134.137%20(x64)/default/default/update.xml
1530471562788	addons.productaddons	INFO	Completed downloading document
1530471566710	addons.productaddons	INFO	downloadXHR File download. status=200
1530471566719	addons.productaddons	INFO	Downloaded file will be saved to C:\Users\fakhr\AppData\Local\Temp\tmpaddon-3adfa9
1530471569227	addons.productaddons	INFO	downloadXHR File download. status=200
1530471569230	addons.productaddons	INFO	Downloaded file will be saved to C:\Users\fakhr\AppData\Local\Temp\tmpaddon-16ce0c

Build info: version: &apos;2.53.0&apos;, revision: &apos;35ae25b&apos;, time: &apos;2016-03-15 16:57:40&apos;
System info: host: &apos;LAPTOP-JEI8AS0O&apos;, ip: &apos;10.155.31.138&apos;, os.name: &apos;Windows 10&apos;, os.arch: &apos;amd64&apos;, os.version: &apos;10.0&apos;, java.version: &apos;1.8.0_171&apos;
Driver info: driver.version: FirefoxDriver
	at org.openqa.selenium.firefox.internal.NewProfileExtensionConnection.start(NewProfileExtensionConnection.java:124)
	at org.openqa.selenium.firefox.FirefoxDriver.startClient(FirefoxDriver.java:271)
	at org.openqa.selenium.remote.RemoteWebDriver.&lt;init&gt;(RemoteWebDriver.java:119)
	at org.openqa.selenium.firefox.FirefoxDriver.&lt;init&gt;(FirefoxDriver.java:218)
	at org.openqa.selenium.firefox.FirefoxDriver.&lt;init&gt;(FirefoxDriver.java:211)
	at org.openqa.selenium.firefox.FirefoxDriver.&lt;init&gt;(FirefoxDriver.java:207)
	at org.openqa.selenium.firefox.FirefoxDriver.&lt;init&gt;(FirefoxDriver.java:120)
	at testNGSession.TestCaseOne.beforeMethod(TestCaseOne.java:60)
Caused by: org.openqa.selenium.firefox.NotConnectedException: Unable to connect to host 127.0.0.1 on port 7055 after 45000 ms. Firefox console output:
71541082	addons.xpi	DEBUG	Calling bootstrap method startup on screenshots@mozilla.org version 32.1.0
1530471541082	addons.xpi	DEBUG	Registering manifest for C:\Program Files\Mozilla Firefox\browser\features\webcompat-reporter@mozilla.org.xpi
1530471541082	addons.xpi	DEBUG	Calling bootstrap method startup on webcompat-reporter@mozilla.org version 1.0.0
1530471541083	addons.xpi	DEBUG	Registering manifest for C:\Program Files\Mozilla Firefox\browser\features\webcompat@mozilla.org.xpi
1530471541084	addons.xpi	DEBUG	Calling bootstrap method startup on webcompat@mozilla.org version 2.0
1530471541085	addons.manager	DEBUG	Registering shutdown blocker for XPIProvider
1530471541086	addons.manager	DEBUG	Provider finished startup: XPIProvider
1530471541086	addons.manager	DEBUG	Starting provider: LightweightThemeManager
1530471541086	addons.manager	DEBUG	Registering shutdown blocker for LightweightThemeManager
1530471541086	addons.manager	DEBUG	Provider finished startup: LightweightThemeManager
1530471541086	addons.manager	DEBUG	Starting provider: GMPProvider
1530471541088	addons.manager	DEBUG	Registering shutdown blocker for GMPProvider
1530471541088	addons.manager	DEBUG	Provider finished startup: GMPProvider
1530471541088	addons.manager	DEBUG	Starting provider: PluginProvider
1530471541088	addons.manager	DEBUG	Registering shutdown blocker for PluginProvider
1530471541089	addons.manager	DEBUG	Provider finished startup: PluginProvider
1530471541090	addons.manager	DEBUG	Completed startup sequence
Unable to read VR Path Registry from C:\Users\fakhr\AppData\Local\openvr\openvrpaths.vrpath
Unable to read VR Path Registry from C:\Users\fakhr\AppData\Local\openvr\openvrpaths.vrpath
1530471541456	addons.repository	DEBUG	No addons.json found.
Unable to read VR Path Registry from C:\Users\fakhr\AppData\Local\openvr\openvrpaths.vrpath
Unable to read VR Path Registry from C:\Users\fakhr\AppData\Local\openvr\openvrpaths.vrpath
Unable to read VR Path Registry from C:\Users\fakhr\AppData\Local\openvr\openvrpaths.vrpath
1530471541992	addons.xpi	DEBUG	Ignoring file entry whose name is not a valid add-on ID: C:\Users\fakhr\AppData\Local\Temp\anonymous4161595067903433036webdriver-profile\extensions\webdriver-staging
1530471541992	addons.xpi	DEBUG	Existing add-on activity-stream@mozilla.org in app-system-defaults
1530471541993	addons.xpi	DEBUG	Existing add-on aushelper@mozilla.org in app-system-defaults
1530471541993	addons.xpi	DEBUG	Existing add-on firefox@getpocket.com in app-system-defaults
1530471541993	addons.xpi	DEBUG	Existing add-on followonsearch@mozilla.com in app-system-defaults
1530471541993	addons.xpi	DEBUG	Existing add-on formautofill@mozilla.org in app-system-defaults
1530471541994	addons.xpi	DEBUG	Existing add-on onboarding@mozilla.org in app-system-defaults
1530471541994	addons.xpi	DEBUG	Existing add-on screenshots@mozilla.org in app-system-defaults
1530471541994	addons.xpi	DEBUG	Existing add-on webcompat-reporter@mozilla.org in app-system-defaults
1530471541994	addons.xpi	DEBUG	Existing add-on webcompat@mozilla.org in app-system-defaults
1530471541995	addons.xpi	DEBUG	Existing add-on {4ED1F68A-5463-4931-9384-8FFF5ED91D92} in winreg-app-global
1530471541995	addons.xpi	DEBUG	getInstallState changed: false, state: {}
JavaScript error: resource://gre/modules/addons/XPIProvider.jsm, line 2189: TypeError: addon is null
1530471562095	addons.productaddons	INFO	sending request to: https://aus5.mozilla.org/update/3/GMP/61.0/20180621125625/WINNT_x86_64-msvc-x64/en-US/release/Windows_NT%2010.0.0.0.17134.137%20(x64)/default/default/update.xml
1530471562788	addons.productaddons	INFO	Completed downloading document
1530471566710	addons.productaddons	INFO	downloadXHR File download. status=200
1530471566719	addons.productaddons	INFO	Downloaded file will be saved to C:\Users\fakhr\AppData\Local\Temp\tmpaddon-3adfa9
1530471569227	addons.productaddons	INFO	downloadXHR File download. status=200
1530471569230	addons.productaddons	INFO	Downloaded file will be saved to C:\Users\fakhr\AppData\Local\Temp\tmpaddon-16ce0c

	at org.openqa.selenium.firefox.internal.NewProfileExtensionConnection.start(NewProfileExtensionConnection.java:112)
	... 33 more
... Removed 26 stack frames</pre></div><a href='#' onClick='toggleBox("stack-trace1687662712", this, "Click to show all stack frames", "Click to hide stack frames")'>Click to show all stack frames</a>
<div class='stack-trace' id='stack-trace1687662712'><pre>org.openqa.selenium.WebDriverException: Failed to connect to binary FirefoxBinary(C:\Program Files\Mozilla Firefox\firefox.exe) on port 7055; process output follows: 
71541082	addons.xpi	DEBUG	Calling bootstrap method startup on screenshots@mozilla.org version 32.1.0
1530471541082	addons.xpi	DEBUG	Registering manifest for C:\Program Files\Mozilla Firefox\browser\features\webcompat-reporter@mozilla.org.xpi
1530471541082	addons.xpi	DEBUG	Calling bootstrap method startup on webcompat-reporter@mozilla.org version 1.0.0
1530471541083	addons.xpi	DEBUG	Registering manifest for C:\Program Files\Mozilla Firefox\browser\features\webcompat@mozilla.org.xpi
1530471541084	addons.xpi	DEBUG	Calling bootstrap method startup on webcompat@mozilla.org version 2.0
1530471541085	addons.manager	DEBUG	Registering shutdown blocker for XPIProvider
1530471541086	addons.manager	DEBUG	Provider finished startup: XPIProvider
1530471541086	addons.manager	DEBUG	Starting provider: LightweightThemeManager
1530471541086	addons.manager	DEBUG	Registering shutdown blocker for LightweightThemeManager
1530471541086	addons.manager	DEBUG	Provider finished startup: LightweightThemeManager
1530471541086	addons.manager	DEBUG	Starting provider: GMPProvider
1530471541088	addons.manager	DEBUG	Registering shutdown blocker for GMPProvider
1530471541088	addons.manager	DEBUG	Provider finished startup: GMPProvider
1530471541088	addons.manager	DEBUG	Starting provider: PluginProvider
1530471541088	addons.manager	DEBUG	Registering shutdown blocker for PluginProvider
1530471541089	addons.manager	DEBUG	Provider finished startup: PluginProvider
1530471541090	addons.manager	DEBUG	Completed startup sequence
Unable to read VR Path Registry from C:\Users\fakhr\AppData\Local\openvr\openvrpaths.vrpath
Unable to read VR Path Registry from C:\Users\fakhr\AppData\Local\openvr\openvrpaths.vrpath
1530471541456	addons.repository	DEBUG	No addons.json found.
Unable to read VR Path Registry from C:\Users\fakhr\AppData\Local\openvr\openvrpaths.vrpath
Unable to read VR Path Registry from C:\Users\fakhr\AppData\Local\openvr\openvrpaths.vrpath
Unable to read VR Path Registry from C:\Users\fakhr\AppData\Local\openvr\openvrpaths.vrpath
1530471541992	addons.xpi	DEBUG	Ignoring file entry whose name is not a valid add-on ID: C:\Users\fakhr\AppData\Local\Temp\anonymous4161595067903433036webdriver-profile\extensions\webdriver-staging
1530471541992	addons.xpi	DEBUG	Existing add-on activity-stream@mozilla.org in app-system-defaults
1530471541993	addons.xpi	DEBUG	Existing add-on aushelper@mozilla.org in app-system-defaults
1530471541993	addons.xpi	DEBUG	Existing add-on firefox@getpocket.com in app-system-defaults
1530471541993	addons.xpi	DEBUG	Existing add-on followonsearch@mozilla.com in app-system-defaults
1530471541993	addons.xpi	DEBUG	Existing add-on formautofill@mozilla.org in app-system-defaults
1530471541994	addons.xpi	DEBUG	Existing add-on onboarding@mozilla.org in app-system-defaults
1530471541994	addons.xpi	DEBUG	Existing add-on screenshots@mozilla.org in app-system-defaults
1530471541994	addons.xpi	DEBUG	Existing add-on webcompat-reporter@mozilla.org in app-system-defaults
1530471541994	addons.xpi	DEBUG	Existing add-on webcompat@mozilla.org in app-system-defaults
1530471541995	addons.xpi	DEBUG	Existing add-on {4ED1F68A-5463-4931-9384-8FFF5ED91D92} in winreg-app-global
1530471541995	addons.xpi	DEBUG	getInstallState changed: false, state: {}
JavaScript error: resource://gre/modules/addons/XPIProvider.jsm, line 2189: TypeError: addon is null
1530471562095	addons.productaddons	INFO	sending request to: https://aus5.mozilla.org/update/3/GMP/61.0/20180621125625/WINNT_x86_64-msvc-x64/en-US/release/Windows_NT%2010.0.0.0.17134.137%20(x64)/default/default/update.xml
1530471562788	addons.productaddons	INFO	Completed downloading document
1530471566710	addons.productaddons	INFO	downloadXHR File download. status=200
1530471566719	addons.productaddons	INFO	Downloaded file will be saved to C:\Users\fakhr\AppData\Local\Temp\tmpaddon-3adfa9
1530471569227	addons.productaddons	INFO	downloadXHR File download. status=200
1530471569230	addons.productaddons	INFO	Downloaded file will be saved to C:\Users\fakhr\AppData\Local\Temp\tmpaddon-16ce0c

Build info: version: &apos;2.53.0&apos;, revision: &apos;35ae25b&apos;, time: &apos;2016-03-15 16:57:40&apos;
System info: host: &apos;LAPTOP-JEI8AS0O&apos;, ip: &apos;10.155.31.138&apos;, os.name: &apos;Windows 10&apos;, os.arch: &apos;amd64&apos;, os.version: &apos;10.0&apos;, java.version: &apos;1.8.0_171&apos;
Driver info: driver.version: FirefoxDriver
	at org.openqa.selenium.firefox.internal.NewProfileExtensionConnection.start(NewProfileExtensionConnection.java:124)
	at org.openqa.selenium.firefox.FirefoxDriver.startClient(FirefoxDriver.java:271)
	at org.openqa.selenium.remote.RemoteWebDriver.&lt;init&gt;(RemoteWebDriver.java:119)
	at org.openqa.selenium.firefox.FirefoxDriver.&lt;init&gt;(FirefoxDriver.java:218)
	at org.openqa.selenium.firefox.FirefoxDriver.&lt;init&gt;(FirefoxDriver.java:211)
	at org.openqa.selenium.firefox.FirefoxDriver.&lt;init&gt;(FirefoxDriver.java:207)
	at org.openqa.selenium.firefox.FirefoxDriver.&lt;init&gt;(FirefoxDriver.java:120)
	at testNGSession.TestCaseOne.beforeMethod(TestCaseOne.java:60)
	at sun.reflect.NativeMethodAccessorImpl.invoke0(Native Method)
	at sun.reflect.NativeMethodAccessorImpl.invoke(NativeMethodAccessorImpl.java:62)
	at sun.reflect.DelegatingMethodAccessorImpl.invoke(DelegatingMethodAccessorImpl.java:43)
	at java.lang.reflect.Method.invoke(Method.java:498)
	at org.testng.internal.MethodInvocationHelper.invokeMethod(MethodInvocationHelper.java:85)
	at org.testng.internal.Invoker.invokeConfigurationMethod(Invoker.java:510)
	at org.testng.internal.Invoker.invokeConfigurations(Invoker.java:211)
	at org.testng.internal.Invoker.invokeMethod(Invoker.java:585)
	at org.testng.internal.Invoker.invokeTestMethod(Invoker.java:816)
	at org.testng.internal.Invoker.invokeTestMethods(Invoker.java:1124)
	at org.testng.internal.TestMethodWorker.invokeTestMethods(TestMethodWorker.java:125)
	at org.testng.internal.TestMethodWorker.run(TestMethodWorker.java:108)
	at org.testng.TestRunner.privateRun(TestRunner.java:774)
	at org.testng.TestRunner.run(TestRunner.java:624)
	at org.testng.SuiteRunner.runTest(SuiteRunner.java:359)
	at org.testng.SuiteRunner.runSequentially(SuiteRunner.java:354)
	at org.testng.SuiteRunner.privateRun(SuiteRunner.java:312)
	at org.testng.SuiteRunner.run(SuiteRunner.java:261)
	at org.testng.SuiteRunnerWorker.runSuite(SuiteRunnerWorker.java:52)
	at org.testng.SuiteRunnerWorker.run(SuiteRunnerWorker.java:86)
	at org.testng.TestNG.runSuitesSequentially(TestNG.java:1215)
	at org.testng.TestNG.runSuitesLocally(TestNG.java:1140)
	at org.testng.TestNG.run(TestNG.java:1048)
	at org.testng.remote.AbstractRemoteTestNG.run(AbstractRemoteTestNG.java:114)
	at org.testng.remote.RemoteTestNG.initAndRun(RemoteTestNG.java:251)
	at org.testng.remote.RemoteTestNG.main(RemoteTestNG.java:77)
Caused by: org.openqa.selenium.firefox.NotConnectedException: Unable to connect to host 127.0.0.1 on port 7055 after 45000 ms. Firefox console output:
71541082	addons.xpi	DEBUG	Calling bootstrap method startup on screenshots@mozilla.org version 32.1.0
1530471541082	addons.xpi	DEBUG	Registering manifest for C:\Program Files\Mozilla Firefox\browser\features\webcompat-reporter@mozilla.org.xpi
1530471541082	addons.xpi	DEBUG	Calling bootstrap method startup on webcompat-reporter@mozilla.org version 1.0.0
1530471541083	addons.xpi	DEBUG	Registering manifest for C:\Program Files\Mozilla Firefox\browser\features\webcompat@mozilla.org.xpi
1530471541084	addons.xpi	DEBUG	Calling bootstrap method startup on webcompat@mozilla.org version 2.0
1530471541085	addons.manager	DEBUG	Registering shutdown blocker for XPIProvider
1530471541086	addons.manager	DEBUG	Provider finished startup: XPIProvider
1530471541086	addons.manager	DEBUG	Starting provider: LightweightThemeManager
1530471541086	addons.manager	DEBUG	Registering shutdown blocker for LightweightThemeManager
1530471541086	addons.manager	DEBUG	Provider finished startup: LightweightThemeManager
1530471541086	addons.manager	DEBUG	Starting provider: GMPProvider
1530471541088	addons.manager	DEBUG	Registering shutdown blocker for GMPProvider
1530471541088	addons.manager	DEBUG	Provider finished startup: GMPProvider
1530471541088	addons.manager	DEBUG	Starting provider: PluginProvider
1530471541088	addons.manager	DEBUG	Registering shutdown blocker for PluginProvider
1530471541089	addons.manager	DEBUG	Provider finished startup: PluginProvider
1530471541090	addons.manager	DEBUG	Completed startup sequence
Unable to read VR Path Registry from C:\Users\fakhr\AppData\Local\openvr\openvrpaths.vrpath
Unable to read VR Path Registry from C:\Users\fakhr\AppData\Local\openvr\openvrpaths.vrpath
1530471541456	addons.repository	DEBUG	No addons.json found.
Unable to read VR Path Registry from C:\Users\fakhr\AppData\Local\openvr\openvrpaths.vrpath
Unable to read VR Path Registry from C:\Users\fakhr\AppData\Local\openvr\openvrpaths.vrpath
Unable to read VR Path Registry from C:\Users\fakhr\AppData\Local\openvr\openvrpaths.vrpath
1530471541992	addons.xpi	DEBUG	Ignoring file entry whose name is not a valid add-on ID: C:\Users\fakhr\AppData\Local\Temp\anonymous4161595067903433036webdriver-profile\extensions\webdriver-staging
1530471541992	addons.xpi	DEBUG	Existing add-on activity-stream@mozilla.org in app-system-defaults
1530471541993	addons.xpi	DEBUG	Existing add-on aushelper@mozilla.org in app-system-defaults
1530471541993	addons.xpi	DEBUG	Existing add-on firefox@getpocket.com in app-system-defaults
1530471541993	addons.xpi	DEBUG	Existing add-on followonsearch@mozilla.com in app-system-defaults
1530471541993	addons.xpi	DEBUG	Existing add-on formautofill@mozilla.org in app-system-defaults
1530471541994	addons.xpi	DEBUG	Existing add-on onboarding@mozilla.org in app-system-defaults
1530471541994	addons.xpi	DEBUG	Existing add-on screenshots@mozilla.org in app-system-defaults
1530471541994	addons.xpi	DEBUG	Existing add-on webcompat-reporter@mozilla.org in app-system-defaults
1530471541994	addons.xpi	DEBUG	Existing add-on webcompat@mozilla.org in app-system-defaults
1530471541995	addons.xpi	DEBUG	Existing add-on {4ED1F68A-5463-4931-9384-8FFF5ED91D92} in winreg-app-global
1530471541995	addons.xpi	DEBUG	getInstallState changed: false, state: {}
JavaScript error: resource://gre/modules/addons/XPIProvider.jsm, line 2189: TypeError: addon is null
1530471562095	addons.productaddons	INFO	sending request to: https://aus5.mozilla.org/update/3/GMP/61.0/20180621125625/WINNT_x86_64-msvc-x64/en-US/release/Windows_NT%2010.0.0.0.17134.137%20(x64)/default/default/update.xml
1530471562788	addons.productaddons	INFO	Completed downloading document
1530471566710	addons.productaddons	INFO	downloadXHR File download. status=200
1530471566719	addons.productaddons	INFO	Downloaded file will be saved to C:\Users\fakhr\AppData\Local\Temp\tmpaddon-3adfa9
1530471569227	addons.productaddons	INFO	downloadXHR File download. status=200
1530471569230	addons.productaddons	INFO	Downloaded file will be saved to C:\Users\fakhr\AppData\Local\Temp\tmpaddon-16ce0c

	at org.openqa.selenium.firefox.internal.NewProfileExtensionConnection.start(NewProfileExtensionConnection.java:112)
	... 33 more
</pre></div></td>
<td>0</td>
<td>testNGSession.TestCaseOne@cc285f4</td></tr>
<tr>
<td title='testNGSession.TestCaseOne.afterMethod()'><b>afterMethod</b><br>Test class: testNGSession.TestCaseOne</td>
<td><div><pre>java.lang.NullPointerException
	at testNGSession.TestCaseOne.afterMethod(TestCaseOne.java:67)
... Removed 26 stack frames</pre></div><a href='#' onClick='toggleBox("stack-trace142247393", this, "Click to show all stack frames", "Click to hide stack frames")'>Click to show all stack frames</a>
<div class='stack-trace' id='stack-trace142247393'><pre>java.lang.NullPointerException
	at testNGSession.TestCaseOne.afterMethod(TestCaseOne.java:67)
	at sun.reflect.NativeMethodAccessorImpl.invoke0(Native Method)
	at sun.reflect.NativeMethodAccessorImpl.invoke(NativeMethodAccessorImpl.java:62)
	at sun.reflect.DelegatingMethodAccessorImpl.invoke(DelegatingMethodAccessorImpl.java:43)
	at java.lang.reflect.Method.invoke(Method.java:498)
	at org.testng.internal.MethodInvocationHelper.invokeMethod(MethodInvocationHelper.java:85)
	at org.testng.internal.Invoker.invokeConfigurationMethod(Invoker.java:510)
	at org.testng.internal.Invoker.invokeConfigurations(Invoker.java:211)
	at org.testng.internal.Invoker.invokeMethod(Invoker.java:703)
	at org.testng.internal.Invoker.invokeTestMethod(Invoker.java:816)
	at org.testng.internal.Invoker.invokeTestMethods(Invoker.java:1124)
	at org.testng.internal.TestMethodWorker.invokeTestMethods(TestMethodWorker.java:125)
	at org.testng.internal.TestMethodWorker.run(TestMethodWorker.java:108)
	at org.testng.TestRunner.privateRun(TestRunner.java:774)
	at org.testng.TestRunner.run(TestRunner.java:624)
	at org.testng.SuiteRunner.runTest(SuiteRunner.java:359)
	at org.testng.SuiteRunner.runSequentially(SuiteRunner.java:354)
	at org.testng.SuiteRunner.privateRun(SuiteRunner.java:312)
	at org.testng.SuiteRunner.run(SuiteRunner.java:261)
	at org.testng.SuiteRunnerWorker.runSuite(SuiteRunnerWorker.java:52)
	at org.testng.SuiteRunnerWorker.run(SuiteRunnerWorker.java:86)
	at org.testng.TestNG.runSuitesSequentially(TestNG.java:1215)
	at org.testng.TestNG.runSuitesLocally(TestNG.java:1140)
	at org.testng.TestNG.run(TestNG.java:1048)
	at org.testng.remote.AbstractRemoteTestNG.run(AbstractRemoteTestNG.java:114)
	at org.testng.remote.RemoteTestNG.initAndRun(RemoteTestNG.java:251)
	at org.testng.remote.RemoteTestNG.main(RemoteTestNG.java:77)
</pre></div></td>
<td>0</td>
<td>testNGSession.TestCaseOne@cc285f4</td></tr>
<tr>
<td title='testNGSession.TestCaseOne.afterMethod()'><b>afterMethod</b><br>Test class: testNGSession.TestCaseOne</td>
<td><div><pre>java.lang.NullPointerException
	at testNGSession.TestCaseOne.afterMethod(TestCaseOne.java:67)
... Removed 26 stack frames</pre></div><a href='#' onClick='toggleBox("stack-trace1190820921", this, "Click to show all stack frames", "Click to hide stack frames")'>Click to show all stack frames</a>
<div class='stack-trace' id='stack-trace1190820921'><pre>java.lang.NullPointerException
	at testNGSession.TestCaseOne.afterMethod(TestCaseOne.java:67)
	at sun.reflect.NativeMethodAccessorImpl.invoke0(Native Method)
	at sun.reflect.NativeMethodAccessorImpl.invoke(NativeMethodAccessorImpl.java:62)
	at sun.reflect.DelegatingMethodAccessorImpl.invoke(DelegatingMethodAccessorImpl.java:43)
	at java.lang.reflect.Method.invoke(Method.java:498)
	at org.testng.internal.MethodInvocationHelper.invokeMethod(MethodInvocationHelper.java:85)
	at org.testng.internal.Invoker.invokeConfigurationMethod(Invoker.java:510)
	at org.testng.internal.Invoker.invokeConfigurations(Invoker.java:211)
	at org.testng.internal.Invoker.invokeMethod(Invoker.java:703)
	at org.testng.internal.Invoker.invokeTestMethod(Invoker.java:816)
	at org.testng.internal.Invoker.invokeTestMethods(Invoker.java:1124)
	at org.testng.internal.TestMethodWorker.invokeTestMethods(TestMethodWorker.java:125)
	at org.testng.internal.TestMethodWorker.run(TestMethodWorker.java:108)
	at org.testng.TestRunner.privateRun(TestRunner.java:774)
	at org.testng.TestRunner.run(TestRunner.java:624)
	at org.testng.SuiteRunner.runTest(SuiteRunner.java:359)
	at org.testng.SuiteRunner.runSequentially(SuiteRunner.java:354)
	at org.testng.SuiteRunner.privateRun(SuiteRunner.java:312)
	at org.testng.SuiteRunner.run(SuiteRunner.java:261)
	at org.testng.SuiteRunnerWorker.runSuite(SuiteRunnerWorker.java:52)
	at org.testng.SuiteRunnerWorker.run(SuiteRunnerWorker.java:86)
	at org.testng.TestNG.runSuitesSequentially(TestNG.java:1215)
	at org.testng.TestNG.runSuitesLocally(TestNG.java:1140)
	at org.testng.TestNG.run(TestNG.java:1048)
	at org.testng.remote.AbstractRemoteTestNG.run(AbstractRemoteTestNG.java:114)
	at org.testng.remote.RemoteTestNG.initAndRun(RemoteTestNG.java:251)
	at org.testng.remote.RemoteTestNG.main(RemoteTestNG.java:77)
</pre></div></td>
<td>0</td>
<td>testNGSession.TestCaseOne@cc285f4</td></tr>
<tr>
<td title='testNGSession.TestCaseTwo.afterClass()'><b>afterClass</b><br>Test class: testNGSession.TestCaseTwo</td>
<td><div><pre>java.lang.NullPointerException
	at testNGSession.TestCaseTwo.afterClass(TestCaseTwo.java:69)
... Removed 24 stack frames</pre></div><a href='#' onClick='toggleBox("stack-trace1380806038", this, "Click to show all stack frames", "Click to hide stack frames")'>Click to show all stack frames</a>
<div class='stack-trace' id='stack-trace1380806038'><pre>java.lang.NullPointerException
	at testNGSession.TestCaseTwo.afterClass(TestCaseTwo.java:69)
	at sun.reflect.NativeMethodAccessorImpl.invoke0(Native Method)
	at sun.reflect.NativeMethodAccessorImpl.invoke(NativeMethodAccessorImpl.java:62)
	at sun.reflect.DelegatingMethodAccessorImpl.invoke(DelegatingMethodAccessorImpl.java:43)
	at java.lang.reflect.Method.invoke(Method.java:498)
	at org.testng.internal.MethodInvocationHelper.invokeMethod(MethodInvocationHelper.java:85)
	at org.testng.internal.Invoker.invokeConfigurationMethod(Invoker.java:510)
	at org.testng.internal.Invoker.invokeConfigurations(Invoker.java:211)
	at org.testng.internal.Invoker.invokeConfigurations(Invoker.java:138)
	at org.testng.internal.TestMethodWorker.invokeAfterClassMethods(TestMethodWorker.java:220)
	at org.testng.internal.TestMethodWorker.run(TestMethodWorker.java:111)
	at org.testng.TestRunner.privateRun(TestRunner.java:774)
	at org.testng.TestRunner.run(TestRunner.java:624)
	at org.testng.SuiteRunner.runTest(SuiteRunner.java:359)
	at org.testng.SuiteRunner.runSequentially(SuiteRunner.java:354)
	at org.testng.SuiteRunner.privateRun(SuiteRunner.java:312)
	at org.testng.SuiteRunner.run(SuiteRunner.java:261)
	at org.testng.SuiteRunnerWorker.runSuite(SuiteRunnerWorker.java:52)
	at org.testng.SuiteRunnerWorker.run(SuiteRunnerWorker.java:86)
	at org.testng.TestNG.runSuitesSequentially(TestNG.java:1215)
	at org.testng.TestNG.runSuitesLocally(TestNG.java:1140)
	at org.testng.TestNG.run(TestNG.java:1048)
	at org.testng.remote.AbstractRemoteTestNG.run(AbstractRemoteTestNG.java:114)
	at org.testng.remote.RemoteTestNG.initAndRun(RemoteTestNG.java:251)
	at org.testng.remote.RemoteTestNG.main(RemoteTestNG.java:77)
</pre></div></td>
<td>0</td>
<td>testNGSession.TestCaseTwo@55f3ddb1</td></tr>
</table><p>
<table width='100%' border='1' class='invocation-skipped'>
<tr><td colspan='4' align='center'><b>SKIPPED TESTS</b></td></tr>
<tr><td><b>Test method</b></td>
<td width="30%"><b>Exception</b></td>
<td width="10%"><b>Time (seconds)</b></td>
<td><b>Instance</b></td>
</tr>
<tr>
<td title='testNGSession.TestCaseOne.div()'><b>div</b><br>Test class: testNGSession.TestCaseOne<br>Test method: This is div</td>
<td></td>
<td>0</td>
<td>testNGSession.TestCaseOne@cc285f4</td></tr>
<tr>
<td title='testNGSession.TestCaseOne.getpasswordreset()'><b>getpasswordreset</b><br>Test class: testNGSession.TestCaseOne<br>Test method: This is Test 1</td>
<td></td>
<td>0</td>
<td>testNGSession.TestCaseOne@cc285f4</td></tr>
<tr>
<td title='testNGSession.TestCaseTwo.getpasswordreset_2()'><b>getpasswordreset_2</b><br>Test class: testNGSession.TestCaseTwo<br>Test method: 2 This is Test 1</td>
<td></td>
<td>0</td>
<td>testNGSession.TestCaseTwo@55f3ddb1</td></tr>
</table><p>
</body>
</html>